#
# A fatal error has been detected by the Java Runtime Environment:
#
#  SIGSEGV (0xb) at pc=0x00000001079deba0, pid=735, tid=0x0000000000004903
#
# JRE version: Java(TM) SE Runtime Environment (8.0_101-b13) (build 1.8.0_101-b13)
# Java VM: Java HotSpot(TM) 64-Bit Server VM (25.101-b13 mixed mode bsd-amd64 compressed oops)
# Problematic frame:
# V  [libjvm.dylib+0x3deba0]
#
# Failed to write core dump. Core dumps have been disabled. To enable core dumping, try "ulimit -c unlimited" before starting Java again
#
# If you would like to submit a bug report, please visit:
#   http://bugreport.java.com/bugreport/crash.jsp
#

---------------  T H R E A D  ---------------

Current thread (0x00007fa72c016800):  JavaThread "C2 CompilerThread1" daemon [_thread_in_native, id=18691, stack(0x000000011c43d000,0x000000011c53d000)]

siginfo: si_signo: 11 (SIGSEGV), si_code: 0 (unknown), si_addr: 0x0000000000000000

Registers:
RAX=0x000000000000000c, RBX=0x000000011c535e80, RCX=0x00007fa72f9e1570, RDX=0x0000000000000000
RSP=0x000000011c535a80, RBP=0x000000011c535ad0, RSI=0x00007fa72be03d60, RDI=0x000000011c535e80
R8 =0x0000000000000000, R9 =0x000000011c535900, R10=0x0000000000562843, R11=0x0000000000001000
R12=0x80007fa72eeaad28, R13=0x0000000000000002, R14=0x00007fa72f9e1540, R15=0x000000000000000c
RIP=0x00000001079deba0, EFLAGS=0x0000000000010286, ERR=0x0000000000000000
  TRAPNO=0x000000000000000d

Top of Stack: (sp=0x000000011c535a80)
0x000000011c535a80:   000000011c535d80 000000011c535ea0
0x000000011c535a90:   000000011c535da0 000000011c535d60
0x000000011c535aa0:   000000192f53fe10 000000011c535e80
0x000000011c535ab0:   00007fa72bc28840 0000000000000000
0x000000011c535ac0:   000000011c535da0 0000000000000002
0x000000011c535ad0:   000000011c535e10 00000001079e1261
0x000000011c535ae0:   00007fa72c27a238 00007fa72ed41140
0x000000011c535af0:   0000000100000000 00007fa72bc28840
0x000000011c535b00:   00000001302918e8 00007fff86f950f0
0x000000011c535b10:   000000011c535b40 0000000007b73d9a
0x000000011c535b20:   0000000000000000 0000000106be8180
0x000000011c535b30:   0000000000000000 0000000000000000
0x000000011c535b40:   000000011c535b50 0000000000000000
0x000000011c535b50:   0000000106be7000 0000000000000000
0x000000011c535b60:   0000000000000000 0000000106be7000
0x000000011c535b70:   000000011c535c50 00007fff86f9a3a2
0x000000011c535b80:   00007fa72c27a238 00007fa730292b40
0x000000011c535b90:   00007fa72c27a238 0000000000020010
0x000000011c535ba0:   000000001c535bc0 0000000107b73ce5
0x000000011c535bb0:   000000011c535be0 0000000107b72f1c
0x000000011c535bc0:   000000011c535bf0 00007fa730292b40
0x000000011c535bd0:   00007fa72c27a238 00007fa72ed41140
0x000000011c535be0:   000000011c535c00 0000000106be7000
0x000000011c535bf0:   00007fa730292b40 00007fa72c27a238
0x000000011c535c00:   000000011c535c30 00007fff82b9a4a9
0x000000011c535c10:   000000000000651d 000000011c535cb4
0x000000011c535c20:   000000011c535cb0 0000000000000000
0x000000011c535c30:   000000011c535cac 0000000107e3318c
0x000000011c535c40:   000000000000721a 0000010082b9a6ea
0x000000011c535c50:   0000000107e33188 0000206000f9c868
0x000000011c535c60:   0000000106c17000 0000000000000000
0x000000011c535c70:   00007fa72cadb600 0000000000000000 

Instructions: (pc=0x00000001079deba0)
0x00000001079deb80:   8d 4b 20 48 89 4d b8 48 8b 55 c8 48 8b 4a 10 ff
0x00000001079deb90:   c8 89 42 18 4c 8b 34 c1 45 31 ff e9 8a 00 00 00
0x00000001079deba0:   49 8b 04 24 4c 89 e7 ff 90 b0 00 00 00 84 c0 74
0x00000001079debb0:   21 49 8b 04 24 4c 89 e7 ff 50 10 84 c0 75 13 49 

Register to memory mapping:

RAX=0x000000000000000c is an unknown value
RBX=0x000000011c535e80 is pointing into the stack for thread: 0x00007fa72c016800
RCX=0x00007fa72f9e1570 is an unknown value
RDX=0x0000000000000000 is an unknown value
RSP=0x000000011c535a80 is pointing into the stack for thread: 0x00007fa72c016800
RBP=0x000000011c535ad0 is pointing into the stack for thread: 0x00007fa72c016800
RSI=0x00007fa72be03d60 is an unknown value
RDI=0x000000011c535e80 is pointing into the stack for thread: 0x00007fa72c016800
R8 =0x0000000000000000 is an unknown value
R9 =0x000000011c535900 is pointing into the stack for thread: 0x00007fa72c016800
R10=0x0000000000562843 is an unknown value
R11=0x0000000000001000 is an unknown value
R12=0x80007fa72eeaad28 is an unknown value
R13=0x0000000000000002 is an unknown value
R14=0x00007fa72f9e1540 is an unknown value
R15=0x000000000000000c is an unknown value


Stack: [0x000000011c43d000,0x000000011c53d000],  sp=0x000000011c535a80,  free space=994k
Native frames: (J=compiled Java code, j=interpreted, Vv=VM code, C=native code)
V  [libjvm.dylib+0x3deba0]
V  [libjvm.dylib+0x3e1261]
V  [libjvm.dylib+0x1afe43]
V  [libjvm.dylib+0x1b2d18]
V  [libjvm.dylib+0x1504ce]
V  [libjvm.dylib+0x1b644c]
V  [libjvm.dylib+0x1b8993]
V  [libjvm.dylib+0x5695ab]
V  [libjvm.dylib+0x56ac98]
V  [libjvm.dylib+0x48933a]
C  [libsystem_pthread.dylib+0x1899]  _pthread_body+0x8a
C  [libsystem_pthread.dylib+0x172a]  _pthread_struct_init+0x0
C  [libsystem_pthread.dylib+0x5fc9]  thread_start+0xd
C  0x0000000000000000


Current CompileTask:
C2:   5610 3063   !   4       com.sun.tools.javac.parser.JavaTokenizer::readToken (2243 bytes)


---------------  P R O C E S S  ---------------

Java Threads: ( => current thread )
  0x00007fa72c83a800 JavaThread "Service Thread" daemon [_thread_blocked, id=19715, stack(0x000000011c643000,0x000000011c743000)]
  0x00007fa72d029000 JavaThread "C1 CompilerThread2" daemon [_thread_blocked, id=19203, stack(0x000000011c540000,0x000000011c640000)]
=>0x00007fa72c016800 JavaThread "C2 CompilerThread1" daemon [_thread_in_native, id=18691, stack(0x000000011c43d000,0x000000011c53d000)]
  0x00007fa72c015800 JavaThread "C2 CompilerThread0" daemon [_thread_in_native, id=18179, stack(0x000000011c33a000,0x000000011c43a000)]
  0x00007fa72d800000 JavaThread "Signal Dispatcher" daemon [_thread_blocked, id=17667, stack(0x000000011c237000,0x000000011c337000)]
  0x00007fa72c047800 JavaThread "Finalizer" daemon [_thread_blocked, id=12547, stack(0x000000011bfe8000,0x000000011c0e8000)]
  0x00007fa72c045000 JavaThread "Reference Handler" daemon [_thread_blocked, id=12035, stack(0x000000011bee5000,0x000000011bfe5000)]
  0x00007fa72d801800 JavaThread "main" [_thread_in_Java, id=6403, stack(0x0000000106ce3000,0x0000000106de3000)]

Other Threads:
  0x00007fa72c040800 VMThread [stack: 0x000000011bde2000,0x000000011bee2000] [id=11523]
  0x00007fa72d064800 WatcherThread [stack: 0x000000011c746000,0x000000011c846000] [id=20227]

VM state:not at safepoint (normal execution)

VM Mutex/Monitor currently owned by a thread: None

Heap:
 PSYoungGen      total 140288K, used 22906K [0x00000007aab00000, 0x00000007bc200000, 0x00000007c0000000)
  eden space 127488K, 17% used [0x00000007aab00000,0x00000007ac15e9f0,0x00000007b2780000)
  from space 12800K, 0% used [0x00000007b2780000,0x00000007b2780000,0x00000007b3400000)
  to   space 15360K, 0% used [0x00000007bb300000,0x00000007bb300000,0x00000007bc200000)
 ParOldGen       total 49152K, used 20657K [0x0000000780000000, 0x0000000783000000, 0x00000007aab00000)
  object space 49152K, 42% used [0x0000000780000000,0x000000078142c6b8,0x0000000783000000)
 Metaspace       used 21955K, capacity 22412K, committed 22704K, reserved 1069056K
  class space    used 2614K, capacity 2740K, committed 2816K, reserved 1048576K

Card table byte_map: [0x000000011799b000,0x0000000117b9c000] byte_map_base: 0x0000000113d9b000

Marking Bits: (ParMarkBitMap*) 0x0000000107eedd20
 Begin Bits: [0x00000001180fe000, 0x00000001190fe000)
 End Bits:   [0x00000001190fe000, 0x000000011a0fe000)

Polling page: 0x0000000106df3000

CodeCache: size=245760Kb used=12043Kb max_used=12043Kb free=233716Kb
 bounds [0x00000001085db000, 0x00000001091ab000, 0x00000001175db000]
 total_blobs=4120 nmethods=3739 adapters=295
 compilation: enabled

Compilation events (10 events):
Event: 5,574 Thread 0x00007fa72d029000 3739       2       com.sun.tools.javac.code.Symbol$MethodSymbol::implementation (11 bytes)
Event: 5,574 Thread 0x00007fa72d029000 nmethod 3739 0x0000000109193b90 code [0x0000000109193d00, 0x0000000109193e88]
Event: 5,574 Thread 0x00007fa72d029000 3742       2       com.sun.tools.javac.code.Symbol::packge (23 bytes)
Event: 5,574 Thread 0x00007fa72d029000 nmethod 3742 0x0000000109193f50 code [0x00000001091940c0, 0x00000001091942b0]
Event: 5,574 Thread 0x00007fa72d029000 3735       1       com.sun.tools.javac.code.Type::isRaw (2 bytes)
Event: 5,574 Thread 0x00007fa72d029000 nmethod 3735 0x00000001091943d0 code [0x0000000109194520, 0x0000000109194630]
Event: 5,574 Thread 0x00007fa72d029000 3740       1       com.sun.tools.javac.code.Type::isNumeric (2 bytes)
Event: 5,574 Thread 0x00007fa72d029000 nmethod 3740 0x0000000109194690 code [0x00000001091947e0, 0x00000001091948f0]
Event: 5,575 Thread 0x00007fa72d029000 3743       2       com.sun.tools.javac.code.Symbol$VarSymbol::getKind (86 bytes)
Event: 5,575 Thread 0x00007fa72d029000 nmethod 3743 0x0000000109194950 code [0x0000000109194ac0, 0x0000000109194d50]

GC Heap History (10 events):
Event: 2,315 GC heap before
{Heap before GC invocations=4 (full 0):
 PSYoungGen      total 35328K, used 35296K [0x00000007aab00000, 0x00000007af000000, 0x00000007c0000000)
  eden space 32768K, 100% used [0x00000007aab00000,0x00000007acb00000,0x00000007acb00000)
  from space 2560K, 98% used [0x00000007acb00000,0x00000007acd78020,0x00000007acd80000)
  to   space 2560K, 0% used [0x00000007aed80000,0x00000007aed80000,0x00000007af000000)
 ParOldGen       total 44032K, used 4875K [0x0000000780000000, 0x0000000782b00000, 0x00000007aab00000)
  object space 44032K, 11% used [0x0000000780000000,0x00000007804c2f60,0x0000000782b00000)
 Metaspace       used 14751K, capacity 15054K, committed 15232K, reserved 1062912K
  class space    used 1819K, capacity 1911K, committed 1920K, reserved 1048576K
Event: 2,334 GC heap after
Heap after GC invocations=4 (full 0):
 PSYoungGen      total 68096K, used 2544K [0x00000007aab00000, 0x00000007af000000, 0x00000007c0000000)
  eden space 65536K, 0% used [0x00000007aab00000,0x00000007aab00000,0x00000007aeb00000)
  from space 2560K, 99% used [0x00000007aed80000,0x00000007aeffc010,0x00000007af000000)
  to   space 2560K, 0% used [0x00000007aeb00000,0x00000007aeb00000,0x00000007aed80000)
 ParOldGen       total 44032K, used 9433K [0x0000000780000000, 0x0000000782b00000, 0x00000007aab00000)
  object space 44032K, 21% used [0x0000000780000000,0x0000000780936640,0x0000000782b00000)
 Metaspace       used 14751K, capacity 15054K, committed 15232K, reserved 1062912K
  class space    used 1819K, capacity 1911K, committed 1920K, reserved 1048576K
}
Event: 3,456 GC heap before
{Heap before GC invocations=5 (full 0):
 PSYoungGen      total 68096K, used 68080K [0x00000007aab00000, 0x00000007af000000, 0x00000007c0000000)
  eden space 65536K, 100% used [0x00000007aab00000,0x00000007aeb00000,0x00000007aeb00000)
  from space 2560K, 99% used [0x00000007aed80000,0x00000007aeffc010,0x00000007af000000)
  to   space 2560K, 0% used [0x00000007aeb00000,0x00000007aeb00000,0x00000007aed80000)
 ParOldGen       total 44032K, used 9433K [0x0000000780000000, 0x0000000782b00000, 0x00000007aab00000)
  object space 44032K, 21% used [0x0000000780000000,0x0000000780936640,0x0000000782b00000)
 Metaspace       used 15903K, capacity 16292K, committed 16384K, reserved 1062912K
  class space    used 1915K, capacity 2020K, committed 2048K, reserved 1048576K
Event: 3,479 GC heap after
Heap after GC invocations=5 (full 0):
 PSYoungGen      total 68096K, used 2544K [0x00000007aab00000, 0x00000007b3d00000, 0x00000007c0000000)
  eden space 65536K, 0% used [0x00000007aab00000,0x00000007aab00000,0x00000007aeb00000)
  from space 2560K, 99% used [0x00000007aeb00000,0x00000007aed7c010,0x00000007aed80000)
  to   space 9216K, 0% used [0x00000007b3400000,0x00000007b3400000,0x00000007b3d00000)
 ParOldGen       total 44032K, used 13410K [0x0000000780000000, 0x0000000782b00000, 0x00000007aab00000)
  object space 44032K, 30% used [0x0000000780000000,0x0000000780d18a38,0x0000000782b00000)
 Metaspace       used 15903K, capacity 16292K, committed 16384K, reserved 1062912K
  class space    used 1915K, capacity 2020K, committed 2048K, reserved 1048576K
}
Event: 4,665 GC heap before
{Heap before GC invocations=6 (full 0):
 PSYoungGen      total 68096K, used 68080K [0x00000007aab00000, 0x00000007b3d00000, 0x00000007c0000000)
  eden space 65536K, 100% used [0x00000007aab00000,0x00000007aeb00000,0x00000007aeb00000)
  from space 2560K, 99% used [0x00000007aeb00000,0x00000007aed7c010,0x00000007aed80000)
  to   space 9216K, 0% used [0x00000007b3400000,0x00000007b3400000,0x00000007b3d00000)
 ParOldGen       total 44032K, used 13410K [0x0000000780000000, 0x0000000782b00000, 0x00000007aab00000)
  object space 44032K, 30% used [0x0000000780000000,0x0000000780d18a38,0x0000000782b00000)
 Metaspace       used 20623K, capacity 21068K, committed 21296K, reserved 1069056K
  class space    used 2494K, capacity 2612K, committed 2688K, reserved 1048576K
Event: 4,707 GC heap after
Heap after GC invocations=6 (full 0):
 PSYoungGen      total 136704K, used 9200K [0x00000007aab00000, 0x00000007b4400000, 0x00000007c0000000)
  eden space 127488K, 0% used [0x00000007aab00000,0x00000007aab00000,0x00000007b2780000)
  from space 9216K, 99% used [0x00000007b3400000,0x00000007b3cfc180,0x00000007b3d00000)
  to   space 12800K, 0% used [0x00000007b2780000,0x00000007b2780000,0x00000007b3400000)
 ParOldGen       total 44032K, used 16852K [0x0000000780000000, 0x0000000782b00000, 0x00000007aab00000)
  object space 44032K, 38% used [0x0000000780000000,0x0000000781075120,0x0000000782b00000)
 Metaspace       used 20623K, capacity 21068K, committed 21296K, reserved 1069056K
  class space    used 2494K, capacity 2612K, committed 2688K, reserved 1048576K
}
Event: 4,856 GC heap before
{Heap before GC invocations=7 (full 0):
 PSYoungGen      total 136704K, used 22421K [0x00000007aab00000, 0x00000007b4400000, 0x00000007c0000000)
  eden space 127488K, 10% used [0x00000007aab00000,0x00000007ab7e9560,0x00000007b2780000)
  from space 9216K, 99% used [0x00000007b3400000,0x00000007b3cfc180,0x00000007b3d00000)
  to   space 12800K, 0% used [0x00000007b2780000,0x00000007b2780000,0x00000007b3400000)
 ParOldGen       total 44032K, used 16852K [0x0000000780000000, 0x0000000782b00000, 0x00000007aab00000)
  object space 44032K, 38% used [0x0000000780000000,0x0000000781075120,0x0000000782b00000)
 Metaspace       used 20766K, capacity 21132K, committed 21296K, reserved 1069056K
  class space    used 2505K, capacity 2612K, committed 2688K, reserved 1048576K
Event: 4,895 GC heap after
Heap after GC invocations=7 (full 0):
 PSYoungGen      total 140288K, used 12669K [0x00000007aab00000, 0x00000007bc200000, 0x00000007c0000000)
  eden space 127488K, 0% used [0x00000007aab00000,0x00000007aab00000,0x00000007b2780000)
  from space 12800K, 98% used [0x00000007b2780000,0x00000007b33df4d8,0x00000007b3400000)
  to   space 15360K, 0% used [0x00000007bb300000,0x00000007bb300000,0x00000007bc200000)
 ParOldGen       total 44032K, used 17388K [0x0000000780000000, 0x0000000782b00000, 0x00000007aab00000)
  object space 44032K, 39% used [0x0000000780000000,0x00000007810fb140,0x0000000782b00000)
 Metaspace       used 20766K, capacity 21132K, committed 21296K, reserved 1069056K
  class space    used 2505K, capacity 2612K, committed 2688K, reserved 1048576K
}
Event: 4,895 GC heap before
{Heap before GC invocations=8 (full 1):
 PSYoungGen      total 140288K, used 12669K [0x00000007aab00000, 0x00000007bc200000, 0x00000007c0000000)
  eden space 127488K, 0% used [0x00000007aab00000,0x00000007aab00000,0x00000007b2780000)
  from space 12800K, 98% used [0x00000007b2780000,0x00000007b33df4d8,0x00000007b3400000)
  to   space 15360K, 0% used [0x00000007bb300000,0x00000007bb300000,0x00000007bc200000)
 ParOldGen       total 44032K, used 17388K [0x0000000780000000, 0x0000000782b00000, 0x00000007aab00000)
  object space 44032K, 39% used [0x0000000780000000,0x00000007810fb140,0x0000000782b00000)
 Metaspace       used 20766K, capacity 21132K, committed 21296K, reserved 1069056K
  class space    used 2505K, capacity 2612K, committed 2688K, reserved 1048576K
Event: 5,064 GC heap after
Heap after GC invocations=8 (full 1):
 PSYoungGen      total 140288K, used 0K [0x00000007aab00000, 0x00000007bc200000, 0x00000007c0000000)
  eden space 127488K, 0% used [0x00000007aab00000,0x00000007aab00000,0x00000007b2780000)
  from space 12800K, 0% used [0x00000007b2780000,0x00000007b2780000,0x00000007b3400000)
  to   space 15360K, 0% used [0x00000007bb300000,0x00000007bb300000,0x00000007bc200000)
 ParOldGen       total 49152K, used 20657K [0x0000000780000000, 0x0000000783000000, 0x00000007aab00000)
  object space 49152K, 42% used [0x0000000780000000,0x000000078142c6b8,0x0000000783000000)
 Metaspace       used 20766K, capacity 21132K, committed 21296K, reserved 1069056K
  class space    used 2505K, capacity 2612K, committed 2688K, reserved 1048576K
}

Deoptimization events (10 events):
Event: 3,649 Thread 0x00007fa72d801800 Uncommon trap: reason=bimorphic action=maybe_recompile pc=0x0000000108d34e08 method=java.util.regex.Pattern$BmpCharProperty.match(Ljava/util/regex/Matcher;ILjava/lang/CharSequence;)Z @ 16
Event: 3,649 Thread 0x00007fa72d801800 Uncommon trap: reason=bimorphic action=maybe_recompile pc=0x0000000108c314e8 method=java.util.regex.Pattern$CharProperty.match(Ljava/util/regex/Matcher;ILjava/lang/CharSequence;)Z @ 37
Event: 4,225 Thread 0x00007fa72d801800 Uncommon trap: reason=unstable_if action=reinterpret pc=0x0000000108f3ed80 method=java.util.jar.Manifest$FastInputStream.readLine([BII)I @ 87
Event: 4,334 Thread 0x00007fa72d801800 Uncommon trap: reason=unstable_if action=reinterpret pc=0x0000000108ca2d28 method=java.nio.charset.CharsetDecoder.decode(Ljava/nio/ByteBuffer;Ljava/nio/CharBuffer;Z)Ljava/nio/charset/CoderResult; @ 1
Event: 5,404 Thread 0x00007fa72d801800 Uncommon trap: reason=bimorphic action=maybe_recompile pc=0x0000000108c314e8 method=java.util.regex.Pattern$CharProperty.match(Ljava/util/regex/Matcher;ILjava/lang/CharSequence;)Z @ 37
Event: 5,424 Thread 0x00007fa72d801800 Uncommon trap: reason=bimorphic action=maybe_recompile pc=0x0000000108d1bf08 method=java.util.HashMap.putVal(ILjava/lang/Object;Ljava/lang/Object;ZZ)Ljava/lang/Object; @ 253
Event: 5,427 Thread 0x00007fa72d801800 Uncommon trap: reason=bimorphic action=maybe_recompile pc=0x0000000108d1bf08 method=java.util.HashMap.putVal(ILjava/lang/Object;Ljava/lang/Object;ZZ)Ljava/lang/Object; @ 253
Event: 5,428 Thread 0x00007fa72d801800 Uncommon trap: reason=bimorphic action=maybe_recompile pc=0x0000000108d1bf08 method=java.util.HashMap.putVal(ILjava/lang/Object;Ljava/lang/Object;ZZ)Ljava/lang/Object; @ 253
Event: 5,458 Thread 0x00007fa72d801800 Uncommon trap: reason=bimorphic action=maybe_recompile pc=0x0000000108c314e8 method=java.util.regex.Pattern$CharProperty.match(Ljava/util/regex/Matcher;ILjava/lang/CharSequence;)Z @ 37
Event: 5,490 Thread 0x00007fa72d801800 Uncommon trap: reason=bimorphic action=maybe_recompile pc=0x0000000108d1bf08 method=java.util.HashMap.putVal(ILjava/lang/Object;Ljava/lang/Object;ZZ)Ljava/lang/Object; @ 253

Internal exceptions (10 events):
Event: 1,801 Thread 0x00007fa72d801800 Exception <a 'java/lang/NullPointerException'> (0x00000007ab9476a0) thrown at [/HUDSON3/workspace/8-2-build-macosx-x86_64/jdk8u101/7261/hotspot/src/share/vm/interpreter/linkResolver.cpp, line 1178]
Event: 1,802 Thread 0x00007fa72d801800 Exception <a 'java/lang/NullPointerException'> (0x00000007ab9478b8) thrown at [/HUDSON3/workspace/8-2-build-macosx-x86_64/jdk8u101/7261/hotspot/src/share/vm/interpreter/linkResolver.cpp, line 1178]
Event: 1,802 Thread 0x00007fa72d801800 Exception <a 'java/lang/NullPointerException'> (0x00000007ab947ad0) thrown at [/HUDSON3/workspace/8-2-build-macosx-x86_64/jdk8u101/7261/hotspot/src/share/vm/interpreter/linkResolver.cpp, line 1178]
Event: 2,076 Thread 0x00007fa72d801800 Implicit null exception at 0x00000001088bfd35 to 0x00000001088bff75
Event: 2,077 Thread 0x00007fa72d801800 Implicit null exception at 0x0000000108a13c2f to 0x0000000108a13c99
Event: 2,207 Thread 0x00007fa72d801800 Implicit null exception at 0x0000000108a034fb to 0x0000000108a03b05
Event: 2,263 Thread 0x00007fa72d801800 Implicit null exception at 0x0000000108bd4f06 to 0x0000000108bd5925
Event: 3,753 Thread 0x00007fa72d801800 Exception <a 'java/lang/ClassNotFoundException': com/sun/tools/javac/api/JavacTool> (0x00000007ab970768) thrown at [/HUDSON3/workspace/8-2-build-macosx-x86_64/jdk8u101/7261/hotspot/src/share/vm/classfile/systemDictionary.cpp, line 210]
Event: 4,649 Thread 0x00007fa72d801800 Exception <a 'java/io/FileNotFoundException'> (0x00000007ae8848a8) thrown at [/HUDSON3/workspace/8-2-build-macosx-x86_64/jdk8u101/7261/hotspot/src/share/vm/prims/jni.cpp, line 709]
Event: 4,653 Thread 0x00007fa72d801800 Exception <a 'java/io/FileNotFoundException'> (0x00000007ae8bb6f0) thrown at [/HUDSON3/workspace/8-2-build-macosx-x86_64/jdk8u101/7261/hotspot/src/share/vm/prims/jni.cpp, line 709]

Events (10 events):
Event: 5,537 loading class com/sun/tools/javac/comp/Infer$IncorporationBinaryOpKind$2
Event: 5,537 loading class com/sun/tools/javac/comp/Infer$IncorporationBinaryOpKind$2 done
Event: 5,537 loading class com/sun/tools/javac/comp/Infer$IncorporationBinaryOpKind$3
Event: 5,537 loading class com/sun/tools/javac/comp/Infer$IncorporationBinaryOpKind$3 done
Event: 5,537 loading class com/sun/tools/javac/comp/Infer$IncorporationBinaryOpKind$4
Event: 5,537 loading class com/sun/tools/javac/comp/Infer$IncorporationBinaryOpKind$4 done
Event: 5,537 loading class com/sun/tools/javac/comp/Infer$IncorporationBinaryOpKind$5
Event: 5,537 loading class com/sun/tools/javac/comp/Infer$IncorporationBinaryOpKind$5 done
Event: 5,538 loading class com/sun/tools/javac/comp/Infer$IncorporationBinaryOp
Event: 5,538 loading class com/sun/tools/javac/comp/Infer$IncorporationBinaryOp done


Dynamic libraries:
0x0000000000d9f000 	/System/Library/Frameworks/Cocoa.framework/Versions/A/Cocoa
0x0000000000d9f000 	/System/Library/Frameworks/Security.framework/Versions/A/Security
0x0000000000d9f000 	/System/Library/Frameworks/ApplicationServices.framework/Versions/A/ApplicationServices
0x0000000000d9f000 	/usr/lib/libz.1.dylib
0x0000000000d9f000 	/usr/lib/libSystem.B.dylib
0x0000000000d9f000 	/usr/lib/libobjc.A.dylib
0x0000000000d9f000 	/System/Library/Frameworks/CoreFoundation.framework/Versions/A/CoreFoundation
0x0000000000d9f000 	/System/Library/Frameworks/Foundation.framework/Versions/C/Foundation
0x0000000000d9f000 	/System/Library/Frameworks/AppKit.framework/Versions/C/AppKit
0x0000000000d9f000 	/System/Library/Frameworks/CoreData.framework/Versions/A/CoreData
0x0000000000d9f000 	/System/Library/PrivateFrameworks/RemoteViewServices.framework/Versions/A/RemoteViewServices
0x0000000000d9f000 	/System/Library/Frameworks/AudioToolbox.framework/Versions/A/AudioToolbox
0x0000000000d9f000 	/System/Library/Frameworks/AudioUnit.framework/Versions/A/AudioUnit
0x0000000000d9f000 	/System/Library/PrivateFrameworks/DataDetectorsCore.framework/Versions/A/DataDetectorsCore
0x0000000000d9f000 	/System/Library/PrivateFrameworks/DesktopServicesPriv.framework/Versions/A/DesktopServicesPriv
0x0000000000d9f000 	/System/Library/Frameworks/Carbon.framework/Versions/A/Frameworks/HIToolbox.framework/Versions/A/HIToolbox
0x0000000000d9f000 	/System/Library/Frameworks/QuartzCore.framework/Versions/A/QuartzCore
0x0000000000d9f000 	/System/Library/Frameworks/Carbon.framework/Versions/A/Frameworks/SpeechRecognition.framework/Versions/A/SpeechRecognition
0x0000000000d9f000 	/usr/lib/libauto.dylib
0x0000000000d9f000 	/usr/lib/libicucore.A.dylib
0x0000000000d9f000 	/usr/lib/libxml2.2.dylib
0x0000000000d9f000 	/System/Library/PrivateFrameworks/CoreUI.framework/Versions/A/CoreUI
0x0000000000d9f000 	/System/Library/Frameworks/CoreAudio.framework/Versions/A/CoreAudio
0x0000000000d9f000 	/System/Library/Frameworks/DiskArbitration.framework/Versions/A/DiskArbitration
0x0000000000d9f000 	/usr/lib/liblangid.dylib
0x0000000000d9f000 	/System/Library/PrivateFrameworks/MultitouchSupport.framework/Versions/A/MultitouchSupport
0x0000000000d9f000 	/System/Library/Frameworks/IOKit.framework/Versions/A/IOKit
0x0000000000d9f000 	/usr/lib/libDiagnosticMessagesClient.dylib
0x0000000000d9f000 	/System/Library/Frameworks/CoreServices.framework/Versions/A/CoreServices
0x0000000000d9f000 	/System/Library/PrivateFrameworks/PerformanceAnalysis.framework/Versions/A/PerformanceAnalysis
0x0000000000d9f000 	/System/Library/PrivateFrameworks/GenerationalStorage.framework/Versions/A/GenerationalStorage
0x0000000000d9f000 	/System/Library/Frameworks/OpenGL.framework/Versions/A/OpenGL
0x0000000000d9f000 	/System/Library/PrivateFrameworks/Sharing.framework/Versions/A/Sharing
0x0000000000d9f000 	/System/Library/Frameworks/ImageIO.framework/Versions/A/ImageIO
0x0000000000d9f000 	/System/Library/Frameworks/CoreText.framework/Versions/A/CoreText
0x0000000000d9f000 	/System/Library/Frameworks/CoreGraphics.framework/Versions/A/CoreGraphics
0x0000000000d9f000 	/System/Library/PrivateFrameworks/Backup.framework/Versions/A/Backup
0x0000000000d9f000 	/System/Library/Frameworks/CFNetwork.framework/Versions/A/CFNetwork
0x0000000000d9f000 	/System/Library/Frameworks/SystemConfiguration.framework/Versions/A/SystemConfiguration
0x0000000000d9f000 	/usr/lib/libCRFSuite.dylib
0x0000000000d9f000 	/usr/lib/libc++.1.dylib
0x0000000000d9f000 	/usr/lib/libc++abi.dylib
0x0000000000d9f000 	/usr/lib/system/libcache.dylib
0x0000000000d9f000 	/usr/lib/system/libcommonCrypto.dylib
0x0000000000d9f000 	/usr/lib/system/libcompiler_rt.dylib
0x0000000000d9f000 	/usr/lib/system/libcopyfile.dylib
0x0000000000d9f000 	/usr/lib/system/libcorecrypto.dylib
0x0000000000d9f000 	/usr/lib/system/libdispatch.dylib
0x0000000000d9f000 	/usr/lib/system/libdyld.dylib
0x0000000000d9f000 	/usr/lib/system/libkeymgr.dylib
0x0000000000d9f000 	/usr/lib/system/liblaunch.dylib
0x0000000000d9f000 	/usr/lib/system/libmacho.dylib
0x0000000000d9f000 	/usr/lib/system/libquarantine.dylib
0x0000000000d9f000 	/usr/lib/system/libremovefile.dylib
0x0000000000d9f000 	/usr/lib/system/libsystem_asl.dylib
0x0000000000d9f000 	/usr/lib/system/libsystem_blocks.dylib
0x0000000000d9f000 	/usr/lib/system/libsystem_c.dylib
0x0000000000d9f000 	/usr/lib/system/libsystem_configuration.dylib
0x0000000000d9f000 	/usr/lib/system/libsystem_dnssd.dylib
0x0000000000d9f000 	/usr/lib/system/libsystem_info.dylib
0x0000000000d9f000 	/usr/lib/system/libsystem_kernel.dylib
0x0000000000d9f000 	/usr/lib/system/libsystem_m.dylib
0x0000000000d9f000 	/usr/lib/system/libsystem_malloc.dylib
0x0000000000d9f000 	/usr/lib/system/libsystem_network.dylib
0x0000000000d9f000 	/usr/lib/system/libsystem_notify.dylib
0x0000000000d9f000 	/usr/lib/system/libsystem_platform.dylib
0x0000000000d9f000 	/usr/lib/system/libsystem_pthread.dylib
0x0000000000d9f000 	/usr/lib/system/libsystem_sandbox.dylib
0x0000000000d9f000 	/usr/lib/system/libsystem_stats.dylib
0x0000000000d9f000 	/usr/lib/system/libunc.dylib
0x0000000000d9f000 	/usr/lib/system/libunwind.dylib
0x0000000000d9f000 	/usr/lib/system/libxpc.dylib
0x0000000000d9f000 	/usr/lib/libbsm.0.dylib
0x0000000000d9f000 	/usr/lib/libsqlite3.dylib
0x0000000000d9f000 	/usr/lib/libxar.1.dylib
0x0000000000d9f000 	/usr/lib/libpam.2.dylib
0x0000000000d9f000 	/usr/lib/libOpenScriptingUtil.dylib
0x0000000000d9f000 	/usr/lib/libbz2.1.0.dylib
0x0000000000d9f000 	/System/Library/Frameworks/CoreServices.framework/Versions/A/Frameworks/CarbonCore.framework/Versions/A/CarbonCore
0x0000000000d9f000 	/System/Library/Frameworks/CoreServices.framework/Versions/A/Frameworks/Metadata.framework/Versions/A/Metadata
0x0000000000d9f000 	/System/Library/Frameworks/CoreServices.framework/Versions/A/Frameworks/OSServices.framework/Versions/A/OSServices
0x0000000000d9f000 	/System/Library/Frameworks/CoreServices.framework/Versions/A/Frameworks/SearchKit.framework/Versions/A/SearchKit
0x0000000000d9f000 	/System/Library/Frameworks/CoreServices.framework/Versions/A/Frameworks/AE.framework/Versions/A/AE
0x0000000000d9f000 	/System/Library/Frameworks/CoreServices.framework/Versions/A/Frameworks/LaunchServices.framework/Versions/A/LaunchServices
0x0000000000d9f000 	/System/Library/Frameworks/CoreServices.framework/Versions/A/Frameworks/DictionaryServices.framework/Versions/A/DictionaryServices
0x0000000000d9f000 	/System/Library/Frameworks/NetFS.framework/Versions/A/NetFS
0x0000000000d9f000 	/usr/lib/system/libkxld.dylib
0x0000000000d9f000 	/System/Library/PrivateFrameworks/NetAuth.framework/Versions/A/NetAuth
0x0000000000d9f000 	/System/Library/PrivateFrameworks/TCC.framework/Versions/A/TCC
0x0000000000d9f000 	/System/Library/Frameworks/OpenDirectory.framework/Versions/A/Frameworks/CFOpenDirectory.framework/Versions/A/CFOpenDirectory
0x0000000000d9f000 	/System/Library/Frameworks/ServiceManagement.framework/Versions/A/ServiceManagement
0x0000000000d9f000 	/usr/lib/libxslt.1.dylib
0x0000000000d9f000 	/System/Library/Frameworks/Carbon.framework/Versions/A/Frameworks/Ink.framework/Versions/A/Ink
0x0000000000d9f000 	/System/Library/Frameworks/ApplicationServices.framework/Versions/A/Frameworks/ATS.framework/Versions/A/ATS
0x0000000000d9f000 	/System/Library/Frameworks/ApplicationServices.framework/Versions/A/Frameworks/ColorSync.framework/Versions/A/ColorSync
0x0000000000d9f000 	/System/Library/Frameworks/ApplicationServices.framework/Versions/A/Frameworks/HIServices.framework/Versions/A/HIServices
0x0000000000d9f000 	/System/Library/Frameworks/ApplicationServices.framework/Versions/A/Frameworks/LangAnalysis.framework/Versions/A/LangAnalysis
0x0000000000d9f000 	/System/Library/Frameworks/ApplicationServices.framework/Versions/A/Frameworks/PrintCore.framework/Versions/A/PrintCore
0x0000000000d9f000 	/System/Library/Frameworks/ApplicationServices.framework/Versions/A/Frameworks/QD.framework/Versions/A/QD
0x0000000000d9f000 	/System/Library/Frameworks/ApplicationServices.framework/Versions/A/Frameworks/SpeechSynthesis.framework/Versions/A/SpeechSynthesis
0x0000000000d9f000 	/System/Library/Frameworks/IOSurface.framework/Versions/A/IOSurface
0x0000000000d9f000 	/System/Library/Frameworks/Accelerate.framework/Versions/A/Accelerate
0x0000000000d9f000 	/System/Library/Frameworks/Accelerate.framework/Versions/A/Frameworks/vImage.framework/Versions/A/vImage
0x0000000000d9f000 	/System/Library/Frameworks/Accelerate.framework/Versions/A/Frameworks/vecLib.framework/Versions/A/vecLib
0x0000000000d9f000 	/System/Library/Frameworks/Accelerate.framework/Versions/A/Frameworks/vecLib.framework/Versions/A/libvDSP.dylib
0x0000000000d9f000 	/System/Library/Frameworks/Accelerate.framework/Versions/A/Frameworks/vecLib.framework/Versions/A/libvMisc.dylib
0x0000000000d9f000 	/System/Library/Frameworks/Accelerate.framework/Versions/A/Frameworks/vecLib.framework/Versions/A/libLAPACK.dylib
0x0000000000d9f000 	/System/Library/Frameworks/Accelerate.framework/Versions/A/Frameworks/vecLib.framework/Versions/A/libBLAS.dylib
0x0000000000d9f000 	/System/Library/Frameworks/ApplicationServices.framework/Versions/A/Frameworks/ATS.framework/Versions/A/Resources/libFontParser.dylib
0x0000000000d9f000 	/System/Library/Frameworks/ApplicationServices.framework/Versions/A/Frameworks/ATS.framework/Versions/A/Resources/libFontRegistry.dylib
0x0000000000d9f000 	/System/Library/Frameworks/ImageIO.framework/Versions/A/Resources/libJPEG.dylib
0x0000000000d9f000 	/System/Library/Frameworks/ImageIO.framework/Versions/A/Resources/libTIFF.dylib
0x0000000000d9f000 	/System/Library/Frameworks/ImageIO.framework/Versions/A/Resources/libPng.dylib
0x0000000000d9f000 	/System/Library/Frameworks/ImageIO.framework/Versions/A/Resources/libGIF.dylib
0x0000000000d9f000 	/System/Library/Frameworks/ImageIO.framework/Versions/A/Resources/libJP2.dylib
0x0000000000d9f000 	/System/Library/Frameworks/ImageIO.framework/Versions/A/Resources/libRadiance.dylib
0x0000000000d9f000 	/usr/lib/libcups.2.dylib
0x0000000000d9f000 	/System/Library/Frameworks/Kerberos.framework/Versions/A/Kerberos
0x0000000000d9f000 	/System/Library/Frameworks/GSS.framework/Versions/A/GSS
0x0000000000d9f000 	/usr/lib/libresolv.9.dylib
0x0000000000d9f000 	/usr/lib/libiconv.2.dylib
0x0000000000d9f000 	/System/Library/PrivateFrameworks/Heimdal.framework/Versions/A/Heimdal
0x0000000000d9f000 	/System/Library/PrivateFrameworks/TrustEvaluationAgent.framework/Versions/A/TrustEvaluationAgent
0x0000000000d9f000 	/usr/lib/libheimdal-asn1.dylib
0x0000000000d9f000 	/System/Library/Frameworks/OpenDirectory.framework/Versions/A/OpenDirectory
0x0000000000d9f000 	/System/Library/PrivateFrameworks/CommonAuth.framework/Versions/A/CommonAuth
0x0000000000d9f000 	/System/Library/Frameworks/SecurityFoundation.framework/Versions/A/SecurityFoundation
0x0000000000d9f000 	/System/Library/PrivateFrameworks/Bom.framework/Versions/A/Bom
0x0000000000d9f000 	/System/Library/Frameworks/CoreVideo.framework/Versions/A/CoreVideo
0x0000000000d9f000 	/System/Library/Frameworks/QuartzCore.framework/Versions/A/Frameworks/CoreImage.framework/Versions/A/CoreImage
0x0000000000d9f000 	/System/Library/Frameworks/QuartzCore.framework/Versions/A/Frameworks/ScalableUserInterface.framework/Versions/A/ScalableUserInterface
0x0000000000d9f000 	/System/Library/Frameworks/OpenGL.framework/Versions/A/Libraries/libGLU.dylib
0x0000000000d9f000 	/System/Library/Frameworks/OpenGL.framework/Versions/A/Libraries/libGFXShared.dylib
0x0000000000d9f000 	/System/Library/Frameworks/OpenGL.framework/Versions/A/Libraries/libGL.dylib
0x0000000000d9f000 	/System/Library/Frameworks/OpenGL.framework/Versions/A/Libraries/libGLImage.dylib
0x0000000000d9f000 	/System/Library/Frameworks/OpenGL.framework/Versions/A/Libraries/libCVMSPluginSupport.dylib
0x0000000000d9f000 	/System/Library/Frameworks/OpenGL.framework/Versions/A/Libraries/libCoreVMClient.dylib
0x0000000000d9f000 	/System/Library/PrivateFrameworks/FaceCore.framework/Versions/A/FaceCore
0x0000000000d9f000 	/System/Library/PrivateFrameworks/CrashReporterSupport.framework/Versions/A/CrashReporterSupport
0x0000000000d9f000 	/System/Library/Frameworks/OpenCL.framework/Versions/A/OpenCL
0x0000000000d9f000 	/System/Library/PrivateFrameworks/AppleFSCompression.framework/Versions/A/AppleFSCompression
0x0000000000d9f000 	/System/Library/PrivateFrameworks/Ubiquity.framework/Versions/A/Ubiquity
0x0000000000d9f000 	/System/Library/PrivateFrameworks/IconServices.framework/Versions/A/IconServices
0x0000000000d9f000 	/System/Library/PrivateFrameworks/ChunkingLibrary.framework/Versions/A/ChunkingLibrary
0x0000000000d9f000 	/System/Library/PrivateFrameworks/CoreSymbolication.framework/Versions/A/CoreSymbolication
0x0000000000d9f000 	/System/Library/PrivateFrameworks/Symbolication.framework/Versions/A/Symbolication
0x0000000000d9f000 	/System/Library/PrivateFrameworks/DebugSymbols.framework/Versions/A/DebugSymbols
0x0000000107600000 	/Library/Java/JavaVirtualMachines/jdk1.8.0_101.jdk/Contents/Home/jre/lib/server/libjvm.dylib
0x0000000000d9f000 	/usr/lib/libstdc++.6.dylib
0x0000000106de5000 	/Library/Java/JavaVirtualMachines/jdk1.8.0_101.jdk/Contents/Home/jre/lib/libverify.dylib
0x000000010859d000 	/Library/Java/JavaVirtualMachines/jdk1.8.0_101.jdk/Contents/Home/jre/lib/libjava.dylib
0x00000001085d2000 	/Library/Java/JavaVirtualMachines/jdk1.8.0_101.jdk/Contents/Home/jre/lib/libzip.dylib
0x000000011c0ea000 	/System/Library/Frameworks/JavaVM.framework/Frameworks/JavaRuntimeSupport.framework/JavaRuntimeSupport
0x000000011c102000 	/System/Library/Frameworks/JavaVM.framework/Versions/A/Frameworks/JavaNativeFoundation.framework/Versions/A/JavaNativeFoundation
0x000000011c117000 	/System/Library/Frameworks/JavaVM.framework/Versions/A/JavaVM
0x0000000000d9f000 	/System/Library/Frameworks/Carbon.framework/Versions/A/Carbon
0x000000011c124000 	/System/Library/PrivateFrameworks/JavaLaunching.framework/Versions/A/JavaLaunching
0x0000000000d9f000 	/System/Library/Frameworks/Carbon.framework/Versions/A/Frameworks/CommonPanels.framework/Versions/A/CommonPanels
0x0000000000d9f000 	/System/Library/Frameworks/Carbon.framework/Versions/A/Frameworks/Help.framework/Versions/A/Help
0x0000000000d9f000 	/System/Library/Frameworks/Carbon.framework/Versions/A/Frameworks/ImageCapture.framework/Versions/A/ImageCapture
0x0000000000d9f000 	/System/Library/Frameworks/Carbon.framework/Versions/A/Frameworks/OpenScripting.framework/Versions/A/OpenScripting
0x0000000000d9f000 	/System/Library/Frameworks/Carbon.framework/Versions/A/Frameworks/Print.framework/Versions/A/Print
0x0000000000d9f000 	/System/Library/Frameworks/Carbon.framework/Versions/A/Frameworks/SecurityHI.framework/Versions/A/SecurityHI
0x000000011cbb4000 	/Library/Java/JavaVirtualMachines/jdk1.8.0_101.jdk/Contents/Home/jre/lib/libnet.dylib
0x000000011cbcb000 	/Library/Java/JavaVirtualMachines/jdk1.8.0_101.jdk/Contents/Home/jre/lib/libnio.dylib

VM Arguments:
jvm_args: -Dclassworlds.conf=/usr/local/Cellar/maven/3.3.9/libexec/bin/m2.conf -Dmaven.home=/usr/local/Cellar/maven/3.3.9/libexec -Dmaven.multiModuleProjectDirectory=/Users/Remo/Desktop/ese2016-team8/baseProject 
java_command: org.codehaus.plexus.classworlds.launcher.Launcher jetty:run
java_class_path (initial): /usr/local/Cellar/maven/3.3.9/libexec/boot/plexus-classworlds-2.5.2.jar
Launcher Type: SUN_STANDARD

Environment Variables:
JAVA_HOME=/Library/Java/JavaVirtualMachines/jdk1.8.0_101.jdk/Contents/Home
PATH=/Library/Frameworks/Python.framework/Versions/3.5/bin:/usr/bin:/bin:/usr/sbin:/sbin:/usr/local/bin:/opt/X11/bin:/usr/local/Cellar/maven/3.3.9/libexec/bin
SHELL=/bin/bash
DISPLAY=/tmp/launch-MDuMTg/org.macosforge.xquartz:0

Signal Handlers:
SIGSEGV: [libjvm.dylib+0x5af145], sa_mask[0]=11111111011111110111111111111111, sa_flags=SA_ONSTACK|SA_RESTART|SA_SIGINFO
SIGBUS: [libjvm.dylib+0x5af145], sa_mask[0]=11111111011111110111111111111111, sa_flags=SA_RESTART|SA_SIGINFO
SIGFPE: [libjvm.dylib+0x48694c], sa_mask[0]=11111111011111110111111111111111, sa_flags=SA_RESTART|SA_SIGINFO
SIGPIPE: [libjvm.dylib+0x48694c], sa_mask[0]=11111111011111110111111111111111, sa_flags=SA_RESTART|SA_SIGINFO
SIGXFSZ: [libjvm.dylib+0x48694c], sa_mask[0]=11111111011111110111111111111111, sa_flags=SA_RESTART|SA_SIGINFO
SIGILL: [libjvm.dylib+0x48694c], sa_mask[0]=11111111011111110111111111111111, sa_flags=SA_RESTART|SA_SIGINFO
SIGUSR1: SIG_DFL, sa_mask[0]=11011111011111100000000111000110, sa_flags=none
SIGUSR2: [libjvm.dylib+0x48646a], sa_mask[0]=00000000000000000000000000000000, sa_flags=SA_RESTART|SA_SIGINFO
SIGHUP: [libjvm.dylib+0x484a41], sa_mask[0]=11111111011111110111111111111111, sa_flags=SA_RESTART|SA_SIGINFO
SIGINT: [libjvm.dylib+0x484a41], sa_mask[0]=11111111011111110111111111111111, sa_flags=SA_RESTART|SA_SIGINFO
SIGTERM: [libjvm.dylib+0x484a41], sa_mask[0]=11111111011111110111111111111111, sa_flags=SA_RESTART|SA_SIGINFO
SIGQUIT: [libjvm.dylib+0x484a41], sa_mask[0]=11111111011111110111111111111111, sa_flags=SA_RESTART|SA_SIGINFO


---------------  S Y S T E M  ---------------

OS:Bsduname:Darwin 13.4.0 Darwin Kernel Version 13.4.0: Mon Jan 11 18:17:34 PST 2016; root:xnu-2422.115.15~1/RELEASE_X86_64 x86_64
rlimit: STACK 8192k, CORE 0k, NPROC 709, NOFILE 10240, AS infinity
load average:1,86 1,35 1,34

CPU:total 4 (2 cores per cpu, 2 threads per core) family 6 model 37 stepping 5, cmov, cx8, fxsr, mmx, sse, sse2, sse3, ssse3, sse4.1, sse4.2, popcnt, aes, clmul, ht, tsc, tscinvbit

Memory: 4k page, physical 4194304k(37012k free)

/proc/meminfo:


vm_info: Java HotSpot(TM) 64-Bit Server VM (25.101-b13) for bsd-amd64 JRE (1.8.0_101-b13), built on Jun 22 2016 02:42:15 by "java_re" with gcc 4.2.1 (Based on Apple Inc. build 5658) (LLVM build 2336.11.00)

time: Tue Nov 29 12:36:42 2016
elapsed time: 5 seconds (0d 0h 0m 5s)

