#
# A fatal error has been detected by the Java Runtime Environment:
#
#  SIGSEGV (0xb) at pc=0x00000001080b38e8, pid=1150, tid=0x0000000000001903
#
# JRE version: Java(TM) SE Runtime Environment (8.0_101-b13) (build 1.8.0_101-b13)
# Java VM: Java HotSpot(TM) 64-Bit Server VM (25.101-b13 mixed mode bsd-amd64 compressed oops)
# Problematic frame:
# V  [libjvm.dylib+0x2b38e8]  binary_search(Array<Method*>*, Symbol*)+0x2c
#
# Failed to write core dump. Core dumps have been disabled. To enable core dumping, try "ulimit -c unlimited" before starting Java again
#
# If you would like to submit a bug report, please visit:
#   http://bugreport.java.com/bugreport/crash.jsp
#

---------------  T H R E A D  ---------------

Current thread (0x00007fea62803000):  JavaThread "main" [_thread_in_vm, id=6403, stack(0x0000000108d9e000,0x0000000108e9e000)]

siginfo: si_signo: 11 (SIGSEGV), si_code: 0 (unknown), si_addr: 0x0000000000000000

Registers:
RAX=0x0000000000000000, RBX=0x0000000000000001, RCX=0x0000000000000001, RDX=0x0000000000000000
RSP=0x0000000108e9a460, RBP=0x0000000108e9a460, RSI=0x00007fea639bd8e0, RDI=0x0000000120143c50
R8 =0x8000000120143580, R9 =0x000000000000003c, R10=0x0000000000000001, R11=0x0000000109328140
R12=0x0000000108e9a980, R13=0x0000000108e9aba8, R14=0x0000000120143c50, R15=0x00000007c0379630
RIP=0x00000001080b38e8, EFLAGS=0x0000000000010257, ERR=0x0000000000000000
  TRAPNO=0x000000000000000d

Top of Stack: (sp=0x0000000108e9a460)
0x0000000108e9a460:   0000000108e9a4b0 00000001080b39d6
0x0000000108e9a470:   0000000008e9a4b0 00007fea639bd8e0
0x0000000108e9a480:   00007fea639bd910 0000000120143c50
0x0000000108e9a490:   0000000108e9a980 0000000108e9aba8
0x0000000108e9a4a0:   00007fea639bd8e0 00000007c0379630
0x0000000108e9a4b0:   0000000108e9a4d0 00000001080b3b5f
0x0000000108e9a4c0:   0000000020148a90 00007fea639bd910
0x0000000108e9a4d0:   0000000108e9a500 00000001080b3ba5
0x0000000108e9a4e0:   0000000108e9a6b8 00007fea639bd910
0x0000000108e9a4f0:   00007fea639bd8e0 00000007c0379630
0x0000000108e9a500:   0000000108e9a560 00000001081c8abc
0x0000000108e9a510:   0000000100000000 000000012010be68
0x0000000108e9a520:   00000007c03731d8 0000000108e9ab48
0x0000000108e9a530:   0000000000000004 0000000108e9a980
0x0000000108e9a540:   00007fea62803000 0000000108e9aba8
0x0000000108e9a550:   00000007c0379630 00007fea62803000
0x0000000108e9a560:   0000000108e9a730 00000001081c951e
0x0000000108e9a570:   00007fea62803000 000000012010be68
0x0000000108e9a580:   00007fea62803000 000000012011f458
0x0000000108e9a590:   00000007c0379428 00007fea639bd8e0
0x0000000108e9a5a0:   00007fea639bd910 0000000000000004
0x0000000108e9a5b0:   00000000fffffff2 000000012010be68
0x0000000108e9a5c0:   0000000108e9a8f0 00000001081ccba1
0x0000000108e9a5d0:   00007fea62803000 0000000108e9ab48
0x0000000108e9a5e0:   00000007c03731d8 00000007c0373d20
0x0000000108e9a5f0:   00007fea61600238 0000000108e9a920
0x0000000108e9a600:   0000000108e9a8f0 00000001081c9273
0x0000000108e9a610:   00007fea62803000 000000012010a1e8
0x0000000108e9a620:   0000000108e9a950 00000007c037ac70
0x0000000108e9a630:   00007fea63b31eb0 00007fea6171c910
0x0000000108e9a640:   00000007c0372dd0 00000007c037ac70
0x0000000108e9a650:   00007fea61600238 0000000108e9a980 

Instructions: (pc=0x00000001080b38e8)
0x00000001080b38c8:   ff c0 89 c2 eb 2d 8d 04 11 d1 f8 4c 63 c0 4e 8b
0x00000001080b38d8:   44 c7 08 4d 8b 40 08 45 0f b7 48 22 4d 8b 40 08
0x00000001080b38e8:   4f 8b 44 c8 50 49 39 f0 72 d6 49 39 f0 74 0d ff
0x00000001080b38f8:   c8 89 c1 39 ca 7e cf b8 ff ff ff ff 5d c3 55 48 

Register to memory mapping:

RAX=0x0000000000000000 is an unknown value
RBX=0x0000000000000001 is an unknown value
RCX=0x0000000000000001 is an unknown value
RDX=0x0000000000000000 is an unknown value
RSP=0x0000000108e9a460 is pointing into the stack for thread: 0x00007fea62803000
RBP=0x0000000108e9a460 is pointing into the stack for thread: 0x00007fea62803000
RSI=0x00007fea639bd8e0 is an unknown value
RDI=0x0000000120143c50 is pointing into metadata
R8 =0x8000000120143580 is an unknown value
R9 =0x000000000000003c is an unknown value
R10=0x0000000000000001 is an unknown value
R11=0x0000000109328140 is at entry_point+0 in (nmethod*)0x0000000109327f90
R12=0x0000000108e9a980 is pointing into the stack for thread: 0x00007fea62803000
R13=0x0000000108e9aba8 is pointing into the stack for thread: 0x00007fea62803000
R14=0x0000000120143c50 is pointing into metadata
R15=0x00000007c0379630 is pointing into metadata


Stack: [0x0000000108d9e000,0x0000000108e9e000],  sp=0x0000000108e9a460,  free space=1009k
Native frames: (J=compiled Java code, j=interpreted, Vv=VM code, C=native code)
V  [libjvm.dylib+0x2b38e8]  binary_search(Array<Method*>*, Symbol*)+0x2c
V  [libjvm.dylib+0x2b39d6]  InstanceKlass::find_method_index(Array<Method*>*, Symbol*, Symbol*, bool, bool)+0x2a
V  [libjvm.dylib+0x2b3b5f]  InstanceKlass::find_method_impl(Symbol*, Symbol*, bool) const+0x1b
V  [libjvm.dylib+0x2b3ba5]  InstanceKlass::uncached_lookup_method(Symbol*, Symbol*, Klass::MethodLookupMode) const+0x2f
V  [libjvm.dylib+0x3c8abc]  LinkResolver::lookup_method_in_klasses(methodHandle&, KlassHandle, Symbol*, Symbol*, bool, bool, Thread*)+0x3c
V  [libjvm.dylib+0x3c951e]  LinkResolver::resolve_method(methodHandle&, KlassHandle, Symbol*, Symbol*, KlassHandle, bool, bool, Thread*)+0x7e
V  [libjvm.dylib+0x3c9a99]  LinkResolver::linktime_resolve_virtual_method(methodHandle&, KlassHandle, Symbol*, Symbol*, KlassHandle, bool, Thread*)+0x47
V  [libjvm.dylib+0x3cbecf]  LinkResolver::resolve_virtual_call(CallInfo&, Handle, KlassHandle, KlassHandle, Symbol*, Symbol*, KlassHandle, bool, bool, Thread*)+0x57
V  [libjvm.dylib+0x3cc0f5]  LinkResolver::resolve_invokevirtual(CallInfo&, Handle, constantPoolHandle, int, Thread*)+0x143
V  [libjvm.dylib+0x3cdbd9]  LinkResolver::resolve_invoke(CallInfo&, Handle, constantPoolHandle, int, Bytecodes::Code, Thread*)+0x205
V  [libjvm.dylib+0x2e734d]  InterpreterRuntime::resolve_invoke(JavaThread*, Bytecodes::Code)+0x371
j  org.springframework.data.repository.config.RepositoryBeanDefinitionBuilder.registerCustomImplementation(Lorg/springframework/data/repository/config/RepositoryConfiguration;)Ljava/lang/String;+38
j  org.springframework.data.repository.config.RepositoryBeanDefinitionBuilder.build(Lorg/springframework/data/repository/config/RepositoryConfiguration;)Lorg/springframework/beans/factory/support/BeanDefinitionBuilder;+167
j  org.springframework.data.repository.config.RepositoryConfigurationDelegate.registerRepositoriesIn(Lorg/springframework/beans/factory/support/BeanDefinitionRegistry;Lorg/springframework/data/repository/config/RepositoryConfigurationExtension;)Ljava/util/List;+88
j  org.springframework.data.repository.config.RepositoryBeanDefinitionParser.parse(Lorg/w3c/dom/Element;Lorg/springframework/beans/factory/xml/ParserContext;)Lorg/springframework/beans/factory/config/BeanDefinition;+68
j  org.springframework.beans.factory.xml.NamespaceHandlerSupport.parse(Lorg/w3c/dom/Element;Lorg/springframework/beans/factory/xml/ParserContext;)Lorg/springframework/beans/factory/config/BeanDefinition;+8
j  org.springframework.beans.factory.xml.BeanDefinitionParserDelegate.parseCustomElement(Lorg/w3c/dom/Element;Lorg/springframework/beans/factory/config/BeanDefinition;)Lorg/springframework/beans/factory/config/BeanDefinition;+74
j  org.springframework.beans.factory.xml.BeanDefinitionParserDelegate.parseCustomElement(Lorg/w3c/dom/Element;)Lorg/springframework/beans/factory/config/BeanDefinition;+3
j  org.springframework.beans.factory.xml.DefaultBeanDefinitionDocumentReader.parseBeanDefinitions(Lorg/w3c/dom/Element;Lorg/springframework/beans/factory/xml/BeanDefinitionParserDelegate;)V+76
j  org.springframework.beans.factory.xml.DefaultBeanDefinitionDocumentReader.doRegisterBeanDefinitions(Lorg/w3c/dom/Element;)V+83
j  org.springframework.beans.factory.xml.DefaultBeanDefinitionDocumentReader.registerBeanDefinitions(Lorg/w3c/dom/Document;Lorg/springframework/beans/factory/xml/XmlReaderContext;)V+25
j  org.springframework.beans.factory.xml.XmlBeanDefinitionReader.registerBeanDefinitions(Lorg/w3c/dom/Document;Lorg/springframework/core/io/Resource;)I+33
j  org.springframework.beans.factory.xml.XmlBeanDefinitionReader.doLoadBeanDefinitions(Lorg/xml/sax/InputSource;Lorg/springframework/core/io/Resource;)I+10
j  org.springframework.beans.factory.xml.XmlBeanDefinitionReader.loadBeanDefinitions(Lorg/springframework/core/io/support/EncodedResource;)I+166
j  org.springframework.beans.factory.xml.XmlBeanDefinitionReader.loadBeanDefinitions(Lorg/springframework/core/io/Resource;)I+9
j  org.springframework.beans.factory.support.AbstractBeanDefinitionReader.loadBeanDefinitions([Lorg/springframework/core/io/Resource;)I+34
j  org.springframework.beans.factory.support.AbstractBeanDefinitionReader.loadBeanDefinitions(Ljava/lang/String;Ljava/util/Set;)I+63
j  org.springframework.beans.factory.support.AbstractBeanDefinitionReader.loadBeanDefinitions(Ljava/lang/String;)I+3
j  org.springframework.web.context.support.XmlWebApplicationContext.loadBeanDefinitions(Lorg/springframework/beans/factory/xml/XmlBeanDefinitionReader;)V+34
j  org.springframework.web.context.support.XmlWebApplicationContext.loadBeanDefinitions(Lorg/springframework/beans/factory/support/DefaultListableBeanFactory;)V+41
j  org.springframework.context.support.AbstractRefreshableApplicationContext.refreshBeanFactory()V+35
j  org.springframework.context.support.AbstractApplicationContext.obtainFreshBeanFactory()Lorg/springframework/beans/factory/config/ConfigurableListableBeanFactory;+1
j  org.springframework.context.support.AbstractApplicationContext.refresh()V+12
j  org.springframework.web.context.ContextLoader.configureAndRefreshWebApplicationContext(Lorg/springframework/web/context/ConfigurableWebApplicationContext;Ljavax/servlet/ServletContext;)V+135
j  org.springframework.web.context.ContextLoader.initWebApplicationContext(Ljavax/servlet/ServletContext;)Lorg/springframework/web/context/WebApplicationContext;+132
j  org.springframework.web.context.ContextLoaderListener.contextInitialized(Ljavax/servlet/ServletContextEvent;)V+5
j  org.eclipse.jetty.server.handler.ContextHandler.callContextInitialized(Ljavax/servlet/ServletContextListener;Ljavax/servlet/ServletContextEvent;)V+35
j  org.eclipse.jetty.servlet.ServletContextHandler.callContextInitialized(Ljavax/servlet/ServletContextListener;Ljavax/servlet/ServletContextEvent;)V+19
j  org.eclipse.jetty.server.handler.ContextHandler.startContext()V+190
j  org.eclipse.jetty.servlet.ServletContextHandler.startContext()V+124
j  org.eclipse.jetty.webapp.WebAppContext.startWebapp()V+1
j  org.eclipse.jetty.maven.plugin.JettyWebAppContext.startWebapp()V+142
j  org.eclipse.jetty.webapp.WebAppContext.startContext()V+13
j  org.eclipse.jetty.server.handler.ContextHandler.doStart()V+134
j  org.eclipse.jetty.webapp.WebAppContext.doStart()V+16
j  org.eclipse.jetty.maven.plugin.JettyWebAppContext.doStart()V+367
j  org.eclipse.jetty.util.component.AbstractLifeCycle.start()V+31
j  org.eclipse.jetty.util.component.ContainerLifeCycle.start(Lorg/eclipse/jetty/util/component/LifeCycle;)V+1
j  org.eclipse.jetty.util.component.ContainerLifeCycle.doStart()V+129
j  org.eclipse.jetty.server.handler.AbstractHandler.doStart()V+55
j  org.eclipse.jetty.server.handler.ContextHandlerCollection.doStart()V+5
j  org.eclipse.jetty.util.component.AbstractLifeCycle.start()V+31
j  org.eclipse.jetty.util.component.ContainerLifeCycle.start(Lorg/eclipse/jetty/util/component/LifeCycle;)V+1
j  org.eclipse.jetty.util.component.ContainerLifeCycle.doStart()V+129
j  org.eclipse.jetty.server.handler.AbstractHandler.doStart()V+55
j  org.eclipse.jetty.util.component.AbstractLifeCycle.start()V+31
j  org.eclipse.jetty.util.component.ContainerLifeCycle.start(Lorg/eclipse/jetty/util/component/LifeCycle;)V+1
j  org.eclipse.jetty.server.Server.start(Lorg/eclipse/jetty/util/component/LifeCycle;)V+9
j  org.eclipse.jetty.util.component.ContainerLifeCycle.doStart()V+129
j  org.eclipse.jetty.server.handler.AbstractHandler.doStart()V+55
j  org.eclipse.jetty.server.Server.doStart()V+262
j  org.eclipse.jetty.maven.plugin.JettyServer.doStart()V+1
j  org.eclipse.jetty.util.component.AbstractLifeCycle.start()V+31
j  org.eclipse.jetty.maven.plugin.AbstractJettyMojo.startJetty()V+333
j  org.eclipse.jetty.maven.plugin.AbstractJettyMojo.execute()V+129
j  org.eclipse.jetty.maven.plugin.JettyRunMojo.execute()V+16
j  org.apache.maven.plugin.DefaultBuildPluginManager.executeMojo(Lorg/apache/maven/execution/MavenSession;Lorg/apache/maven/plugin/MojoExecution;)V+155
j  org.apache.maven.lifecycle.internal.MojoExecutor.execute(Lorg/apache/maven/execution/MavenSession;Lorg/apache/maven/plugin/MojoExecution;Lorg/apache/maven/lifecycle/internal/ProjectIndex;Lorg/apache/maven/lifecycle/internal/DependencyContext;)V+220
j  org.apache.maven.lifecycle.internal.MojoExecutor.execute(Lorg/apache/maven/execution/MavenSession;Lorg/apache/maven/plugin/MojoExecution;Lorg/apache/maven/lifecycle/internal/ProjectIndex;Lorg/apache/maven/lifecycle/internal/DependencyContext;Lorg/apache/maven/lifecycle/internal/PhaseRecorder;)V+6
j  org.apache.maven.lifecycle.internal.MojoExecutor.execute(Lorg/apache/maven/execution/MavenSession;Ljava/util/List;Lorg/apache/maven/lifecycle/internal/ProjectIndex;)V+60
j  org.apache.maven.lifecycle.internal.LifecycleModuleBuilder.buildProject(Lorg/apache/maven/execution/MavenSession;Lorg/apache/maven/execution/MavenSession;Lorg/apache/maven/lifecycle/internal/ReactorContext;Lorg/apache/maven/project/MavenProject;Lorg/apache/maven/lifecycle/internal/TaskSegment;)V+180
j  org.apache.maven.lifecycle.internal.LifecycleModuleBuilder.buildProject(Lorg/apache/maven/execution/MavenSession;Lorg/apache/maven/lifecycle/internal/ReactorContext;Lorg/apache/maven/project/MavenProject;Lorg/apache/maven/lifecycle/internal/TaskSegment;)V+7
j  org.apache.maven.lifecycle.internal.builder.singlethreaded.SingleThreadedBuilder.build(Lorg/apache/maven/execution/MavenSession;Lorg/apache/maven/lifecycle/internal/ReactorContext;Lorg/apache/maven/lifecycle/internal/ProjectBuildList;Ljava/util/List;Lorg/apache/maven/lifecycle/internal/ReactorBuildStatus;)V+77
j  org.apache.maven.lifecycle.internal.LifecycleStarter.execute(Lorg/apache/maven/execution/MavenSession;)V+353
j  org.apache.maven.DefaultMaven.doExecute(Lorg/apache/maven/execution/MavenExecutionRequest;Lorg/apache/maven/execution/MavenSession;Lorg/apache/maven/execution/MavenExecutionResult;Lorg/eclipse/aether/DefaultRepositorySystemSession;)Lorg/apache/maven/execution/MavenExecutionResult;+414
j  org.apache.maven.DefaultMaven.doExecute(Lorg/apache/maven/execution/MavenExecutionRequest;)Lorg/apache/maven/execution/MavenExecutionResult;+99
j  org.apache.maven.DefaultMaven.execute(Lorg/apache/maven/execution/MavenExecutionRequest;)Lorg/apache/maven/execution/MavenExecutionResult;+2
j  org.apache.maven.cli.MavenCli.execute(Lorg/apache/maven/cli/CliRequest;)I+27
j  org.apache.maven.cli.MavenCli.doMain(Lorg/apache/maven/cli/CliRequest;)I+66
j  org.apache.maven.cli.MavenCli.main([Ljava/lang/String;Lorg/codehaus/plexus/classworlds/ClassWorld;)I+18
v  ~StubRoutines::call_stub
V  [libjvm.dylib+0x2ecf06]  JavaCalls::call_helper(JavaValue*, methodHandle*, JavaCallArguments*, Thread*)+0x6ae
V  [libjvm.dylib+0x4d1214]  Reflection::invoke(instanceKlassHandle, methodHandle, Handle, bool, objArrayHandle, BasicType, objArrayHandle, bool, Thread*)+0xe12
V  [libjvm.dylib+0x4d1748]  Reflection::invoke_method(oopDesc*, Handle, objArrayHandle, Thread*)+0x16c
V  [libjvm.dylib+0x345384]  JVM_InvokeMethod+0x166
j  sun.reflect.NativeMethodAccessorImpl.invoke0(Ljava/lang/reflect/Method;Ljava/lang/Object;[Ljava/lang/Object;)Ljava/lang/Object;+0
j  sun.reflect.NativeMethodAccessorImpl.invoke(Ljava/lang/Object;[Ljava/lang/Object;)Ljava/lang/Object;+100
j  sun.reflect.DelegatingMethodAccessorImpl.invoke(Ljava/lang/Object;[Ljava/lang/Object;)Ljava/lang/Object;+6
j  java.lang.reflect.Method.invoke(Ljava/lang/Object;[Ljava/lang/Object;)Ljava/lang/Object;+56
j  org.codehaus.plexus.classworlds.launcher.Launcher.launchEnhanced([Ljava/lang/String;)V+45
j  org.codehaus.plexus.classworlds.launcher.Launcher.launch([Ljava/lang/String;)V+2
j  org.codehaus.plexus.classworlds.launcher.Launcher.mainWithExitCode([Ljava/lang/String;)I+101
j  org.codehaus.plexus.classworlds.launcher.Launcher.main([Ljava/lang/String;)V+1
v  ~StubRoutines::call_stub
V  [libjvm.dylib+0x2ecf06]  JavaCalls::call_helper(JavaValue*, methodHandle*, JavaCallArguments*, Thread*)+0x6ae
V  [libjvm.dylib+0x323d7a]  jni_invoke_static(JNIEnv_*, JavaValue*, _jobject*, JNICallType, _jmethodID*, JNI_ArgumentPusher*, Thread*)+0x1bf
V  [libjvm.dylib+0x31caf1]  jni_CallStaticVoidMethod+0x15d
C  [java+0x3931]  JavaMain+0x9c4
C  [libsystem_pthread.dylib+0x1899]  _pthread_body+0x8a
C  [libsystem_pthread.dylib+0x172a]  _pthread_struct_init+0x0
...<more frames>...

Java frames: (J=compiled Java code, j=interpreted, Vv=VM code)
j  org.springframework.data.repository.config.RepositoryBeanDefinitionBuilder.registerCustomImplementation(Lorg/springframework/data/repository/config/RepositoryConfiguration;)Ljava/lang/String;+38
j  org.springframework.data.repository.config.RepositoryBeanDefinitionBuilder.build(Lorg/springframework/data/repository/config/RepositoryConfiguration;)Lorg/springframework/beans/factory/support/BeanDefinitionBuilder;+167
j  org.springframework.data.repository.config.RepositoryConfigurationDelegate.registerRepositoriesIn(Lorg/springframework/beans/factory/support/BeanDefinitionRegistry;Lorg/springframework/data/repository/config/RepositoryConfigurationExtension;)Ljava/util/List;+88
j  org.springframework.data.repository.config.RepositoryBeanDefinitionParser.parse(Lorg/w3c/dom/Element;Lorg/springframework/beans/factory/xml/ParserContext;)Lorg/springframework/beans/factory/config/BeanDefinition;+68
j  org.springframework.beans.factory.xml.NamespaceHandlerSupport.parse(Lorg/w3c/dom/Element;Lorg/springframework/beans/factory/xml/ParserContext;)Lorg/springframework/beans/factory/config/BeanDefinition;+8
j  org.springframework.beans.factory.xml.BeanDefinitionParserDelegate.parseCustomElement(Lorg/w3c/dom/Element;Lorg/springframework/beans/factory/config/BeanDefinition;)Lorg/springframework/beans/factory/config/BeanDefinition;+74
j  org.springframework.beans.factory.xml.BeanDefinitionParserDelegate.parseCustomElement(Lorg/w3c/dom/Element;)Lorg/springframework/beans/factory/config/BeanDefinition;+3
j  org.springframework.beans.factory.xml.DefaultBeanDefinitionDocumentReader.parseBeanDefinitions(Lorg/w3c/dom/Element;Lorg/springframework/beans/factory/xml/BeanDefinitionParserDelegate;)V+76
j  org.springframework.beans.factory.xml.DefaultBeanDefinitionDocumentReader.doRegisterBeanDefinitions(Lorg/w3c/dom/Element;)V+83
j  org.springframework.beans.factory.xml.DefaultBeanDefinitionDocumentReader.registerBeanDefinitions(Lorg/w3c/dom/Document;Lorg/springframework/beans/factory/xml/XmlReaderContext;)V+25
j  org.springframework.beans.factory.xml.XmlBeanDefinitionReader.registerBeanDefinitions(Lorg/w3c/dom/Document;Lorg/springframework/core/io/Resource;)I+33
j  org.springframework.beans.factory.xml.XmlBeanDefinitionReader.doLoadBeanDefinitions(Lorg/xml/sax/InputSource;Lorg/springframework/core/io/Resource;)I+10
j  org.springframework.beans.factory.xml.XmlBeanDefinitionReader.loadBeanDefinitions(Lorg/springframework/core/io/support/EncodedResource;)I+166
j  org.springframework.beans.factory.xml.XmlBeanDefinitionReader.loadBeanDefinitions(Lorg/springframework/core/io/Resource;)I+9
j  org.springframework.beans.factory.support.AbstractBeanDefinitionReader.loadBeanDefinitions([Lorg/springframework/core/io/Resource;)I+34
j  org.springframework.beans.factory.support.AbstractBeanDefinitionReader.loadBeanDefinitions(Ljava/lang/String;Ljava/util/Set;)I+63
j  org.springframework.beans.factory.support.AbstractBeanDefinitionReader.loadBeanDefinitions(Ljava/lang/String;)I+3
j  org.springframework.web.context.support.XmlWebApplicationContext.loadBeanDefinitions(Lorg/springframework/beans/factory/xml/XmlBeanDefinitionReader;)V+34
j  org.springframework.web.context.support.XmlWebApplicationContext.loadBeanDefinitions(Lorg/springframework/beans/factory/support/DefaultListableBeanFactory;)V+41
j  org.springframework.context.support.AbstractRefreshableApplicationContext.refreshBeanFactory()V+35
j  org.springframework.context.support.AbstractApplicationContext.obtainFreshBeanFactory()Lorg/springframework/beans/factory/config/ConfigurableListableBeanFactory;+1
j  org.springframework.context.support.AbstractApplicationContext.refresh()V+12
j  org.springframework.web.context.ContextLoader.configureAndRefreshWebApplicationContext(Lorg/springframework/web/context/ConfigurableWebApplicationContext;Ljavax/servlet/ServletContext;)V+135
j  org.springframework.web.context.ContextLoader.initWebApplicationContext(Ljavax/servlet/ServletContext;)Lorg/springframework/web/context/WebApplicationContext;+132
j  org.springframework.web.context.ContextLoaderListener.contextInitialized(Ljavax/servlet/ServletContextEvent;)V+5
j  org.eclipse.jetty.server.handler.ContextHandler.callContextInitialized(Ljavax/servlet/ServletContextListener;Ljavax/servlet/ServletContextEvent;)V+35
j  org.eclipse.jetty.servlet.ServletContextHandler.callContextInitialized(Ljavax/servlet/ServletContextListener;Ljavax/servlet/ServletContextEvent;)V+19
j  org.eclipse.jetty.server.handler.ContextHandler.startContext()V+190
j  org.eclipse.jetty.servlet.ServletContextHandler.startContext()V+124
j  org.eclipse.jetty.webapp.WebAppContext.startWebapp()V+1
j  org.eclipse.jetty.maven.plugin.JettyWebAppContext.startWebapp()V+142
j  org.eclipse.jetty.webapp.WebAppContext.startContext()V+13
j  org.eclipse.jetty.server.handler.ContextHandler.doStart()V+134
j  org.eclipse.jetty.webapp.WebAppContext.doStart()V+16
j  org.eclipse.jetty.maven.plugin.JettyWebAppContext.doStart()V+367
j  org.eclipse.jetty.util.component.AbstractLifeCycle.start()V+31
j  org.eclipse.jetty.util.component.ContainerLifeCycle.start(Lorg/eclipse/jetty/util/component/LifeCycle;)V+1
j  org.eclipse.jetty.util.component.ContainerLifeCycle.doStart()V+129
j  org.eclipse.jetty.server.handler.AbstractHandler.doStart()V+55
j  org.eclipse.jetty.server.handler.ContextHandlerCollection.doStart()V+5
j  org.eclipse.jetty.util.component.AbstractLifeCycle.start()V+31
j  org.eclipse.jetty.util.component.ContainerLifeCycle.start(Lorg/eclipse/jetty/util/component/LifeCycle;)V+1
j  org.eclipse.jetty.util.component.ContainerLifeCycle.doStart()V+129
j  org.eclipse.jetty.server.handler.AbstractHandler.doStart()V+55
j  org.eclipse.jetty.util.component.AbstractLifeCycle.start()V+31
j  org.eclipse.jetty.util.component.ContainerLifeCycle.start(Lorg/eclipse/jetty/util/component/LifeCycle;)V+1
j  org.eclipse.jetty.server.Server.start(Lorg/eclipse/jetty/util/component/LifeCycle;)V+9
j  org.eclipse.jetty.util.component.ContainerLifeCycle.doStart()V+129
j  org.eclipse.jetty.server.handler.AbstractHandler.doStart()V+55
j  org.eclipse.jetty.server.Server.doStart()V+262
j  org.eclipse.jetty.maven.plugin.JettyServer.doStart()V+1
j  org.eclipse.jetty.util.component.AbstractLifeCycle.start()V+31
j  org.eclipse.jetty.maven.plugin.AbstractJettyMojo.startJetty()V+333
j  org.eclipse.jetty.maven.plugin.AbstractJettyMojo.execute()V+129
j  org.eclipse.jetty.maven.plugin.JettyRunMojo.execute()V+16
j  org.apache.maven.plugin.DefaultBuildPluginManager.executeMojo(Lorg/apache/maven/execution/MavenSession;Lorg/apache/maven/plugin/MojoExecution;)V+155
j  org.apache.maven.lifecycle.internal.MojoExecutor.execute(Lorg/apache/maven/execution/MavenSession;Lorg/apache/maven/plugin/MojoExecution;Lorg/apache/maven/lifecycle/internal/ProjectIndex;Lorg/apache/maven/lifecycle/internal/DependencyContext;)V+220
j  org.apache.maven.lifecycle.internal.MojoExecutor.execute(Lorg/apache/maven/execution/MavenSession;Lorg/apache/maven/plugin/MojoExecution;Lorg/apache/maven/lifecycle/internal/ProjectIndex;Lorg/apache/maven/lifecycle/internal/DependencyContext;Lorg/apache/maven/lifecycle/internal/PhaseRecorder;)V+6
j  org.apache.maven.lifecycle.internal.MojoExecutor.execute(Lorg/apache/maven/execution/MavenSession;Ljava/util/List;Lorg/apache/maven/lifecycle/internal/ProjectIndex;)V+60
j  org.apache.maven.lifecycle.internal.LifecycleModuleBuilder.buildProject(Lorg/apache/maven/execution/MavenSession;Lorg/apache/maven/execution/MavenSession;Lorg/apache/maven/lifecycle/internal/ReactorContext;Lorg/apache/maven/project/MavenProject;Lorg/apache/maven/lifecycle/internal/TaskSegment;)V+180
j  org.apache.maven.lifecycle.internal.LifecycleModuleBuilder.buildProject(Lorg/apache/maven/execution/MavenSession;Lorg/apache/maven/lifecycle/internal/ReactorContext;Lorg/apache/maven/project/MavenProject;Lorg/apache/maven/lifecycle/internal/TaskSegment;)V+7
j  org.apache.maven.lifecycle.internal.builder.singlethreaded.SingleThreadedBuilder.build(Lorg/apache/maven/execution/MavenSession;Lorg/apache/maven/lifecycle/internal/ReactorContext;Lorg/apache/maven/lifecycle/internal/ProjectBuildList;Ljava/util/List;Lorg/apache/maven/lifecycle/internal/ReactorBuildStatus;)V+77
j  org.apache.maven.lifecycle.internal.LifecycleStarter.execute(Lorg/apache/maven/execution/MavenSession;)V+353
j  org.apache.maven.DefaultMaven.doExecute(Lorg/apache/maven/execution/MavenExecutionRequest;Lorg/apache/maven/execution/MavenSession;Lorg/apache/maven/execution/MavenExecutionResult;Lorg/eclipse/aether/DefaultRepositorySystemSession;)Lorg/apache/maven/execution/MavenExecutionResult;+414
j  org.apache.maven.DefaultMaven.doExecute(Lorg/apache/maven/execution/MavenExecutionRequest;)Lorg/apache/maven/execution/MavenExecutionResult;+99
j  org.apache.maven.DefaultMaven.execute(Lorg/apache/maven/execution/MavenExecutionRequest;)Lorg/apache/maven/execution/MavenExecutionResult;+2
j  org.apache.maven.cli.MavenCli.execute(Lorg/apache/maven/cli/CliRequest;)I+27
j  org.apache.maven.cli.MavenCli.doMain(Lorg/apache/maven/cli/CliRequest;)I+66
j  org.apache.maven.cli.MavenCli.main([Ljava/lang/String;Lorg/codehaus/plexus/classworlds/ClassWorld;)I+18
v  ~StubRoutines::call_stub
j  sun.reflect.NativeMethodAccessorImpl.invoke0(Ljava/lang/reflect/Method;Ljava/lang/Object;[Ljava/lang/Object;)Ljava/lang/Object;+0
j  sun.reflect.NativeMethodAccessorImpl.invoke(Ljava/lang/Object;[Ljava/lang/Object;)Ljava/lang/Object;+100
j  sun.reflect.DelegatingMethodAccessorImpl.invoke(Ljava/lang/Object;[Ljava/lang/Object;)Ljava/lang/Object;+6
j  java.lang.reflect.Method.invoke(Ljava/lang/Object;[Ljava/lang/Object;)Ljava/lang/Object;+56
j  org.codehaus.plexus.classworlds.launcher.Launcher.launchEnhanced([Ljava/lang/String;)V+45
j  org.codehaus.plexus.classworlds.launcher.Launcher.launch([Ljava/lang/String;)V+2
j  org.codehaus.plexus.classworlds.launcher.Launcher.mainWithExitCode([Ljava/lang/String;)I+101
j  org.codehaus.plexus.classworlds.launcher.Launcher.main([Ljava/lang/String;)V+1
v  ~StubRoutines::call_stub

---------------  P R O C E S S  ---------------

Java Threads: ( => current thread )
  0x00007fea65fb3000 JavaThread "org.eclipse.jetty.server.session.HashSessionManager@475646d4Timer" daemon [_thread_blocked, id=27139, stack(0x000000011df15000,0x000000011e015000)]
  0x00007fea62289000 JavaThread "qtp284034271-20" [_thread_blocked, id=26627, stack(0x000000011f65d000,0x000000011f75d000)]
  0x00007fea62d7b000 JavaThread "qtp284034271-19" [_thread_blocked, id=26115, stack(0x000000011f55a000,0x000000011f65a000)]
  0x00007fea61dc0800 JavaThread "qtp284034271-18" [_thread_blocked, id=25603, stack(0x000000011f457000,0x000000011f557000)]
  0x00007fea61dfe800 JavaThread "qtp284034271-17" [_thread_blocked, id=25091, stack(0x000000011f354000,0x000000011f454000)]
  0x00007fea635f7800 JavaThread "qtp284034271-16" [_thread_blocked, id=24579, stack(0x000000011f251000,0x000000011f351000)]
  0x00007fea635f6800 JavaThread "qtp284034271-15" [_thread_blocked, id=24067, stack(0x000000011f14e000,0x000000011f24e000)]
  0x00007fea6343c800 JavaThread "qtp284034271-14" [_thread_blocked, id=23555, stack(0x000000011f04b000,0x000000011f14b000)]
  0x00007fea62288800 JavaThread "qtp284034271-13" [_thread_blocked, id=23043, stack(0x000000011ef48000,0x000000011f048000)]
  0x00007fea6257d800 JavaThread "ShutdownMonitor" daemon [_thread_in_native, id=22535, stack(0x000000011dc09000,0x000000011dd09000)]
  0x00007fea634ba800 JavaThread "Abandoned connection cleanup thread" daemon [_thread_blocked, id=20739, stack(0x000000011e07e000,0x000000011e17e000)]
  0x00007fea62007000 JavaThread "Service Thread" daemon [_thread_blocked, id=19715, stack(0x000000011cef4000,0x000000011cff4000)]
  0x00007fea61843800 JavaThread "C1 CompilerThread2" daemon [_thread_blocked, id=19203, stack(0x000000011cdf1000,0x000000011cef1000)]
  0x00007fea61843000 JavaThread "C2 CompilerThread1" daemon [_thread_in_native, id=18691, stack(0x000000011ccee000,0x000000011cdee000)]
  0x00007fea61841000 JavaThread "C2 CompilerThread0" daemon [_thread_in_native, id=18179, stack(0x000000011cbeb000,0x000000011cceb000)]
  0x00007fea6183e000 JavaThread "Signal Dispatcher" daemon [_thread_blocked, id=17667, stack(0x000000011cae8000,0x000000011cbe8000)]
  0x00007fea6183c000 JavaThread "Finalizer" daemon [_thread_blocked, id=12547, stack(0x000000011c899000,0x000000011c999000)]
  0x00007fea61839000 JavaThread "Reference Handler" daemon [_thread_blocked, id=12035, stack(0x000000011c796000,0x000000011c896000)]
=>0x00007fea62803000 JavaThread "main" [_thread_in_vm, id=6403, stack(0x0000000108d9e000,0x0000000108e9e000)]

Other Threads:
  0x00007fea62006800 VMThread [stack: 0x000000011c693000,0x000000011c793000] [id=11523]
  0x00007fea61840000 WatcherThread [stack: 0x000000011cff7000,0x000000011d0f7000] [id=20227]

VM state:not at safepoint (normal execution)

VM Mutex/Monitor currently owned by a thread: None

Heap:
 PSYoungGen      total 266752K, used 243810K [0x00000007aab00000, 0x00000007c0000000, 0x00000007c0000000)
  eden space 251904K, 95% used [0x00000007aab00000,0x00000007b94c9fe8,0x00000007ba100000)
  from space 14848K, 29% used [0x00000007ba100000,0x00000007ba54ead8,0x00000007baf80000)
  to   space 34304K, 0% used [0x00000007bde80000,0x00000007bde80000,0x00000007c0000000)
 ParOldGen       total 119808K, used 63170K [0x0000000780000000, 0x0000000787500000, 0x00000007aab00000)
  object space 119808K, 52% used [0x0000000780000000,0x0000000783db0a78,0x0000000787500000)
 Metaspace       used 29198K, capacity 29894K, committed 30336K, reserved 1075200K
  class space    used 3374K, capacity 3589K, committed 3712K, reserved 1048576K

Card table byte_map: [0x0000000118260000,0x0000000118461000] byte_map_base: 0x0000000114660000

Marking Bits: (ParMarkBitMap*) 0x00000001086edd20
 Begin Bits: [0x00000001189c3000, 0x00000001199c3000)
 End Bits:   [0x00000001199c3000, 0x000000011a9c3000)

Polling page: 0x00000001075d0000

CodeCache: size=245760Kb used=13251Kb max_used=13251Kb free=232508Kb
 bounds [0x0000000108ea0000, 0x0000000109ba0000, 0x0000000117ea0000]
 total_blobs=4349 nmethods=3911 adapters=350
 compilation: enabled

Compilation events (10 events):
Event: 9,487 Thread 0x00007fea61843800 4502       3       org.springframework.util.ConcurrentReferenceHashMap::purgeUnreferencedEntries (33 bytes)
Event: 9,488 Thread 0x00007fea61843800 nmethod 4502 0x0000000109b987d0 code [0x0000000109b98940, 0x0000000109b98c28]
Event: 9,488 Thread 0x00007fea61843800 4503       1       org.springframework.core.ResolvableType$DefaultVariableResolver::getSource (5 bytes)
Event: 9,488 Thread 0x00007fea61843800 nmethod 4503 0x0000000109b98d90 code [0x0000000109b98ee0, 0x0000000109b98ff0]
Event: 9,492 Thread 0x00007fea61843800 4504       3       com.sun.org.apache.xerces.internal.dom.NodeImpl::isOwned (16 bytes)
Event: 9,492 Thread 0x00007fea61843800 nmethod 4504 0x0000000109b99050 code [0x0000000109b991c0, 0x0000000109b99370]
Event: 9,495 Thread 0x00007fea61843800 4505       3       java.util.LinkedHashSet::<init> (9 bytes)
Event: 9,496 Thread 0x00007fea61843800 nmethod 4505 0x0000000109b993d0 code [0x0000000109b99580, 0x0000000109b999a8]
Event: 9,497 Thread 0x00007fea61843800 4506       3       java.util.AbstractList::listIterator (6 bytes)
Event: 9,498 Thread 0x00007fea61843800 nmethod 4506 0x0000000109b99c10 code [0x0000000109b99d80, 0x0000000109b99f88]

GC Heap History (10 events):
Event: 5,173 GC heap before
{Heap before GC invocations=7 (full 0):
 PSYoungGen      total 139264K, used 26360K [0x00000007aab00000, 0x00000007b3f00000, 0x00000007c0000000)
  eden space 130048K, 14% used [0x00000007aab00000,0x00000007abcca590,0x00000007b2a00000)
  from space 9216K, 88% used [0x00000007b3400000,0x00000007b3bf3dc8,0x00000007b3d00000)
  to   space 10240K, 0% used [0x00000007b2a00000,0x00000007b2a00000,0x00000007b3400000)
 ParOldGen       total 44032K, used 13612K [0x0000000780000000, 0x0000000782b00000, 0x00000007aab00000)
  object space 44032K, 30% used [0x0000000780000000,0x0000000780d4b308,0x0000000782b00000)
 Metaspace       used 20617K, capacity 21114K, committed 21248K, reserved 1069056K
  class space    used 2356K, capacity 2499K, committed 2560K, reserved 1048576K
Event: 5,208 GC heap after
Heap after GC invocations=7 (full 0):
 PSYoungGen      total 140288K, used 7824K [0x00000007aab00000, 0x00000007bbe00000, 0x00000007c0000000)
  eden space 130048K, 0% used [0x00000007aab00000,0x00000007aab00000,0x00000007b2a00000)
  from space 10240K, 76% used [0x00000007b2a00000,0x00000007b31a4010,0x00000007b3400000)
  to   space 10752K, 0% used [0x00000007bb380000,0x00000007bb380000,0x00000007bbe00000)
 ParOldGen       total 44032K, used 14236K [0x0000000780000000, 0x0000000782b00000, 0x00000007aab00000)
  object space 44032K, 32% used [0x0000000780000000,0x0000000780de7358,0x0000000782b00000)
 Metaspace       used 20617K, capacity 21114K, committed 21248K, reserved 1069056K
  class space    used 2356K, capacity 2499K, committed 2560K, reserved 1048576K
}
Event: 5,208 GC heap before
{Heap before GC invocations=8 (full 1):
 PSYoungGen      total 140288K, used 7824K [0x00000007aab00000, 0x00000007bbe00000, 0x00000007c0000000)
  eden space 130048K, 0% used [0x00000007aab00000,0x00000007aab00000,0x00000007b2a00000)
  from space 10240K, 76% used [0x00000007b2a00000,0x00000007b31a4010,0x00000007b3400000)
  to   space 10752K, 0% used [0x00000007bb380000,0x00000007bb380000,0x00000007bbe00000)
 ParOldGen       total 44032K, used 14236K [0x0000000780000000, 0x0000000782b00000, 0x00000007aab00000)
  object space 44032K, 32% used [0x0000000780000000,0x0000000780de7358,0x0000000782b00000)
 Metaspace       used 20617K, capacity 21114K, committed 21248K, reserved 1069056K
  class space    used 2356K, capacity 2499K, committed 2560K, reserved 1048576K
Event: 5,326 GC heap after
Heap after GC invocations=8 (full 1):
 PSYoungGen      total 140288K, used 0K [0x00000007aab00000, 0x00000007bbe00000, 0x00000007c0000000)
  eden space 130048K, 0% used [0x00000007aab00000,0x00000007aab00000,0x00000007b2a00000)
  from space 10240K, 0% used [0x00000007b2a00000,0x00000007b2a00000,0x00000007b3400000)
  to   space 10752K, 0% used [0x00000007bb380000,0x00000007bb380000,0x00000007bbe00000)
 ParOldGen       total 43520K, used 14582K [0x0000000780000000, 0x0000000782a80000, 0x00000007aab00000)
  object space 43520K, 33% used [0x0000000780000000,0x0000000780e3db78,0x0000000782a80000)
 Metaspace       used 20617K, capacity 21114K, committed 21248K, reserved 1069056K
  class space    used 2356K, capacity 2499K, committed 2560K, reserved 1048576K
}
Event: 6,245 GC heap before
{Heap before GC invocations=9 (full 1):
 PSYoungGen      total 140288K, used 130048K [0x00000007aab00000, 0x00000007bbe00000, 0x00000007c0000000)
  eden space 130048K, 100% used [0x00000007aab00000,0x00000007b2a00000,0x00000007b2a00000)
  from space 10240K, 0% used [0x00000007b2a00000,0x00000007b2a00000,0x00000007b3400000)
  to   space 10752K, 0% used [0x00000007bb380000,0x00000007bb380000,0x00000007bbe00000)
 ParOldGen       total 43520K, used 14590K [0x0000000780000000, 0x0000000782a80000, 0x00000007aab00000)
  object space 43520K, 33% used [0x0000000780000000,0x0000000780e3fba8,0x0000000782a80000)
 Metaspace       used 23289K, capacity 23872K, committed 24192K, reserved 1071104K
  class space    used 2639K, capacity 2821K, committed 2944K, reserved 1048576K
Event: 6,289 GC heap after
Heap after GC invocations=9 (full 1):
 PSYoungGen      total 223744K, used 10722K [0x00000007aab00000, 0x00000007bbe00000, 0x00000007c0000000)
  eden space 212992K, 0% used [0x00000007aab00000,0x00000007aab00000,0x00000007b7b00000)
  from space 10752K, 99% used [0x00000007bb380000,0x00000007bbdf8840,0x00000007bbe00000)
  to   space 14848K, 0% used [0x00000007ba100000,0x00000007ba100000,0x00000007baf80000)
 ParOldGen       total 43520K, used 20637K [0x0000000780000000, 0x0000000782a80000, 0x00000007aab00000)
  object space 43520K, 47% used [0x0000000780000000,0x0000000781427750,0x0000000782a80000)
 Metaspace       used 23289K, capacity 23872K, committed 24192K, reserved 1071104K
  class space    used 2639K, capacity 2821K, committed 2944K, reserved 1048576K
}
Event: 7,091 GC heap before
{Heap before GC invocations=10 (full 1):
 PSYoungGen      total 223744K, used 223714K [0x00000007aab00000, 0x00000007bbe00000, 0x00000007c0000000)
  eden space 212992K, 100% used [0x00000007aab00000,0x00000007b7b00000,0x00000007b7b00000)
  from space 10752K, 99% used [0x00000007bb380000,0x00000007bbdf8840,0x00000007bbe00000)
  to   space 14848K, 0% used [0x00000007ba100000,0x00000007ba100000,0x00000007baf80000)
 ParOldGen       total 43520K, used 20725K [0x0000000780000000, 0x0000000782a80000, 0x00000007aab00000)
  object space 43520K, 47% used [0x0000000780000000,0x000000078143d560,0x0000000782a80000)
 Metaspace       used 23331K, capacity 23872K, committed 24192K, reserved 1071104K
  class space    used 2639K, capacity 2821K, committed 2944K, reserved 1048576K
Event: 7,259 GC heap after
Heap after GC invocations=10 (full 1):
 PSYoungGen      total 266752K, used 14820K [0x00000007aab00000, 0x00000007c0000000, 0x00000007c0000000)
  eden space 251904K, 0% used [0x00000007aab00000,0x00000007aab00000,0x00000007ba100000)
  from space 14848K, 99% used [0x00000007ba100000,0x00000007baf79198,0x00000007baf80000)
  to   space 34304K, 0% used [0x00000007bde80000,0x00000007bde80000,0x00000007c0000000)
 ParOldGen       total 63488K, used 63249K [0x0000000780000000, 0x0000000783e00000, 0x00000007aab00000)
  object space 63488K, 99% used [0x0000000780000000,0x0000000783dc44a8,0x0000000783e00000)
 Metaspace       used 23331K, capacity 23872K, committed 24192K, reserved 1071104K
  class space    used 2639K, capacity 2821K, committed 2944K, reserved 1048576K
}
Event: 7,259 GC heap before
{Heap before GC invocations=11 (full 2):
 PSYoungGen      total 266752K, used 14820K [0x00000007aab00000, 0x00000007c0000000, 0x00000007c0000000)
  eden space 251904K, 0% used [0x00000007aab00000,0x00000007aab00000,0x00000007ba100000)
  from space 14848K, 99% used [0x00000007ba100000,0x00000007baf79198,0x00000007baf80000)
  to   space 34304K, 0% used [0x00000007bde80000,0x00000007bde80000,0x00000007c0000000)
 ParOldGen       total 63488K, used 63249K [0x0000000780000000, 0x0000000783e00000, 0x00000007aab00000)
  object space 63488K, 99% used [0x0000000780000000,0x0000000783dc44a8,0x0000000783e00000)
 Metaspace       used 23331K, capacity 23872K, committed 24192K, reserved 1071104K
  class space    used 2639K, capacity 2821K, committed 2944K, reserved 1048576K
Event: 7,476 GC heap after
Heap after GC invocations=11 (full 2):
 PSYoungGen      total 266752K, used 4410K [0x00000007aab00000, 0x00000007c0000000, 0x00000007c0000000)
  eden space 251904K, 0% used [0x00000007aab00000,0x00000007aab00000,0x00000007ba100000)
  from space 14848K, 29% used [0x00000007ba100000,0x00000007ba54ead8,0x00000007baf80000)
  to   space 34304K, 0% used [0x00000007bde80000,0x00000007bde80000,0x00000007c0000000)
 ParOldGen       total 119808K, used 63170K [0x0000000780000000, 0x0000000787500000, 0x00000007aab00000)
  object space 119808K, 52% used [0x0000000780000000,0x0000000783db0a78,0x0000000787500000)
 Metaspace       used 23331K, capacity 23872K, committed 24192K, reserved 1071104K
  class space    used 2639K, capacity 2821K, committed 2944K, reserved 1048576K
}

Deoptimization events (10 events):
Event: 8,748 Thread 0x00007fea62803000 Uncommon trap: reason=bimorphic action=maybe_recompile pc=0x000000010931bebc method=java.util.Hashtable.get(Ljava/lang/Object;)Ljava/lang/Object; @ 6
Event: 8,773 Thread 0x00007fea62803000 Uncommon trap: reason=bimorphic action=maybe_recompile pc=0x000000010931bebc method=java.util.Hashtable.get(Ljava/lang/Object;)Ljava/lang/Object; @ 6
Event: 8,792 Thread 0x00007fea62803000 Uncommon trap: reason=bimorphic action=maybe_recompile pc=0x000000010931bebc method=java.util.Hashtable.get(Ljava/lang/Object;)Ljava/lang/Object; @ 6
Event: 8,797 Thread 0x00007fea62803000 Uncommon trap: reason=bimorphic action=maybe_recompile pc=0x000000010931bebc method=java.util.Hashtable.get(Ljava/lang/Object;)Ljava/lang/Object; @ 6
Event: 8,975 Thread 0x00007fea62803000 Uncommon trap: reason=unstable_if action=reinterpret pc=0x00000001099314c8 method=java.util.Properties.load0(Ljava/util/Properties$LineReader;)V @ 115
Event: 9,188 Thread 0x00007fea62803000 Uncommon trap: reason=bimorphic action=maybe_recompile pc=0x00000001097b5adc method=java.util.LinkedHashMap.afterNodeInsertion(Z)V @ 15
Event: 9,306 Thread 0x00007fea62803000 Uncommon trap: reason=unstable_if action=reinterpret pc=0x000000010959b05c method=java.util.zip.ZipInputStream.read([BII)I @ 128
Event: 9,343 Thread 0x00007fea62803000 Uncommon trap: reason=bimorphic action=maybe_recompile pc=0x00000001097b5adc method=java.util.LinkedHashMap.afterNodeInsertion(Z)V @ 15
Event: 9,356 Thread 0x00007fea62803000 Uncommon trap: reason=bimorphic action=maybe_recompile pc=0x00000001097b5adc method=java.util.LinkedHashMap.afterNodeInsertion(Z)V @ 15
Event: 9,478 Thread 0x00007fea62803000 Uncommon trap: reason=unstable_if action=reinterpret pc=0x0000000109b8b870 method=org.springframework.asm.ClassReader.readUTF(II[C)Ljava/lang/String; @ 77

Internal exceptions (10 events):
Event: 2,281 Thread 0x00007fea62803000 Implicit null exception at 0x00000001092bb23b to 0x00000001092bb845
Event: 2,453 Thread 0x00007fea62803000 Implicit null exception at 0x00000001094c1886 to 0x00000001094c22a5
Event: 3,675 Thread 0x00007fea62803000 Implicit null exception at 0x000000010972fcd0 to 0x00000001097310b5
Event: 3,863 Thread 0x00007fea62803000 Implicit null exception at 0x0000000109196d33 to 0x00000001091970c1
Event: 5,851 Thread 0x00007fea62803000 Exception <a 'java/io/FileNotFoundException'> (0x00000007af5bd358) thrown at [/HUDSON3/workspace/8-2-build-macosx-x86_64/jdk8u101/7261/hotspot/src/share/vm/prims/jni.cpp, line 709]
Event: 5,982 Thread 0x00007fea62288800 Implicit null exception at 0x0000000109ac1f18 to 0x0000000109ac251d
Event: 5,983 Thread 0x00007fea635f6800 Implicit null exception at 0x0000000109ac1f18 to 0x0000000109ac251d
Event: 5,983 Thread 0x00007fea635f7800 Implicit null exception at 0x0000000109ac0d2b to 0x0000000109ac1321
Event: 5,985 Thread 0x00007fea61dfe800 Implicit null exception at 0x0000000109ac0d2b to 0x0000000109ac1321
Event: 8,758 Thread 0x00007fea62803000 Exception <a 'java/lang/NoClassDefFoundError': org/slf4j/impl/StaticLoggerBinder> (0x00000007b7150320) thrown at [/HUDSON3/workspace/8-2-build-macosx-x86_64/jdk8u101/7261/hotspot/src/share/vm/classfile/systemDictionary.cpp, line 199]

Events (10 events):
Event: 9,432 loading class javax/persistence/SynchronizationType done
Event: 9,433 loading class javax/persistence/SynchronizationType
Event: 9,433 loading class javax/persistence/SynchronizationType done
Event: 9,478 Thread 0x00007fea62803000 Uncommon trap: trap_request=0xffffff65 fr.pc=0x0000000109b8b870
Event: 9,478 Thread 0x00007fea62803000 DEOPT PACKING pc=0x0000000109b8b870 sp=0x0000000108e9a300
Event: 9,478 Thread 0x00007fea62803000 DEOPT UNPACKING pc=0x0000000108ea5229 sp=0x0000000108e9a290 mode 2
Event: 9,479 loading class java/beans/PropertyEditorSupport
Event: 9,479 loading class java/beans/PropertyEditor
Event: 9,479 loading class java/beans/PropertyEditor done
Event: 9,480 loading class java/beans/PropertyEditorSupport done


Dynamic libraries:
0x0000000000d9f000 	/System/Library/Frameworks/Cocoa.framework/Versions/A/Cocoa
0x0000000000d9f000 	/System/Library/Frameworks/Security.framework/Versions/A/Security
0x0000000000d9f000 	/System/Library/Frameworks/ApplicationServices.framework/Versions/A/ApplicationServices
0x0000000000d9f000 	/usr/lib/libz.1.dylib
0x0000000000d9f000 	/usr/lib/libSystem.B.dylib
0x0000000000d9f000 	/usr/lib/libobjc.A.dylib
0x0000000000d9f000 	/System/Library/Frameworks/CoreFoundation.framework/Versions/A/CoreFoundation
0x0000000000d9f000 	/System/Library/Frameworks/Foundation.framework/Versions/C/Foundation
0x0000000000d9f000 	/System/Library/Frameworks/AppKit.framework/Versions/C/AppKit
0x0000000000d9f000 	/System/Library/Frameworks/CoreData.framework/Versions/A/CoreData
0x0000000000d9f000 	/System/Library/PrivateFrameworks/RemoteViewServices.framework/Versions/A/RemoteViewServices
0x0000000000d9f000 	/System/Library/Frameworks/AudioToolbox.framework/Versions/A/AudioToolbox
0x0000000000d9f000 	/System/Library/Frameworks/AudioUnit.framework/Versions/A/AudioUnit
0x0000000000d9f000 	/System/Library/PrivateFrameworks/DataDetectorsCore.framework/Versions/A/DataDetectorsCore
0x0000000000d9f000 	/System/Library/PrivateFrameworks/DesktopServicesPriv.framework/Versions/A/DesktopServicesPriv
0x0000000000d9f000 	/System/Library/Frameworks/Carbon.framework/Versions/A/Frameworks/HIToolbox.framework/Versions/A/HIToolbox
0x0000000000d9f000 	/System/Library/Frameworks/QuartzCore.framework/Versions/A/QuartzCore
0x0000000000d9f000 	/System/Library/Frameworks/Carbon.framework/Versions/A/Frameworks/SpeechRecognition.framework/Versions/A/SpeechRecognition
0x0000000000d9f000 	/usr/lib/libauto.dylib
0x0000000000d9f000 	/usr/lib/libicucore.A.dylib
0x0000000000d9f000 	/usr/lib/libxml2.2.dylib
0x0000000000d9f000 	/System/Library/PrivateFrameworks/CoreUI.framework/Versions/A/CoreUI
0x0000000000d9f000 	/System/Library/Frameworks/CoreAudio.framework/Versions/A/CoreAudio
0x0000000000d9f000 	/System/Library/Frameworks/DiskArbitration.framework/Versions/A/DiskArbitration
0x0000000000d9f000 	/usr/lib/liblangid.dylib
0x0000000000d9f000 	/System/Library/PrivateFrameworks/MultitouchSupport.framework/Versions/A/MultitouchSupport
0x0000000000d9f000 	/System/Library/Frameworks/IOKit.framework/Versions/A/IOKit
0x0000000000d9f000 	/usr/lib/libDiagnosticMessagesClient.dylib
0x0000000000d9f000 	/System/Library/Frameworks/CoreServices.framework/Versions/A/CoreServices
0x0000000000d9f000 	/System/Library/PrivateFrameworks/PerformanceAnalysis.framework/Versions/A/PerformanceAnalysis
0x0000000000d9f000 	/System/Library/PrivateFrameworks/GenerationalStorage.framework/Versions/A/GenerationalStorage
0x0000000000d9f000 	/System/Library/Frameworks/OpenGL.framework/Versions/A/OpenGL
0x0000000000d9f000 	/System/Library/PrivateFrameworks/Sharing.framework/Versions/A/Sharing
0x0000000000d9f000 	/System/Library/Frameworks/ImageIO.framework/Versions/A/ImageIO
0x0000000000d9f000 	/System/Library/Frameworks/CoreText.framework/Versions/A/CoreText
0x0000000000d9f000 	/System/Library/Frameworks/CoreGraphics.framework/Versions/A/CoreGraphics
0x0000000000d9f000 	/System/Library/PrivateFrameworks/Backup.framework/Versions/A/Backup
0x0000000000d9f000 	/System/Library/Frameworks/CFNetwork.framework/Versions/A/CFNetwork
0x0000000000d9f000 	/System/Library/Frameworks/SystemConfiguration.framework/Versions/A/SystemConfiguration
0x0000000000d9f000 	/usr/lib/libCRFSuite.dylib
0x0000000000d9f000 	/usr/lib/libc++.1.dylib
0x0000000000d9f000 	/usr/lib/libc++abi.dylib
0x0000000000d9f000 	/usr/lib/system/libcache.dylib
0x0000000000d9f000 	/usr/lib/system/libcommonCrypto.dylib
0x0000000000d9f000 	/usr/lib/system/libcompiler_rt.dylib
0x0000000000d9f000 	/usr/lib/system/libcopyfile.dylib
0x0000000000d9f000 	/usr/lib/system/libcorecrypto.dylib
0x0000000000d9f000 	/usr/lib/system/libdispatch.dylib
0x0000000000d9f000 	/usr/lib/system/libdyld.dylib
0x0000000000d9f000 	/usr/lib/system/libkeymgr.dylib
0x0000000000d9f000 	/usr/lib/system/liblaunch.dylib
0x0000000000d9f000 	/usr/lib/system/libmacho.dylib
0x0000000000d9f000 	/usr/lib/system/libquarantine.dylib
0x0000000000d9f000 	/usr/lib/system/libremovefile.dylib
0x0000000000d9f000 	/usr/lib/system/libsystem_asl.dylib
0x0000000000d9f000 	/usr/lib/system/libsystem_blocks.dylib
0x0000000000d9f000 	/usr/lib/system/libsystem_c.dylib
0x0000000000d9f000 	/usr/lib/system/libsystem_configuration.dylib
0x0000000000d9f000 	/usr/lib/system/libsystem_dnssd.dylib
0x0000000000d9f000 	/usr/lib/system/libsystem_info.dylib
0x0000000000d9f000 	/usr/lib/system/libsystem_kernel.dylib
0x0000000000d9f000 	/usr/lib/system/libsystem_m.dylib
0x0000000000d9f000 	/usr/lib/system/libsystem_malloc.dylib
0x0000000000d9f000 	/usr/lib/system/libsystem_network.dylib
0x0000000000d9f000 	/usr/lib/system/libsystem_notify.dylib
0x0000000000d9f000 	/usr/lib/system/libsystem_platform.dylib
0x0000000000d9f000 	/usr/lib/system/libsystem_pthread.dylib
0x0000000000d9f000 	/usr/lib/system/libsystem_sandbox.dylib
0x0000000000d9f000 	/usr/lib/system/libsystem_stats.dylib
0x0000000000d9f000 	/usr/lib/system/libunc.dylib
0x0000000000d9f000 	/usr/lib/system/libunwind.dylib
0x0000000000d9f000 	/usr/lib/system/libxpc.dylib
0x0000000000d9f000 	/usr/lib/libbsm.0.dylib
0x0000000000d9f000 	/usr/lib/libsqlite3.dylib
0x0000000000d9f000 	/usr/lib/libxar.1.dylib
0x0000000000d9f000 	/usr/lib/libpam.2.dylib
0x0000000000d9f000 	/usr/lib/libOpenScriptingUtil.dylib
0x0000000000d9f000 	/usr/lib/libbz2.1.0.dylib
0x0000000000d9f000 	/System/Library/Frameworks/CoreServices.framework/Versions/A/Frameworks/CarbonCore.framework/Versions/A/CarbonCore
0x0000000000d9f000 	/System/Library/Frameworks/CoreServices.framework/Versions/A/Frameworks/Metadata.framework/Versions/A/Metadata
0x0000000000d9f000 	/System/Library/Frameworks/CoreServices.framework/Versions/A/Frameworks/OSServices.framework/Versions/A/OSServices
0x0000000000d9f000 	/System/Library/Frameworks/CoreServices.framework/Versions/A/Frameworks/SearchKit.framework/Versions/A/SearchKit
0x0000000000d9f000 	/System/Library/Frameworks/CoreServices.framework/Versions/A/Frameworks/AE.framework/Versions/A/AE
0x0000000000d9f000 	/System/Library/Frameworks/CoreServices.framework/Versions/A/Frameworks/LaunchServices.framework/Versions/A/LaunchServices
0x0000000000d9f000 	/System/Library/Frameworks/CoreServices.framework/Versions/A/Frameworks/DictionaryServices.framework/Versions/A/DictionaryServices
0x0000000000d9f000 	/System/Library/Frameworks/NetFS.framework/Versions/A/NetFS
0x0000000000d9f000 	/usr/lib/system/libkxld.dylib
0x0000000000d9f000 	/System/Library/PrivateFrameworks/NetAuth.framework/Versions/A/NetAuth
0x0000000000d9f000 	/System/Library/PrivateFrameworks/TCC.framework/Versions/A/TCC
0x0000000000d9f000 	/System/Library/Frameworks/OpenDirectory.framework/Versions/A/Frameworks/CFOpenDirectory.framework/Versions/A/CFOpenDirectory
0x0000000000d9f000 	/System/Library/Frameworks/ServiceManagement.framework/Versions/A/ServiceManagement
0x0000000000d9f000 	/usr/lib/libxslt.1.dylib
0x0000000000d9f000 	/System/Library/Frameworks/Carbon.framework/Versions/A/Frameworks/Ink.framework/Versions/A/Ink
0x0000000000d9f000 	/System/Library/Frameworks/ApplicationServices.framework/Versions/A/Frameworks/ATS.framework/Versions/A/ATS
0x0000000000d9f000 	/System/Library/Frameworks/ApplicationServices.framework/Versions/A/Frameworks/ColorSync.framework/Versions/A/ColorSync
0x0000000000d9f000 	/System/Library/Frameworks/ApplicationServices.framework/Versions/A/Frameworks/HIServices.framework/Versions/A/HIServices
0x0000000000d9f000 	/System/Library/Frameworks/ApplicationServices.framework/Versions/A/Frameworks/LangAnalysis.framework/Versions/A/LangAnalysis
0x0000000000d9f000 	/System/Library/Frameworks/ApplicationServices.framework/Versions/A/Frameworks/PrintCore.framework/Versions/A/PrintCore
0x0000000000d9f000 	/System/Library/Frameworks/ApplicationServices.framework/Versions/A/Frameworks/QD.framework/Versions/A/QD
0x0000000000d9f000 	/System/Library/Frameworks/ApplicationServices.framework/Versions/A/Frameworks/SpeechSynthesis.framework/Versions/A/SpeechSynthesis
0x0000000000d9f000 	/System/Library/Frameworks/IOSurface.framework/Versions/A/IOSurface
0x0000000000d9f000 	/System/Library/Frameworks/Accelerate.framework/Versions/A/Accelerate
0x0000000000d9f000 	/System/Library/Frameworks/Accelerate.framework/Versions/A/Frameworks/vImage.framework/Versions/A/vImage
0x0000000000d9f000 	/System/Library/Frameworks/Accelerate.framework/Versions/A/Frameworks/vecLib.framework/Versions/A/vecLib
0x0000000000d9f000 	/System/Library/Frameworks/Accelerate.framework/Versions/A/Frameworks/vecLib.framework/Versions/A/libvDSP.dylib
0x0000000000d9f000 	/System/Library/Frameworks/Accelerate.framework/Versions/A/Frameworks/vecLib.framework/Versions/A/libvMisc.dylib
0x0000000000d9f000 	/System/Library/Frameworks/Accelerate.framework/Versions/A/Frameworks/vecLib.framework/Versions/A/libLAPACK.dylib
0x0000000000d9f000 	/System/Library/Frameworks/Accelerate.framework/Versions/A/Frameworks/vecLib.framework/Versions/A/libBLAS.dylib
0x0000000000d9f000 	/System/Library/Frameworks/ApplicationServices.framework/Versions/A/Frameworks/ATS.framework/Versions/A/Resources/libFontParser.dylib
0x0000000000d9f000 	/System/Library/Frameworks/ApplicationServices.framework/Versions/A/Frameworks/ATS.framework/Versions/A/Resources/libFontRegistry.dylib
0x0000000000d9f000 	/System/Library/Frameworks/ImageIO.framework/Versions/A/Resources/libJPEG.dylib
0x0000000000d9f000 	/System/Library/Frameworks/ImageIO.framework/Versions/A/Resources/libTIFF.dylib
0x0000000000d9f000 	/System/Library/Frameworks/ImageIO.framework/Versions/A/Resources/libPng.dylib
0x0000000000d9f000 	/System/Library/Frameworks/ImageIO.framework/Versions/A/Resources/libGIF.dylib
0x0000000000d9f000 	/System/Library/Frameworks/ImageIO.framework/Versions/A/Resources/libJP2.dylib
0x0000000000d9f000 	/System/Library/Frameworks/ImageIO.framework/Versions/A/Resources/libRadiance.dylib
0x0000000000d9f000 	/usr/lib/libcups.2.dylib
0x0000000000d9f000 	/System/Library/Frameworks/Kerberos.framework/Versions/A/Kerberos
0x0000000000d9f000 	/System/Library/Frameworks/GSS.framework/Versions/A/GSS
0x0000000000d9f000 	/usr/lib/libresolv.9.dylib
0x0000000000d9f000 	/usr/lib/libiconv.2.dylib
0x0000000000d9f000 	/System/Library/PrivateFrameworks/Heimdal.framework/Versions/A/Heimdal
0x0000000000d9f000 	/System/Library/PrivateFrameworks/TrustEvaluationAgent.framework/Versions/A/TrustEvaluationAgent
0x0000000000d9f000 	/usr/lib/libheimdal-asn1.dylib
0x0000000000d9f000 	/System/Library/Frameworks/OpenDirectory.framework/Versions/A/OpenDirectory
0x0000000000d9f000 	/System/Library/PrivateFrameworks/CommonAuth.framework/Versions/A/CommonAuth
0x0000000000d9f000 	/System/Library/Frameworks/SecurityFoundation.framework/Versions/A/SecurityFoundation
0x0000000000d9f000 	/System/Library/PrivateFrameworks/Bom.framework/Versions/A/Bom
0x0000000000d9f000 	/System/Library/Frameworks/CoreVideo.framework/Versions/A/CoreVideo
0x0000000000d9f000 	/System/Library/Frameworks/QuartzCore.framework/Versions/A/Frameworks/CoreImage.framework/Versions/A/CoreImage
0x0000000000d9f000 	/System/Library/Frameworks/QuartzCore.framework/Versions/A/Frameworks/ScalableUserInterface.framework/Versions/A/ScalableUserInterface
0x0000000000d9f000 	/System/Library/Frameworks/OpenGL.framework/Versions/A/Libraries/libGLU.dylib
0x0000000000d9f000 	/System/Library/Frameworks/OpenGL.framework/Versions/A/Libraries/libGFXShared.dylib
0x0000000000d9f000 	/System/Library/Frameworks/OpenGL.framework/Versions/A/Libraries/libGL.dylib
0x0000000000d9f000 	/System/Library/Frameworks/OpenGL.framework/Versions/A/Libraries/libGLImage.dylib
0x0000000000d9f000 	/System/Library/Frameworks/OpenGL.framework/Versions/A/Libraries/libCVMSPluginSupport.dylib
0x0000000000d9f000 	/System/Library/Frameworks/OpenGL.framework/Versions/A/Libraries/libCoreVMClient.dylib
0x0000000000d9f000 	/System/Library/PrivateFrameworks/FaceCore.framework/Versions/A/FaceCore
0x0000000000d9f000 	/System/Library/PrivateFrameworks/CrashReporterSupport.framework/Versions/A/CrashReporterSupport
0x0000000000d9f000 	/System/Library/Frameworks/OpenCL.framework/Versions/A/OpenCL
0x0000000000d9f000 	/System/Library/PrivateFrameworks/AppleFSCompression.framework/Versions/A/AppleFSCompression
0x0000000000d9f000 	/System/Library/PrivateFrameworks/Ubiquity.framework/Versions/A/Ubiquity
0x0000000000d9f000 	/System/Library/PrivateFrameworks/IconServices.framework/Versions/A/IconServices
0x0000000000d9f000 	/System/Library/PrivateFrameworks/ChunkingLibrary.framework/Versions/A/ChunkingLibrary
0x0000000000d9f000 	/System/Library/PrivateFrameworks/CoreSymbolication.framework/Versions/A/CoreSymbolication
0x0000000000d9f000 	/System/Library/PrivateFrameworks/Symbolication.framework/Versions/A/Symbolication
0x0000000000d9f000 	/System/Library/PrivateFrameworks/DebugSymbols.framework/Versions/A/DebugSymbols
0x0000000107e00000 	/Library/Java/JavaVirtualMachines/jdk1.8.0_101.jdk/Contents/Home/jre/lib/server/libjvm.dylib
0x0000000000d9f000 	/usr/lib/libstdc++.6.dylib
0x000000010758d000 	/Library/Java/JavaVirtualMachines/jdk1.8.0_101.jdk/Contents/Home/jre/lib/libverify.dylib
0x000000010759b000 	/Library/Java/JavaVirtualMachines/jdk1.8.0_101.jdk/Contents/Home/jre/lib/libjava.dylib
0x00000001075da000 	/Library/Java/JavaVirtualMachines/jdk1.8.0_101.jdk/Contents/Home/jre/lib/libzip.dylib
0x000000011c99b000 	/System/Library/Frameworks/JavaVM.framework/Frameworks/JavaRuntimeSupport.framework/JavaRuntimeSupport
0x000000011c9b3000 	/System/Library/Frameworks/JavaVM.framework/Versions/A/Frameworks/JavaNativeFoundation.framework/Versions/A/JavaNativeFoundation
0x000000011c9c8000 	/System/Library/Frameworks/JavaVM.framework/Versions/A/JavaVM
0x0000000000d9f000 	/System/Library/Frameworks/Carbon.framework/Versions/A/Carbon
0x000000011c9d5000 	/System/Library/PrivateFrameworks/JavaLaunching.framework/Versions/A/JavaLaunching
0x0000000000d9f000 	/System/Library/Frameworks/Carbon.framework/Versions/A/Frameworks/CommonPanels.framework/Versions/A/CommonPanels
0x0000000000d9f000 	/System/Library/Frameworks/Carbon.framework/Versions/A/Frameworks/Help.framework/Versions/A/Help
0x0000000000d9f000 	/System/Library/Frameworks/Carbon.framework/Versions/A/Frameworks/ImageCapture.framework/Versions/A/ImageCapture
0x0000000000d9f000 	/System/Library/Frameworks/Carbon.framework/Versions/A/Frameworks/OpenScripting.framework/Versions/A/OpenScripting
0x0000000000d9f000 	/System/Library/Frameworks/Carbon.framework/Versions/A/Frameworks/Print.framework/Versions/A/Print
0x0000000000d9f000 	/System/Library/Frameworks/Carbon.framework/Versions/A/Frameworks/SecurityHI.framework/Versions/A/SecurityHI
0x000000011d31d000 	/Library/Java/JavaVirtualMachines/jdk1.8.0_101.jdk/Contents/Home/jre/lib/libnet.dylib
0x000000011d334000 	/Library/Java/JavaVirtualMachines/jdk1.8.0_101.jdk/Contents/Home/jre/lib/libnio.dylib
0x000000011d78b000 	/Library/Java/JavaVirtualMachines/jdk1.8.0_101.jdk/Contents/Home/jre/lib/libmanagement.dylib

VM Arguments:
jvm_args: -Dclassworlds.conf=/usr/local/Cellar/maven/3.3.9/libexec/bin/m2.conf -Dmaven.home=/usr/local/Cellar/maven/3.3.9/libexec -Dmaven.multiModuleProjectDirectory=/Users/Remo/Desktop/ese2016-team8/baseProject 
java_command: org.codehaus.plexus.classworlds.launcher.Launcher jetty:run
java_class_path (initial): /usr/local/Cellar/maven/3.3.9/libexec/boot/plexus-classworlds-2.5.2.jar
Launcher Type: SUN_STANDARD

Environment Variables:
JAVA_HOME=/Library/Java/JavaVirtualMachines/jdk1.8.0_101.jdk/Contents/Home
PATH=/Library/Frameworks/Python.framework/Versions/3.5/bin:/usr/bin:/bin:/usr/sbin:/sbin:/usr/local/bin:/opt/X11/bin:/usr/local/Cellar/maven/3.3.9/libexec/bin
SHELL=/bin/bash
DISPLAY=/tmp/launch-MDuMTg/org.macosforge.xquartz:0

Signal Handlers:
SIGSEGV: [libjvm.dylib+0x5af145], sa_mask[0]=11111111011111110111111111111111, sa_flags=SA_ONSTACK|SA_RESTART|SA_SIGINFO
SIGBUS: [libjvm.dylib+0x5af145], sa_mask[0]=11111111011111110111111111111111, sa_flags=SA_RESTART|SA_SIGINFO
SIGFPE: [libjvm.dylib+0x48694c], sa_mask[0]=11111111011111110111111111111111, sa_flags=SA_RESTART|SA_SIGINFO
SIGPIPE: [libjvm.dylib+0x48694c], sa_mask[0]=11111111011111110111111111111111, sa_flags=SA_RESTART|SA_SIGINFO
SIGXFSZ: [libjvm.dylib+0x48694c], sa_mask[0]=11111111011111110111111111111111, sa_flags=SA_RESTART|SA_SIGINFO
SIGILL: [libjvm.dylib+0x48694c], sa_mask[0]=11111111011111110111111111111111, sa_flags=SA_RESTART|SA_SIGINFO
SIGUSR1: SIG_DFL, sa_mask[0]=11011111011111100000000111000110, sa_flags=none
SIGUSR2: [libjvm.dylib+0x48646a], sa_mask[0]=00000000000000000000000000000000, sa_flags=SA_RESTART|SA_SIGINFO
SIGHUP: [libjvm.dylib+0x484a41], sa_mask[0]=11111111011111110111111111111111, sa_flags=SA_RESTART|SA_SIGINFO
SIGINT: [libjvm.dylib+0x484a41], sa_mask[0]=11111111011111110111111111111111, sa_flags=SA_RESTART|SA_SIGINFO
SIGTERM: [libjvm.dylib+0x484a41], sa_mask[0]=11111111011111110111111111111111, sa_flags=SA_RESTART|SA_SIGINFO
SIGQUIT: [libjvm.dylib+0x484a41], sa_mask[0]=11111111011111110111111111111111, sa_flags=SA_RESTART|SA_SIGINFO


---------------  S Y S T E M  ---------------

OS:Bsduname:Darwin 13.4.0 Darwin Kernel Version 13.4.0: Mon Jan 11 18:17:34 PST 2016; root:xnu-2422.115.15~1/RELEASE_X86_64 x86_64
rlimit: STACK 8192k, CORE 0k, NPROC 709, NOFILE 10240, AS infinity
load average:1,71 1,38 1,42

CPU:total 4 (2 cores per cpu, 2 threads per core) family 6 model 37 stepping 5, cmov, cx8, fxsr, mmx, sse, sse2, sse3, ssse3, sse4.1, sse4.2, popcnt, aes, clmul, ht, tsc, tscinvbit

Memory: 4k page, physical 4194304k(155972k free)

/proc/meminfo:


vm_info: Java HotSpot(TM) 64-Bit Server VM (25.101-b13) for bsd-amd64 JRE (1.8.0_101-b13), built on Jun 22 2016 02:42:15 by "java_re" with gcc 4.2.1 (Based on Apple Inc. build 5658) (LLVM build 2336.11.00)

time: Tue Nov 29 13:15:35 2016
elapsed time: 9 seconds (0d 0h 0m 9s)

