#
# A fatal error has been detected by the Java Runtime Environment:
#
#  SIGSEGV (0xb) at pc=0x000000010ff545d1, pid=1243, tid=0x0000000000001903
#
# JRE version: Java(TM) SE Runtime Environment (8.0_101-b13) (build 1.8.0_101-b13)
# Java VM: Java HotSpot(TM) 64-Bit Server VM (25.101-b13 mixed mode bsd-amd64 compressed oops)
# Problematic frame:
# J 1926 C1 java.lang.Integer.parseInt(Ljava/lang/String;I)I (261 bytes) @ 0x000000010ff545d1 [0x000000010ff52b80+0x1a51]
#
# Failed to write core dump. Core dumps have been disabled. To enable core dumping, try "ulimit -c unlimited" before starting Java again
#
# If you would like to submit a bug report, please visit:
#   http://bugreport.java.com/bugreport/crash.jsp
#

---------------  T H R E A D  ---------------

Current thread (0x00007fae51812800):  JavaThread "main" [_thread_in_Java, id=6403, stack(0x000000010f801000,0x000000010f901000)]

siginfo: si_signo: 11 (SIGSEGV), si_code: 0 (unknown), si_addr: 0x0000000000000000

Registers:
RAX=0x00000007c000da48, RBX=0x0000000000000000, RCX=0x00000000f8006e89, RDX=0x0001000121854be0
RSP=0x000000010f8f30e7, RBP=0x000000010f8feb68, RSI=0x0000000000000000, RDI=0x0000000000000010
R8 =0x0000000000000000, R9 =0x00000007ac7ce830, R10=0x00000000f58f9d09, R11=0x0000000000000000
R12=0x0000000000000000, R13=0x0000000000000062, R14=0x0000000000002f60, R15=0x00007fae51812800
RIP=0x000000010ff545d1, EFLAGS=0x0000000000010286, ERR=0x0000000000000000
  TRAPNO=0x000000000000000d

Top of Stack: (sp=0x000000010f8f30e7)
0x000000010f8f30e7:   007fae247b0b6000 0000002471ec7000
0x000000010f8f30f7:   0000012471ec9000 007fae2471ecd000
0x000000010f8f3107:   00000021aaabe800 00000121795dc800
0x000000010f8f3117:   007fae24523a2800 0000012471eaf000
0x000000010f8f3127:   0000012471ebf000 007fae2471ecb000
0x000000010f8f3137:   0000002470de6000 000007247b15f000
0x000000010f8f3147:   000000247af1b000 007fae2471ec3000
0x000000010f8f3157:   000000246fb1a800 000000247b169000
0x000000010f8f3167:   00000024522a5800 000007247057a000
0x000000010f8f3177:   000000247b0b6000 0000072450c88800
0x000000010f8f3187:   007fae21aaab6800 0000012471ecd000
0x000000010f8f3197:   000001244d42d800 007fae24719b7800
0x000000010f8f31a7:   007fae24544d3800 00000024742ce000
0x000000010f8f31b7:   0000002471ecb000 00000124712ad800
0x000000010f8f31c7:   000001247186b000 000001247186d000
0x000000010f8f31d7:   000001244573f800 007fae247144f000
0x000000010f8f31e7:   000007245234e800 000001247b169000
0x000000010f8f31f7:   00000121cb13a800 0000072445739800
0x000000010f8f3207:   000001244793e800 0000002474247000
0x000000010f8f3217:   00000024742bb000 000007247b167000
0x000000010f8f3227:   007fae247b167000 000001247101d800
0x000000010f8f3237:   000001245235e800 00000121747eb000
0x000000010f8f3247:   0000012450e84800 0000002469ae6000
0x000000010f8f3257:   007fae21850a5800 0000012469608800
0x000000010f8f3267:   000001246fcca800 007fae247553f800
0x000000010f8f3277:   007fae24528c5000 0000072452494000
0x000000010f8f3287:   00000724455bc000 00000024719b3800
0x000000010f8f3297:   000000244f486800 00000721747eb000
0x000000010f8f32a7:   0000012450e82800 007fae21850a3800
0x000000010f8f32b7:   000001244f312800 007fae24522fc800
0x000000010f8f32c7:   0000072469777000 000007246f527800
0x000000010f8f32d7:   0000072471426800 0000072450e84800 

Instructions: (pc=0x000000010ff545d1)
0x000000010ff545b1:   82 38 01 00 00 01 00 00 00 e9 08 00 00 00 48 83
0x000000010ff545c1:   82 18 01 00 00 01 48 ba e0 4b 85 21 01 00 01 00
0x000000010ff545d1:   8b b2 dc 00 00 00 83 c6 08 89 b2 dc 00 00 00 48
0x000000010ff545e1:   ba 80 e2 69 21 01 80 00 00 81 e6 f8 ff 7f 00 83 

Register to memory mapping:

RAX=0x00000007c000da48 is pointing into metadata
RBX=0x0000000000000000 is an unknown value
RCX=0x00000000f8006e89 is an unknown value
RDX=0x0001000121854be0 is an unknown value
RSP=0x000000010f8f30e7 is pointing into the stack for thread: 0x00007fae51812800
RBP=0x000000010f8feb68 is pointing into the stack for thread: 0x00007fae51812800
RSI=0x0000000000000000 is an unknown value
RDI=0x0000000000000010 is an unknown value
R8 =0x0000000000000000 is an unknown value
R9 =0x00000007ac7ce830 is an oop

[error occurred during error reporting (printing register info), id 0xb]

Stack: [0x000000010f801000,0x000000010f901000],  sp=0x000000010f8f30e7,  free space=968k
Native frames: (J=compiled Java code, j=interpreted, Vv=VM code, C=native code)
J 1926 C1 java.lang.Integer.parseInt(Ljava/lang/String;I)I (261 bytes) @ 0x000000010ff545d1 [0x000000010ff52b80+0x1a51]
C  0x0000072452494000


---------------  P R O C E S S  ---------------

Java Threads: ( => current thread )
  0x00007fae5184b800 JavaThread "Service Thread" daemon [_thread_blocked, id=19715, stack(0x00000001238ef000,0x00000001239ef000)]
  0x00007fae52009000 JavaThread "C1 CompilerThread2" daemon [_thread_blocked, id=19203, stack(0x00000001237ec000,0x00000001238ec000)]
  0x00007fae5180f800 JavaThread "C2 CompilerThread1" daemon [_thread_in_vm, id=18691, stack(0x00000001236e9000,0x00000001237e9000)]
  0x00007fae5184a000 JavaThread "C2 CompilerThread0" daemon [_thread_in_native, id=18179, stack(0x00000001235e6000,0x00000001236e6000)]
  0x00007fae52826800 JavaThread "Signal Dispatcher" daemon [_thread_blocked, id=17667, stack(0x00000001234e3000,0x00000001235e3000)]
  0x00007fae51847800 JavaThread "Finalizer" daemon [_thread_blocked, id=12547, stack(0x0000000123294000,0x0000000123394000)]
  0x00007fae51845000 JavaThread "Reference Handler" daemon [_thread_blocked, id=12035, stack(0x0000000123191000,0x0000000123291000)]
=>0x00007fae51812800 JavaThread "main" [_thread_in_Java, id=6403, stack(0x000000010f801000,0x000000010f901000)]

Other Threads:
  0x00007fae51840800 VMThread [stack: 0x000000012308e000,0x000000012318e000] [id=11523]
  0x00007fae5184c000 WatcherThread [stack: 0x00000001239f2000,0x0000000123af2000] [id=20227]

VM state:not at safepoint (normal execution)

VM Mutex/Monitor currently owned by a thread:  ([mutex/lock_event])
[0x00007fae51411610] Compile_lock - owner thread: 0x00007fae5180f800
[0x00007fae51411710] MethodCompileQueue_lock - owner thread: 0x00007fae5180f800

Heap:
 PSYoungGen      total 68096K, used 32544K [0x00000007aab00000, 0x00000007af000000, 0x00000007c0000000)
  eden space 65536K, 45% used [0x00000007aab00000,0x00000007ac8503a0,0x00000007aeb00000)
  from space 2560K, 98% used [0x00000007aed80000,0x00000007aeff8020,0x00000007af000000)
  to   space 2560K, 0% used [0x00000007aeb00000,0x00000007aeb00000,0x00000007aed80000)
 ParOldGen       total 44032K, used 9576K [0x0000000780000000, 0x0000000782b00000, 0x00000007aab00000)
  object space 44032K, 21% used [0x0000000780000000,0x000000078095a130,0x0000000782b00000)
 Metaspace       used 15124K, capacity 15420K, committed 15616K, reserved 1062912K
  class space    used 1836K, capacity 1948K, committed 2048K, reserved 1048576K

Card table byte_map: [0x000000011ecc3000,0x000000011eec4000] byte_map_base: 0x000000011b0c3000

Marking Bits: (ParMarkBitMap*) 0x000000010e861d20
 Begin Bits: [0x000000011f426000, 0x0000000120426000)
 End Bits:   [0x0000000120426000, 0x0000000121426000)

Polling page: 0x000000010ef6a000

CodeCache: size=245760Kb used=7508Kb max_used=7508Kb free=238252Kb
 bounds [0x000000010f903000, 0x0000000110063000, 0x000000011e903000]
 total_blobs=2641 nmethods=2301 adapters=252
 compilation: enabled

Compilation events (10 events):
Event: 3,306 Thread 0x00007fae52009000 2317       3       java.math.MutableBigInteger::<init> (21 bytes)
Event: 3,306 Thread 0x00007fae5180f800 2309       4       java.util.regex.Pattern$BmpCharProperty::match (50 bytes)
Event: 3,306 Thread 0x00007fae52009000 nmethod 2317 0x000000011005ba10 code [0x000000011005bb80, 0x000000011005bd70]
Event: 3,306 Thread 0x00007fae52009000 2318       3       java.lang.Character::isDigit (5 bytes)
Event: 3,307 Thread 0x00007fae52009000 nmethod 2318 0x000000011005b3d0 code [0x000000011005b560, 0x000000011005b8b8]
Event: 3,307 Thread 0x00007fae52009000 2316       1       org.apache.maven.artifact.versioning.VersionRange::getRecommendedVersion (5 bytes)
Event: 3,307 Thread 0x00007fae52009000 nmethod 2316 0x000000011005b110 code [0x000000011005b260, 0x000000011005b370]
Event: 3,307 Thread 0x00007fae52009000 2319       3       java.lang.Character::isDigit (15 bytes)
Event: 3,307 Thread 0x00007fae52009000 nmethod 2319 0x000000011005ab50 code [0x000000011005ace0, 0x000000011005afd8]
Event: 3,307 Thread 0x00007fae52009000 2320       1       org.apache.maven.artifact.DefaultArtifact::getGroupId (5 bytes)

GC Heap History (8 events):
Event: 0,544 GC heap before
{Heap before GC invocations=1 (full 0):
 PSYoungGen      total 18944K, used 16384K [0x00000007aab00000, 0x00000007ac000000, 0x00000007c0000000)
  eden space 16384K, 100% used [0x00000007aab00000,0x00000007abb00000,0x00000007abb00000)
  from space 2560K, 0% used [0x00000007abd80000,0x00000007abd80000,0x00000007ac000000)
  to   space 2560K, 0% used [0x00000007abb00000,0x00000007abb00000,0x00000007abd80000)
 ParOldGen       total 44032K, used 0K [0x0000000780000000, 0x0000000782b00000, 0x00000007aab00000)
  object space 44032K, 0% used [0x0000000780000000,0x0000000780000000,0x0000000782b00000)
 Metaspace       used 6626K, capacity 6840K, committed 7040K, reserved 1056768K
  class space    used 787K, capacity 860K, committed 896K, reserved 1048576K
Event: 0,551 GC heap after
Heap after GC invocations=1 (full 0):
 PSYoungGen      total 18944K, used 2555K [0x00000007aab00000, 0x00000007ad000000, 0x00000007c0000000)
  eden space 16384K, 0% used [0x00000007aab00000,0x00000007aab00000,0x00000007abb00000)
  from space 2560K, 99% used [0x00000007abb00000,0x00000007abd7ef28,0x00000007abd80000)
  to   space 2560K, 0% used [0x00000007acd80000,0x00000007acd80000,0x00000007ad000000)
 ParOldGen       total 44032K, used 812K [0x0000000780000000, 0x0000000782b00000, 0x00000007aab00000)
  object space 44032K, 1% used [0x0000000780000000,0x00000007800cb0a8,0x0000000782b00000)
 Metaspace       used 6626K, capacity 6840K, committed 7040K, reserved 1056768K
  class space    used 787K, capacity 860K, committed 896K, reserved 1048576K
}
Event: 0,794 GC heap before
{Heap before GC invocations=2 (full 0):
 PSYoungGen      total 18944K, used 18939K [0x00000007aab00000, 0x00000007ad000000, 0x00000007c0000000)
  eden space 16384K, 100% used [0x00000007aab00000,0x00000007abb00000,0x00000007abb00000)
  from space 2560K, 99% used [0x00000007abb00000,0x00000007abd7ef28,0x00000007abd80000)
  to   space 2560K, 0% used [0x00000007acd80000,0x00000007acd80000,0x00000007ad000000)
 ParOldGen       total 44032K, used 812K [0x0000000780000000, 0x0000000782b00000, 0x00000007aab00000)
  object space 44032K, 1% used [0x0000000780000000,0x00000007800cb0a8,0x0000000782b00000)
 Metaspace       used 7763K, capacity 7992K, committed 8320K, reserved 1056768K
  class space    used 976K, capacity 1052K, committed 1152K, reserved 1048576K
Event: 0,799 GC heap after
Heap after GC invocations=2 (full 0):
 PSYoungGen      total 35328K, used 2529K [0x00000007aab00000, 0x00000007ad000000, 0x00000007c0000000)
  eden space 32768K, 0% used [0x00000007aab00000,0x00000007aab00000,0x00000007acb00000)
  from space 2560K, 98% used [0x00000007acd80000,0x00000007acff8730,0x00000007ad000000)
  to   space 2560K, 0% used [0x00000007acb00000,0x00000007acb00000,0x00000007acd80000)
 ParOldGen       total 44032K, used 869K [0x0000000780000000, 0x0000000782b00000, 0x00000007aab00000)
  object space 44032K, 1% used [0x0000000780000000,0x00000007800d96d0,0x0000000782b00000)
 Metaspace       used 7763K, capacity 7992K, committed 8320K, reserved 1056768K
  class space    used 976K, capacity 1052K, committed 1152K, reserved 1048576K
}
Event: 1,348 GC heap before
{Heap before GC invocations=3 (full 0):
 PSYoungGen      total 35328K, used 35297K [0x00000007aab00000, 0x00000007ad000000, 0x00000007c0000000)
  eden space 32768K, 100% used [0x00000007aab00000,0x00000007acb00000,0x00000007acb00000)
  from space 2560K, 98% used [0x00000007acd80000,0x00000007acff8730,0x00000007ad000000)
  to   space 2560K, 0% used [0x00000007acb00000,0x00000007acb00000,0x00000007acd80000)
 ParOldGen       total 44032K, used 869K [0x0000000780000000, 0x0000000782b00000, 0x00000007aab00000)
  object space 44032K, 1% used [0x0000000780000000,0x00000007800d96d0,0x0000000782b00000)
 Metaspace       used 11353K, capacity 11556K, committed 11776K, reserved 1058816K
  class space    used 1428K, capacity 1512K, committed 1536K, reserved 1048576K
Event: 1,361 GC heap after
Heap after GC invocations=3 (full 0):
 PSYoungGen      total 35328K, used 2528K [0x00000007aab00000, 0x00000007af000000, 0x00000007c0000000)
  eden space 32768K, 0% used [0x00000007aab00000,0x00000007aab00000,0x00000007acb00000)
  from space 2560K, 98% used [0x00000007acb00000,0x00000007acd78020,0x00000007acd80000)
  to   space 2560K, 0% used [0x00000007aed80000,0x00000007aed80000,0x00000007af000000)
 ParOldGen       total 44032K, used 4963K [0x0000000780000000, 0x0000000782b00000, 0x00000007aab00000)
  object space 44032K, 11% used [0x0000000780000000,0x00000007804d8eb0,0x0000000782b00000)
 Metaspace       used 11353K, capacity 11556K, committed 11776K, reserved 1058816K
  class space    used 1428K, capacity 1512K, committed 1536K, reserved 1048576K
}
Event: 2,551 GC heap before
{Heap before GC invocations=4 (full 0):
 PSYoungGen      total 35328K, used 35296K [0x00000007aab00000, 0x00000007af000000, 0x00000007c0000000)
  eden space 32768K, 100% used [0x00000007aab00000,0x00000007acb00000,0x00000007acb00000)
  from space 2560K, 98% used [0x00000007acb00000,0x00000007acd78020,0x00000007acd80000)
  to   space 2560K, 0% used [0x00000007aed80000,0x00000007aed80000,0x00000007af000000)
 ParOldGen       total 44032K, used 4963K [0x0000000780000000, 0x0000000782b00000, 0x00000007aab00000)
  object space 44032K, 11% used [0x0000000780000000,0x00000007804d8eb0,0x0000000782b00000)
 Metaspace       used 14777K, capacity 15038K, committed 15232K, reserved 1062912K
  class space    used 1819K, capacity 1911K, committed 1920K, reserved 1048576K
Event: 2,573 GC heap after
Heap after GC invocations=4 (full 0):
 PSYoungGen      total 68096K, used 2528K [0x00000007aab00000, 0x00000007af000000, 0x00000007c0000000)
  eden space 65536K, 0% used [0x00000007aab00000,0x00000007aab00000,0x00000007aeb00000)
  from space 2560K, 98% used [0x00000007aed80000,0x00000007aeff8020,0x00000007af000000)
  to   space 2560K, 0% used [0x00000007aeb00000,0x00000007aeb00000,0x00000007aed80000)
 ParOldGen       total 44032K, used 9576K [0x0000000780000000, 0x0000000782b00000, 0x00000007aab00000)
  object space 44032K, 21% used [0x0000000780000000,0x000000078095a130,0x0000000782b00000)
 Metaspace       used 14777K, capacity 15038K, committed 15232K, reserved 1062912K
  class space    used 1819K, capacity 1911K, committed 1920K, reserved 1048576K
}

Deoptimization events (10 events):
Event: 2,295 Thread 0x00007fae51812800 Uncommon trap: reason=unstable_if action=reinterpret pc=0x000000010fd184a0 method=java.util.HashMap.hash(Ljava/lang/Object;)I @ 1
Event: 2,435 Thread 0x00007fae51812800 Uncommon trap: reason=null_check action=make_not_entrant pc=0x000000010ff11180 method=org.apache.maven.model.io.xpp3.MavenXpp3Reader.checkFieldWithDuplicate(Lorg/codehaus/plexus/util/xml/pull/XmlPullParser;Ljava/lang/String;Ljava/lang/String;Ljava/util/Se
Event: 2,840 Thread 0x00007fae51812800 Uncommon trap: reason=speculate_class_check action=maybe_recompile pc=0x000000010ff86c00 method=java.nio.charset.CharsetDecoder.decode(Ljava/nio/ByteBuffer;Ljava/nio/CharBuffer;Z)Ljava/nio/charset/CoderResult; @ 57
Event: 2,841 Thread 0x00007fae51812800 Uncommon trap: reason=speculate_class_check action=maybe_recompile pc=0x000000010ff86c00 method=java.nio.charset.CharsetDecoder.decode(Ljava/nio/ByteBuffer;Ljava/nio/CharBuffer;Z)Ljava/nio/charset/CoderResult; @ 57
Event: 2,842 Thread 0x00007fae51812800 Uncommon trap: reason=speculate_class_check action=maybe_recompile pc=0x000000010ff86c00 method=java.nio.charset.CharsetDecoder.decode(Ljava/nio/ByteBuffer;Ljava/nio/CharBuffer;Z)Ljava/nio/charset/CoderResult; @ 57
Event: 2,843 Thread 0x00007fae51812800 Uncommon trap: reason=speculate_class_check action=maybe_recompile pc=0x000000010ff86c00 method=java.nio.charset.CharsetDecoder.decode(Ljava/nio/ByteBuffer;Ljava/nio/CharBuffer;Z)Ljava/nio/charset/CoderResult; @ 57
Event: 2,918 Thread 0x00007fae51812800 Uncommon trap: reason=bimorphic action=maybe_recompile pc=0x000000010fe25144 method=java.util.concurrent.ConcurrentHashMap.get(Ljava/lang/Object;)Ljava/lang/Object; @ 149
Event: 3,183 Thread 0x00007fae51812800 Uncommon trap: reason=speculate_class_check action=maybe_recompile pc=0x0000000110026e30 method=java.nio.charset.CharsetDecoder.decode(Ljava/nio/ByteBuffer;Ljava/nio/CharBuffer;Z)Ljava/nio/charset/CoderResult; @ 57
Event: 3,184 Thread 0x00007fae51812800 Uncommon trap: reason=speculate_class_check action=maybe_recompile pc=0x0000000110026e30 method=java.nio.charset.CharsetDecoder.decode(Ljava/nio/ByteBuffer;Ljava/nio/CharBuffer;Z)Ljava/nio/charset/CoderResult; @ 57
Event: 3,247 Thread 0x00007fae51812800 Uncommon trap: reason=unstable_if action=reinterpret pc=0x000000010fbc32f8 method=java.util.HashMap.getNode(ILjava/lang/Object;)Ljava/util/HashMap$Node; @ 53

Internal exceptions (10 events):
Event: 1,830 Thread 0x00007fae51812800 Exception <a 'java/lang/NullPointerException'> (0x00000007ab934930) thrown at [/HUDSON3/workspace/8-2-build-macosx-x86_64/jdk8u101/7261/hotspot/src/share/vm/interpreter/linkResolver.cpp, line 1178]
Event: 1,830 Thread 0x00007fae51812800 Exception <a 'java/lang/NullPointerException'> (0x00000007ab934b48) thrown at [/HUDSON3/workspace/8-2-build-macosx-x86_64/jdk8u101/7261/hotspot/src/share/vm/interpreter/linkResolver.cpp, line 1178]
Event: 1,830 Thread 0x00007fae51812800 Exception <a 'java/lang/NullPointerException'> (0x00000007ab934d60) thrown at [/HUDSON3/workspace/8-2-build-macosx-x86_64/jdk8u101/7261/hotspot/src/share/vm/interpreter/linkResolver.cpp, line 1178]
Event: 1,831 Thread 0x00007fae51812800 Exception <a 'java/lang/NullPointerException'> (0x00000007ab9477d0) thrown at [/HUDSON3/workspace/8-2-build-macosx-x86_64/jdk8u101/7261/hotspot/src/share/vm/interpreter/linkResolver.cpp, line 1178]
Event: 1,831 Thread 0x00007fae51812800 Exception <a 'java/lang/NullPointerException'> (0x00000007ab9479e8) thrown at [/HUDSON3/workspace/8-2-build-macosx-x86_64/jdk8u101/7261/hotspot/src/share/vm/interpreter/linkResolver.cpp, line 1178]
Event: 1,831 Thread 0x00007fae51812800 Exception <a 'java/lang/NullPointerException'> (0x00000007ab947c00) thrown at [/HUDSON3/workspace/8-2-build-macosx-x86_64/jdk8u101/7261/hotspot/src/share/vm/interpreter/linkResolver.cpp, line 1178]
Event: 2,104 Thread 0x00007fae51812800 Implicit null exception at 0x000000010fbe2bb5 to 0x000000010fbe2df5
Event: 2,295 Thread 0x00007fae51812800 Implicit null exception at 0x000000010fd17e7b to 0x000000010fd18485
Event: 2,435 Thread 0x00007fae51812800 Implicit null exception at 0x000000010ff10746 to 0x000000010ff11165
Event: 3,307 Thread 0x00007fae51812800 Implicit null exception at 0x000000010ff545d1 to 0x0000000000000000

Events (10 events):
Event: 3,242 loading class org/eclipse/aether/util/graph/transformer/ConflictResolver$ScopeContext done
Event: 3,243 loading class org/eclipse/aether/util/graph/transformer/NearestVersionSelector$ConflictGroup
Event: 3,243 loading class org/eclipse/aether/util/graph/transformer/NearestVersionSelector$ConflictGroup done
Event: 3,247 Thread 0x00007fae51812800 Uncommon trap: trap_request=0xffffff65 fr.pc=0x000000010fbc32f8
Event: 3,247 Thread 0x00007fae51812800 DEOPT PACKING pc=0x000000010fbc32f8 sp=0x000000010f8feda0
Event: 3,247 Thread 0x00007fae51812800 DEOPT UNPACKING pc=0x000000010f908229 sp=0x000000010f8fed38 mode 2
Event: 3,261 loading class org/eclipse/aether/util/graph/visitor/Stack
Event: 3,261 loading class org/eclipse/aether/util/graph/visitor/Stack done
Event: 3,262 loading class org/eclipse/aether/util/graph/visitor/TreeDependencyVisitor
Event: 3,262 loading class org/eclipse/aether/util/graph/visitor/TreeDependencyVisitor done


Dynamic libraries:
0x0000000000d9f000 	/System/Library/Frameworks/Cocoa.framework/Versions/A/Cocoa
0x0000000000d9f000 	/System/Library/Frameworks/Security.framework/Versions/A/Security
0x0000000000d9f000 	/System/Library/Frameworks/ApplicationServices.framework/Versions/A/ApplicationServices
0x0000000000d9f000 	/usr/lib/libz.1.dylib
0x0000000000d9f000 	/usr/lib/libSystem.B.dylib
0x0000000000d9f000 	/usr/lib/libobjc.A.dylib
0x0000000000d9f000 	/System/Library/Frameworks/CoreFoundation.framework/Versions/A/CoreFoundation
0x0000000000d9f000 	/System/Library/Frameworks/Foundation.framework/Versions/C/Foundation
0x0000000000d9f000 	/System/Library/Frameworks/AppKit.framework/Versions/C/AppKit
0x0000000000d9f000 	/System/Library/Frameworks/CoreData.framework/Versions/A/CoreData
0x0000000000d9f000 	/System/Library/PrivateFrameworks/RemoteViewServices.framework/Versions/A/RemoteViewServices
0x0000000000d9f000 	/System/Library/Frameworks/AudioToolbox.framework/Versions/A/AudioToolbox
0x0000000000d9f000 	/System/Library/Frameworks/AudioUnit.framework/Versions/A/AudioUnit
0x0000000000d9f000 	/System/Library/PrivateFrameworks/DataDetectorsCore.framework/Versions/A/DataDetectorsCore
0x0000000000d9f000 	/System/Library/PrivateFrameworks/DesktopServicesPriv.framework/Versions/A/DesktopServicesPriv
0x0000000000d9f000 	/System/Library/Frameworks/Carbon.framework/Versions/A/Frameworks/HIToolbox.framework/Versions/A/HIToolbox
0x0000000000d9f000 	/System/Library/Frameworks/QuartzCore.framework/Versions/A/QuartzCore
0x0000000000d9f000 	/System/Library/Frameworks/Carbon.framework/Versions/A/Frameworks/SpeechRecognition.framework/Versions/A/SpeechRecognition
0x0000000000d9f000 	/usr/lib/libauto.dylib
0x0000000000d9f000 	/usr/lib/libicucore.A.dylib
0x0000000000d9f000 	/usr/lib/libxml2.2.dylib
0x0000000000d9f000 	/System/Library/PrivateFrameworks/CoreUI.framework/Versions/A/CoreUI
0x0000000000d9f000 	/System/Library/Frameworks/CoreAudio.framework/Versions/A/CoreAudio
0x0000000000d9f000 	/System/Library/Frameworks/DiskArbitration.framework/Versions/A/DiskArbitration
0x0000000000d9f000 	/usr/lib/liblangid.dylib
0x0000000000d9f000 	/System/Library/PrivateFrameworks/MultitouchSupport.framework/Versions/A/MultitouchSupport
0x0000000000d9f000 	/System/Library/Frameworks/IOKit.framework/Versions/A/IOKit
0x0000000000d9f000 	/usr/lib/libDiagnosticMessagesClient.dylib
0x0000000000d9f000 	/System/Library/Frameworks/CoreServices.framework/Versions/A/CoreServices
0x0000000000d9f000 	/System/Library/PrivateFrameworks/PerformanceAnalysis.framework/Versions/A/PerformanceAnalysis
0x0000000000d9f000 	/System/Library/PrivateFrameworks/GenerationalStorage.framework/Versions/A/GenerationalStorage
0x0000000000d9f000 	/System/Library/Frameworks/OpenGL.framework/Versions/A/OpenGL
0x0000000000d9f000 	/System/Library/PrivateFrameworks/Sharing.framework/Versions/A/Sharing
0x0000000000d9f000 	/System/Library/Frameworks/ImageIO.framework/Versions/A/ImageIO
0x0000000000d9f000 	/System/Library/Frameworks/CoreText.framework/Versions/A/CoreText
0x0000000000d9f000 	/System/Library/Frameworks/CoreGraphics.framework/Versions/A/CoreGraphics
0x0000000000d9f000 	/System/Library/PrivateFrameworks/Backup.framework/Versions/A/Backup
0x0000000000d9f000 	/System/Library/Frameworks/CFNetwork.framework/Versions/A/CFNetwork
0x0000000000d9f000 	/System/Library/Frameworks/SystemConfiguration.framework/Versions/A/SystemConfiguration
0x0000000000d9f000 	/usr/lib/libCRFSuite.dylib
0x0000000000d9f000 	/usr/lib/libc++.1.dylib
0x0000000000d9f000 	/usr/lib/libc++abi.dylib
0x0000000000d9f000 	/usr/lib/system/libcache.dylib
0x0000000000d9f000 	/usr/lib/system/libcommonCrypto.dylib
0x0000000000d9f000 	/usr/lib/system/libcompiler_rt.dylib
0x0000000000d9f000 	/usr/lib/system/libcopyfile.dylib
0x0000000000d9f000 	/usr/lib/system/libcorecrypto.dylib
0x0000000000d9f000 	/usr/lib/system/libdispatch.dylib
0x0000000000d9f000 	/usr/lib/system/libdyld.dylib
0x0000000000d9f000 	/usr/lib/system/libkeymgr.dylib
0x0000000000d9f000 	/usr/lib/system/liblaunch.dylib
0x0000000000d9f000 	/usr/lib/system/libmacho.dylib
0x0000000000d9f000 	/usr/lib/system/libquarantine.dylib
0x0000000000d9f000 	/usr/lib/system/libremovefile.dylib
0x0000000000d9f000 	/usr/lib/system/libsystem_asl.dylib
0x0000000000d9f000 	/usr/lib/system/libsystem_blocks.dylib
0x0000000000d9f000 	/usr/lib/system/libsystem_c.dylib
0x0000000000d9f000 	/usr/lib/system/libsystem_configuration.dylib
0x0000000000d9f000 	/usr/lib/system/libsystem_dnssd.dylib
0x0000000000d9f000 	/usr/lib/system/libsystem_info.dylib
0x0000000000d9f000 	/usr/lib/system/libsystem_kernel.dylib
0x0000000000d9f000 	/usr/lib/system/libsystem_m.dylib
0x0000000000d9f000 	/usr/lib/system/libsystem_malloc.dylib
0x0000000000d9f000 	/usr/lib/system/libsystem_network.dylib
0x0000000000d9f000 	/usr/lib/system/libsystem_notify.dylib
0x0000000000d9f000 	/usr/lib/system/libsystem_platform.dylib
0x0000000000d9f000 	/usr/lib/system/libsystem_pthread.dylib
0x0000000000d9f000 	/usr/lib/system/libsystem_sandbox.dylib
0x0000000000d9f000 	/usr/lib/system/libsystem_stats.dylib
0x0000000000d9f000 	/usr/lib/system/libunc.dylib
0x0000000000d9f000 	/usr/lib/system/libunwind.dylib
0x0000000000d9f000 	/usr/lib/system/libxpc.dylib
0x0000000000d9f000 	/usr/lib/libbsm.0.dylib
0x0000000000d9f000 	/usr/lib/libsqlite3.dylib
0x0000000000d9f000 	/usr/lib/libxar.1.dylib
0x0000000000d9f000 	/usr/lib/libpam.2.dylib
0x0000000000d9f000 	/usr/lib/libOpenScriptingUtil.dylib
0x0000000000d9f000 	/usr/lib/libbz2.1.0.dylib
0x0000000000d9f000 	/System/Library/Frameworks/CoreServices.framework/Versions/A/Frameworks/CarbonCore.framework/Versions/A/CarbonCore
0x0000000000d9f000 	/System/Library/Frameworks/CoreServices.framework/Versions/A/Frameworks/Metadata.framework/Versions/A/Metadata
0x0000000000d9f000 	/System/Library/Frameworks/CoreServices.framework/Versions/A/Frameworks/OSServices.framework/Versions/A/OSServices
0x0000000000d9f000 	/System/Library/Frameworks/CoreServices.framework/Versions/A/Frameworks/SearchKit.framework/Versions/A/SearchKit
0x0000000000d9f000 	/System/Library/Frameworks/CoreServices.framework/Versions/A/Frameworks/AE.framework/Versions/A/AE
0x0000000000d9f000 	/System/Library/Frameworks/CoreServices.framework/Versions/A/Frameworks/LaunchServices.framework/Versions/A/LaunchServices
0x0000000000d9f000 	/System/Library/Frameworks/CoreServices.framework/Versions/A/Frameworks/DictionaryServices.framework/Versions/A/DictionaryServices
0x0000000000d9f000 	/System/Library/Frameworks/NetFS.framework/Versions/A/NetFS
0x0000000000d9f000 	/usr/lib/system/libkxld.dylib
0x0000000000d9f000 	/System/Library/PrivateFrameworks/NetAuth.framework/Versions/A/NetAuth
0x0000000000d9f000 	/System/Library/PrivateFrameworks/TCC.framework/Versions/A/TCC
0x0000000000d9f000 	/System/Library/Frameworks/OpenDirectory.framework/Versions/A/Frameworks/CFOpenDirectory.framework/Versions/A/CFOpenDirectory
0x0000000000d9f000 	/System/Library/Frameworks/ServiceManagement.framework/Versions/A/ServiceManagement
0x0000000000d9f000 	/usr/lib/libxslt.1.dylib
0x0000000000d9f000 	/System/Library/Frameworks/Carbon.framework/Versions/A/Frameworks/Ink.framework/Versions/A/Ink
0x0000000000d9f000 	/System/Library/Frameworks/ApplicationServices.framework/Versions/A/Frameworks/ATS.framework/Versions/A/ATS
0x0000000000d9f000 	/System/Library/Frameworks/ApplicationServices.framework/Versions/A/Frameworks/ColorSync.framework/Versions/A/ColorSync
0x0000000000d9f000 	/System/Library/Frameworks/ApplicationServices.framework/Versions/A/Frameworks/HIServices.framework/Versions/A/HIServices
0x0000000000d9f000 	/System/Library/Frameworks/ApplicationServices.framework/Versions/A/Frameworks/LangAnalysis.framework/Versions/A/LangAnalysis
0x0000000000d9f000 	/System/Library/Frameworks/ApplicationServices.framework/Versions/A/Frameworks/PrintCore.framework/Versions/A/PrintCore
0x0000000000d9f000 	/System/Library/Frameworks/ApplicationServices.framework/Versions/A/Frameworks/QD.framework/Versions/A/QD
0x0000000000d9f000 	/System/Library/Frameworks/ApplicationServices.framework/Versions/A/Frameworks/SpeechSynthesis.framework/Versions/A/SpeechSynthesis
0x0000000000d9f000 	/System/Library/Frameworks/IOSurface.framework/Versions/A/IOSurface
0x0000000000d9f000 	/System/Library/Frameworks/Accelerate.framework/Versions/A/Accelerate
0x0000000000d9f000 	/System/Library/Frameworks/Accelerate.framework/Versions/A/Frameworks/vImage.framework/Versions/A/vImage
0x0000000000d9f000 	/System/Library/Frameworks/Accelerate.framework/Versions/A/Frameworks/vecLib.framework/Versions/A/vecLib
0x0000000000d9f000 	/System/Library/Frameworks/Accelerate.framework/Versions/A/Frameworks/vecLib.framework/Versions/A/libvDSP.dylib
0x0000000000d9f000 	/System/Library/Frameworks/Accelerate.framework/Versions/A/Frameworks/vecLib.framework/Versions/A/libvMisc.dylib
0x0000000000d9f000 	/System/Library/Frameworks/Accelerate.framework/Versions/A/Frameworks/vecLib.framework/Versions/A/libLAPACK.dylib
0x0000000000d9f000 	/System/Library/Frameworks/Accelerate.framework/Versions/A/Frameworks/vecLib.framework/Versions/A/libBLAS.dylib
0x0000000000d9f000 	/System/Library/Frameworks/ApplicationServices.framework/Versions/A/Frameworks/ATS.framework/Versions/A/Resources/libFontParser.dylib
0x0000000000d9f000 	/System/Library/Frameworks/ApplicationServices.framework/Versions/A/Frameworks/ATS.framework/Versions/A/Resources/libFontRegistry.dylib
0x0000000000d9f000 	/System/Library/Frameworks/ImageIO.framework/Versions/A/Resources/libJPEG.dylib
0x0000000000d9f000 	/System/Library/Frameworks/ImageIO.framework/Versions/A/Resources/libTIFF.dylib
0x0000000000d9f000 	/System/Library/Frameworks/ImageIO.framework/Versions/A/Resources/libPng.dylib
0x0000000000d9f000 	/System/Library/Frameworks/ImageIO.framework/Versions/A/Resources/libGIF.dylib
0x0000000000d9f000 	/System/Library/Frameworks/ImageIO.framework/Versions/A/Resources/libJP2.dylib
0x0000000000d9f000 	/System/Library/Frameworks/ImageIO.framework/Versions/A/Resources/libRadiance.dylib
0x0000000000d9f000 	/usr/lib/libcups.2.dylib
0x0000000000d9f000 	/System/Library/Frameworks/Kerberos.framework/Versions/A/Kerberos
0x0000000000d9f000 	/System/Library/Frameworks/GSS.framework/Versions/A/GSS
0x0000000000d9f000 	/usr/lib/libresolv.9.dylib
0x0000000000d9f000 	/usr/lib/libiconv.2.dylib
0x0000000000d9f000 	/System/Library/PrivateFrameworks/Heimdal.framework/Versions/A/Heimdal
0x0000000000d9f000 	/System/Library/PrivateFrameworks/TrustEvaluationAgent.framework/Versions/A/TrustEvaluationAgent
0x0000000000d9f000 	/usr/lib/libheimdal-asn1.dylib
0x0000000000d9f000 	/System/Library/Frameworks/OpenDirectory.framework/Versions/A/OpenDirectory
0x0000000000d9f000 	/System/Library/PrivateFrameworks/CommonAuth.framework/Versions/A/CommonAuth
0x0000000000d9f000 	/System/Library/Frameworks/SecurityFoundation.framework/Versions/A/SecurityFoundation
0x0000000000d9f000 	/System/Library/PrivateFrameworks/Bom.framework/Versions/A/Bom
0x0000000000d9f000 	/System/Library/Frameworks/CoreVideo.framework/Versions/A/CoreVideo
0x0000000000d9f000 	/System/Library/Frameworks/QuartzCore.framework/Versions/A/Frameworks/CoreImage.framework/Versions/A/CoreImage
0x0000000000d9f000 	/System/Library/Frameworks/QuartzCore.framework/Versions/A/Frameworks/ScalableUserInterface.framework/Versions/A/ScalableUserInterface
0x0000000000d9f000 	/System/Library/Frameworks/OpenGL.framework/Versions/A/Libraries/libGLU.dylib
0x0000000000d9f000 	/System/Library/Frameworks/OpenGL.framework/Versions/A/Libraries/libGFXShared.dylib
0x0000000000d9f000 	/System/Library/Frameworks/OpenGL.framework/Versions/A/Libraries/libGL.dylib
0x0000000000d9f000 	/System/Library/Frameworks/OpenGL.framework/Versions/A/Libraries/libGLImage.dylib
0x0000000000d9f000 	/System/Library/Frameworks/OpenGL.framework/Versions/A/Libraries/libCVMSPluginSupport.dylib
0x0000000000d9f000 	/System/Library/Frameworks/OpenGL.framework/Versions/A/Libraries/libCoreVMClient.dylib
0x0000000000d9f000 	/System/Library/PrivateFrameworks/FaceCore.framework/Versions/A/FaceCore
0x0000000000d9f000 	/System/Library/PrivateFrameworks/CrashReporterSupport.framework/Versions/A/CrashReporterSupport
0x0000000000d9f000 	/System/Library/Frameworks/OpenCL.framework/Versions/A/OpenCL
0x0000000000d9f000 	/System/Library/PrivateFrameworks/AppleFSCompression.framework/Versions/A/AppleFSCompression
0x0000000000d9f000 	/System/Library/PrivateFrameworks/Ubiquity.framework/Versions/A/Ubiquity
0x0000000000d9f000 	/System/Library/PrivateFrameworks/IconServices.framework/Versions/A/IconServices
0x0000000000d9f000 	/System/Library/PrivateFrameworks/ChunkingLibrary.framework/Versions/A/ChunkingLibrary
0x0000000000d9f000 	/System/Library/PrivateFrameworks/CoreSymbolication.framework/Versions/A/CoreSymbolication
0x0000000000d9f000 	/System/Library/PrivateFrameworks/Symbolication.framework/Versions/A/Symbolication
0x0000000000d9f000 	/System/Library/PrivateFrameworks/DebugSymbols.framework/Versions/A/DebugSymbols
0x000000010df74000 	/Library/Java/JavaVirtualMachines/jdk1.8.0_101.jdk/Contents/Home/jre/lib/server/libjvm.dylib
0x0000000000d9f000 	/usr/lib/libstdc++.6.dylib
0x000000010ef27000 	/Library/Java/JavaVirtualMachines/jdk1.8.0_101.jdk/Contents/Home/jre/lib/libverify.dylib
0x000000010ef35000 	/Library/Java/JavaVirtualMachines/jdk1.8.0_101.jdk/Contents/Home/jre/lib/libjava.dylib
0x000000010ef74000 	/Library/Java/JavaVirtualMachines/jdk1.8.0_101.jdk/Contents/Home/jre/lib/libzip.dylib
0x0000000123396000 	/System/Library/Frameworks/JavaVM.framework/Frameworks/JavaRuntimeSupport.framework/JavaRuntimeSupport
0x00000001233ae000 	/System/Library/Frameworks/JavaVM.framework/Versions/A/Frameworks/JavaNativeFoundation.framework/Versions/A/JavaNativeFoundation
0x00000001233c3000 	/System/Library/Frameworks/JavaVM.framework/Versions/A/JavaVM
0x0000000000d9f000 	/System/Library/Frameworks/Carbon.framework/Versions/A/Carbon
0x00000001233d0000 	/System/Library/PrivateFrameworks/JavaLaunching.framework/Versions/A/JavaLaunching
0x0000000000d9f000 	/System/Library/Frameworks/Carbon.framework/Versions/A/Frameworks/CommonPanels.framework/Versions/A/CommonPanels
0x0000000000d9f000 	/System/Library/Frameworks/Carbon.framework/Versions/A/Frameworks/Help.framework/Versions/A/Help
0x0000000000d9f000 	/System/Library/Frameworks/Carbon.framework/Versions/A/Frameworks/ImageCapture.framework/Versions/A/ImageCapture
0x0000000000d9f000 	/System/Library/Frameworks/Carbon.framework/Versions/A/Frameworks/OpenScripting.framework/Versions/A/OpenScripting
0x0000000000d9f000 	/System/Library/Frameworks/Carbon.framework/Versions/A/Frameworks/Print.framework/Versions/A/Print
0x0000000000d9f000 	/System/Library/Frameworks/Carbon.framework/Versions/A/Frameworks/SecurityHI.framework/Versions/A/SecurityHI
0x0000000123d1a000 	/Library/Java/JavaVirtualMachines/jdk1.8.0_101.jdk/Contents/Home/jre/lib/libnet.dylib
0x0000000123d31000 	/Library/Java/JavaVirtualMachines/jdk1.8.0_101.jdk/Contents/Home/jre/lib/libnio.dylib

VM Arguments:
jvm_args: -Dclassworlds.conf=/usr/local/Cellar/maven/3.3.9/libexec/bin/m2.conf -Dmaven.home=/usr/local/Cellar/maven/3.3.9/libexec -Dmaven.multiModuleProjectDirectory=/Users/Remo/Desktop/ese2016-team8/baseProject 
java_command: org.codehaus.plexus.classworlds.launcher.Launcher jetty:run
java_class_path (initial): /usr/local/Cellar/maven/3.3.9/libexec/boot/plexus-classworlds-2.5.2.jar
Launcher Type: SUN_STANDARD

Environment Variables:
JAVA_HOME=/Library/Java/JavaVirtualMachines/jdk1.8.0_101.jdk/Contents/Home
PATH=/Library/Frameworks/Python.framework/Versions/3.5/bin:/usr/bin:/bin:/usr/sbin:/sbin:/usr/local/bin:/opt/X11/bin:/usr/local/Cellar/maven/3.3.9/libexec/bin
SHELL=/bin/bash
DISPLAY=/tmp/launch-MDuMTg/org.macosforge.xquartz:0

Signal Handlers:
SIGSEGV: [libjvm.dylib+0x5af145], sa_mask[0]=11111111011111110111111111111111, sa_flags=SA_ONSTACK|SA_RESTART|SA_SIGINFO
SIGBUS: [libjvm.dylib+0x5af145], sa_mask[0]=11111111011111110111111111111111, sa_flags=SA_RESTART|SA_SIGINFO
SIGFPE: [libjvm.dylib+0x48694c], sa_mask[0]=11111111011111110111111111111111, sa_flags=SA_RESTART|SA_SIGINFO
SIGPIPE: [libjvm.dylib+0x48694c], sa_mask[0]=11111111011111110111111111111111, sa_flags=SA_RESTART|SA_SIGINFO
SIGXFSZ: [libjvm.dylib+0x48694c], sa_mask[0]=11111111011111110111111111111111, sa_flags=SA_RESTART|SA_SIGINFO
SIGILL: [libjvm.dylib+0x48694c], sa_mask[0]=11111111011111110111111111111111, sa_flags=SA_RESTART|SA_SIGINFO
SIGUSR1: SIG_DFL, sa_mask[0]=11011111011111100000000111000110, sa_flags=none
SIGUSR2: [libjvm.dylib+0x48646a], sa_mask[0]=00000000000000000000000000000000, sa_flags=SA_RESTART|SA_SIGINFO
SIGHUP: [libjvm.dylib+0x484a41], sa_mask[0]=11111111011111110111111111111111, sa_flags=SA_RESTART|SA_SIGINFO
SIGINT: [libjvm.dylib+0x484a41], sa_mask[0]=11111111011111110111111111111111, sa_flags=SA_RESTART|SA_SIGINFO
SIGTERM: [libjvm.dylib+0x484a41], sa_mask[0]=11111111011111110111111111111111, sa_flags=SA_RESTART|SA_SIGINFO
SIGQUIT: [libjvm.dylib+0x484a41], sa_mask[0]=11111111011111110111111111111111, sa_flags=SA_RESTART|SA_SIGINFO


---------------  S Y S T E M  ---------------

OS:Bsduname:Darwin 13.4.0 Darwin Kernel Version 13.4.0: Mon Jan 11 18:17:34 PST 2016; root:xnu-2422.115.15~1/RELEASE_X86_64 x86_64
rlimit: STACK 8192k, CORE 0k, NPROC 709, NOFILE 10240, AS infinity
load average:1,76 1,47 1,45

CPU:total 4 (2 cores per cpu, 2 threads per core) family 6 model 37 stepping 5, cmov, cx8, fxsr, mmx, sse, sse2, sse3, ssse3, sse4.1, sse4.2, popcnt, aes, clmul, ht, tsc, tscinvbit

Memory: 4k page, physical 4194304k(489420k free)

/proc/meminfo:


vm_info: Java HotSpot(TM) 64-Bit Server VM (25.101-b13) for bsd-amd64 JRE (1.8.0_101-b13), built on Jun 22 2016 02:42:15 by "java_re" with gcc 4.2.1 (Based on Apple Inc. build 5658) (LLVM build 2336.11.00)

time: Tue Nov 29 13:16:31 2016
elapsed time: 3 seconds (0d 0h 0m 3s)

