#
# A fatal error has been detected by the Java Runtime Environment:
#
#  Internal Error (sharedRuntime.cpp:1191), pid=1220, tid=0x0000000000001903
#  guarantee(caller_cb != NULL && caller_cb->is_nmethod()) failed: must be called from nmethod
#
# JRE version: Java(TM) SE Runtime Environment (8.0_101-b13) (build 1.8.0_101-b13)
# Java VM: Java HotSpot(TM) 64-Bit Server VM (25.101-b13 mixed mode bsd-amd64 compressed oops)
# Failed to write core dump. Core dumps have been disabled. To enable core dumping, try "ulimit -c unlimited" before starting Java again
#
# If you would like to submit a bug report, please visit:
#   http://bugreport.java.com/bugreport/crash.jsp
#

---------------  T H R E A D  ---------------

Current thread (0x00007fba21002800):  JavaThread "main" [_thread_in_vm, id=6403, stack(0x0000000102229000,0x0000000102329000)]

Stack: [0x0000000102229000,0x0000000102329000],  sp=0x0000000102324e10,  free space=1007k
Native frames: (J=compiled Java code, j=interpreted, Vv=VM code, C=native code)
V  [libjvm.dylib+0x5ae936]  VMError::report_and_die()+0x3f8
V  [libjvm.dylib+0x1e75af]  report_vm_error(char const*, int, char const*, char const*)+0x54
V  [libjvm.dylib+0x4e571a]  SharedRuntime::resolve_sub_helper(JavaThread*, bool, bool, Thread*)+0xe2
V  [libjvm.dylib+0x4e5c77]  SharedRuntime::resolve_helper(JavaThread*, bool, bool, Thread*)+0x35
V  [libjvm.dylib+0x4e609f]  SharedRuntime::resolve_static_call_C(JavaThread*)+0x35
v  ~RuntimeStub::resolve_static_call
C  0x0000000103d601c4
j  sun.misc.URLClassPath$JarLoader$2.getInputStream()Ljava/io/InputStream;+11
J 276 C1 sun.misc.Resource.cachedInputStream()Ljava/io/InputStream; (20 bytes) @ 0x0000000103d47ad4 [0x0000000103d478c0+0x214]
j  sun.misc.Resource.getByteBuffer()Ljava/nio/ByteBuffer;+1
j  java.net.URLClassLoader.defineClass(Ljava/lang/String;Lsun/misc/Resource;)Ljava/lang/Class;+50
J 285 C1 java.net.URLClassLoader$1.run()Ljava/lang/Class; (63 bytes) @ 0x0000000103d54434 [0x0000000103d54160+0x2d4]
J 284 C1 java.net.URLClassLoader$1.run()Ljava/lang/Object; (5 bytes) @ 0x0000000103d53dcc [0x0000000103d53d40+0x8c]
v  ~StubRoutines::call_stub
V  [libjvm.dylib+0x2ecf06]  JavaCalls::call_helper(JavaValue*, methodHandle*, JavaCallArguments*, Thread*)+0x6ae
V  [libjvm.dylib+0x34d69c]  JVM_DoPrivileged+0x4b8
J 283  java.security.AccessController.doPrivileged(Ljava/security/PrivilegedExceptionAction;Ljava/security/AccessControlContext;)Ljava/lang/Object; (0 bytes) @ 0x0000000103d4d795 [0x0000000103d4d6c0+0xd5]
J 242 C1 java.net.URLClassLoader.findClass(Ljava/lang/String;)Ljava/lang/Class; (47 bytes) @ 0x0000000103d38d94 [0x0000000103d38c00+0x194]
j  org.codehaus.plexus.classworlds.realm.ClassRealm.loadClassFromSelf(Ljava/lang/String;)Ljava/lang/Class;+20
j  org.codehaus.plexus.classworlds.strategy.SelfFirstStrategy.loadClass(Ljava/lang/String;)Ljava/lang/Class;+18
j  org.codehaus.plexus.classworlds.realm.ClassRealm.unsynchronizedLoadClass(Ljava/lang/String;Z)Ljava/lang/Class;+13
j  org.codehaus.plexus.classworlds.realm.ClassRealm.loadClass(Ljava/lang/String;Z)Ljava/lang/Class;+9
j  org.codehaus.plexus.classworlds.realm.ClassRealm.loadClass(Ljava/lang/String;)Ljava/lang/Class;+3
v  ~StubRoutines::call_stub
V  [libjvm.dylib+0x2ecf06]  JavaCalls::call_helper(JavaValue*, methodHandle*, JavaCallArguments*, Thread*)+0x6ae
V  [libjvm.dylib+0x2ed694]  JavaCalls::call_virtual(JavaValue*, KlassHandle, Symbol*, Symbol*, JavaCallArguments*, Thread*)+0x164
V  [libjvm.dylib+0x2ed7ec]  JavaCalls::call_virtual(JavaValue*, Handle, KlassHandle, Symbol*, Symbol*, Handle, Thread*)+0x56
V  [libjvm.dylib+0x53a818]  SystemDictionary::load_instance_class(Symbol*, Handle, Thread*)+0x2d8
V  [libjvm.dylib+0x539fb1]  SystemDictionary::resolve_instance_class_or_null(Symbol*, Handle, Handle, Thread*)+0x48f
V  [libjvm.dylib+0x53aa34]  SystemDictionary::resolve_or_null(Symbol*, Handle, Handle, Thread*)+0x106
V  [libjvm.dylib+0x53b0e7]  SystemDictionary::resolve_or_fail(Symbol*, Handle, Handle, bool, Thread*)+0x31
V  [libjvm.dylib+0x1e2582]  ConstantPool::klass_at_impl(constantPoolHandle, int, Thread*)+0x2ee
V  [libjvm.dylib+0x1f29ae]  ConstantPool::klass_at(int, Thread*)+0x92
V  [libjvm.dylib+0x2e8943]  InterpreterRuntime::_new(JavaThread*, ConstantPool*, int)+0x2d
j  org.eclipse.sisu.inject.DefaultBeanLocator.<init>()V+35
j  org.codehaus.plexus.DefaultPlexusContainer.<init>(Lorg/codehaus/plexus/ContainerConfiguration;[Lcom/google/inject/Module;)V+54
j  org.apache.maven.cli.MavenCli.container(Lorg/apache/maven/cli/CliRequest;)Lorg/codehaus/plexus/PlexusContainer;+269
j  org.apache.maven.cli.MavenCli.doMain(Lorg/apache/maven/cli/CliRequest;)I+29
j  org.apache.maven.cli.MavenCli.main([Ljava/lang/String;Lorg/codehaus/plexus/classworlds/ClassWorld;)I+18
v  ~StubRoutines::call_stub
V  [libjvm.dylib+0x2ecf06]  JavaCalls::call_helper(JavaValue*, methodHandle*, JavaCallArguments*, Thread*)+0x6ae
V  [libjvm.dylib+0x4d1214]  Reflection::invoke(instanceKlassHandle, methodHandle, Handle, bool, objArrayHandle, BasicType, objArrayHandle, bool, Thread*)+0xe12
V  [libjvm.dylib+0x4d1748]  Reflection::invoke_method(oopDesc*, Handle, objArrayHandle, Thread*)+0x16c
V  [libjvm.dylib+0x345384]  JVM_InvokeMethod+0x166
j  sun.reflect.NativeMethodAccessorImpl.invoke0(Ljava/lang/reflect/Method;Ljava/lang/Object;[Ljava/lang/Object;)Ljava/lang/Object;+0
j  sun.reflect.NativeMethodAccessorImpl.invoke(Ljava/lang/Object;[Ljava/lang/Object;)Ljava/lang/Object;+100
j  sun.reflect.DelegatingMethodAccessorImpl.invoke(Ljava/lang/Object;[Ljava/lang/Object;)Ljava/lang/Object;+6
j  java.lang.reflect.Method.invoke(Ljava/lang/Object;[Ljava/lang/Object;)Ljava/lang/Object;+56
j  org.codehaus.plexus.classworlds.launcher.Launcher.launchEnhanced([Ljava/lang/String;)V+45
j  org.codehaus.plexus.classworlds.launcher.Launcher.launch([Ljava/lang/String;)V+2
j  org.codehaus.plexus.classworlds.launcher.Launcher.mainWithExitCode([Ljava/lang/String;)I+101
j  org.codehaus.plexus.classworlds.launcher.Launcher.main([Ljava/lang/String;)V+1
v  ~StubRoutines::call_stub
V  [libjvm.dylib+0x2ecf06]  JavaCalls::call_helper(JavaValue*, methodHandle*, JavaCallArguments*, Thread*)+0x6ae
V  [libjvm.dylib+0x323d7a]  jni_invoke_static(JNIEnv_*, JavaValue*, _jobject*, JNICallType, _jmethodID*, JNI_ArgumentPusher*, Thread*)+0x1bf
V  [libjvm.dylib+0x31caf1]  jni_CallStaticVoidMethod+0x15d
C  [java+0x3931]  JavaMain+0x9c4
C  [libsystem_pthread.dylib+0x1899]  _pthread_body+0x8a
C  [libsystem_pthread.dylib+0x172a]  _pthread_struct_init+0x0
C  [libsystem_pthread.dylib+0x5fc9]  thread_start+0xd
C  0x0000000000000000

Java frames: (J=compiled Java code, j=interpreted, Vv=VM code)
v  ~RuntimeStub::resolve_static_call
C  0x0000000103d601c4
j  sun.misc.URLClassPath$JarLoader$2.getInputStream()Ljava/io/InputStream;+11
J 276 C1 sun.misc.Resource.cachedInputStream()Ljava/io/InputStream; (20 bytes) @ 0x0000000103d47ad4 [0x0000000103d478c0+0x214]
j  sun.misc.Resource.getByteBuffer()Ljava/nio/ByteBuffer;+1
j  java.net.URLClassLoader.defineClass(Ljava/lang/String;Lsun/misc/Resource;)Ljava/lang/Class;+50
J 285 C1 java.net.URLClassLoader$1.run()Ljava/lang/Class; (63 bytes) @ 0x0000000103d54434 [0x0000000103d54160+0x2d4]
J 284 C1 java.net.URLClassLoader$1.run()Ljava/lang/Object; (5 bytes) @ 0x0000000103d53dcc [0x0000000103d53d40+0x8c]
v  ~StubRoutines::call_stub
J 283  java.security.AccessController.doPrivileged(Ljava/security/PrivilegedExceptionAction;Ljava/security/AccessControlContext;)Ljava/lang/Object; (0 bytes) @ 0x0000000103d4d723 [0x0000000103d4d6c0+0x63]
J 242 C1 java.net.URLClassLoader.findClass(Ljava/lang/String;)Ljava/lang/Class; (47 bytes) @ 0x0000000103d38d94 [0x0000000103d38c00+0x194]
j  org.codehaus.plexus.classworlds.realm.ClassRealm.loadClassFromSelf(Ljava/lang/String;)Ljava/lang/Class;+20
j  org.codehaus.plexus.classworlds.strategy.SelfFirstStrategy.loadClass(Ljava/lang/String;)Ljava/lang/Class;+18
j  org.codehaus.plexus.classworlds.realm.ClassRealm.unsynchronizedLoadClass(Ljava/lang/String;Z)Ljava/lang/Class;+13
j  org.codehaus.plexus.classworlds.realm.ClassRealm.loadClass(Ljava/lang/String;Z)Ljava/lang/Class;+9
j  org.codehaus.plexus.classworlds.realm.ClassRealm.loadClass(Ljava/lang/String;)Ljava/lang/Class;+3
v  ~StubRoutines::call_stub
j  org.eclipse.sisu.inject.DefaultBeanLocator.<init>()V+35
j  org.codehaus.plexus.DefaultPlexusContainer.<init>(Lorg/codehaus/plexus/ContainerConfiguration;[Lcom/google/inject/Module;)V+54
j  org.apache.maven.cli.MavenCli.container(Lorg/apache/maven/cli/CliRequest;)Lorg/codehaus/plexus/PlexusContainer;+269
j  org.apache.maven.cli.MavenCli.doMain(Lorg/apache/maven/cli/CliRequest;)I+29
j  org.apache.maven.cli.MavenCli.main([Ljava/lang/String;Lorg/codehaus/plexus/classworlds/ClassWorld;)I+18
v  ~StubRoutines::call_stub
j  sun.reflect.NativeMethodAccessorImpl.invoke0(Ljava/lang/reflect/Method;Ljava/lang/Object;[Ljava/lang/Object;)Ljava/lang/Object;+0
j  sun.reflect.NativeMethodAccessorImpl.invoke(Ljava/lang/Object;[Ljava/lang/Object;)Ljava/lang/Object;+100
j  sun.reflect.DelegatingMethodAccessorImpl.invoke(Ljava/lang/Object;[Ljava/lang/Object;)Ljava/lang/Object;+6
j  java.lang.reflect.Method.invoke(Ljava/lang/Object;[Ljava/lang/Object;)Ljava/lang/Object;+56
j  org.codehaus.plexus.classworlds.launcher.Launcher.launchEnhanced([Ljava/lang/String;)V+45
j  org.codehaus.plexus.classworlds.launcher.Launcher.launch([Ljava/lang/String;)V+2
j  org.codehaus.plexus.classworlds.launcher.Launcher.mainWithExitCode([Ljava/lang/String;)I+101
j  org.codehaus.plexus.classworlds.launcher.Launcher.main([Ljava/lang/String;)V+1
v  ~StubRoutines::call_stub

---------------  P R O C E S S  ---------------

Java Threads: ( => current thread )
  0x00007fba21001000 JavaThread "Service Thread" daemon [_thread_blocked, id=19715, stack(0x0000000117b89000,0x0000000117c89000)]
  0x00007fba2100b800 JavaThread "C1 CompilerThread2" daemon [_thread_blocked, id=19203, stack(0x0000000117a86000,0x0000000117b86000)]
  0x00007fba20818800 JavaThread "C2 CompilerThread1" daemon [_thread_blocked, id=18691, stack(0x0000000117983000,0x0000000117a83000)]
  0x00007fba21871000 JavaThread "C2 CompilerThread0" daemon [_thread_in_native, id=18179, stack(0x0000000117880000,0x0000000117980000)]
  0x00007fba2182c000 JavaThread "Signal Dispatcher" daemon [_thread_blocked, id=17667, stack(0x000000011777d000,0x000000011787d000)]
  0x00007fba2185d000 JavaThread "Finalizer" daemon [_thread_blocked, id=12547, stack(0x000000011752e000,0x000000011762e000)]
  0x00007fba2185a000 JavaThread "Reference Handler" daemon [_thread_blocked, id=12035, stack(0x000000011742b000,0x000000011752b000)]
=>0x00007fba21002800 JavaThread "main" [_thread_in_vm, id=6403, stack(0x0000000102229000,0x0000000102329000)]

Other Threads:
  0x00007fba21855800 VMThread [stack: 0x0000000117328000,0x0000000117428000] [id=11523]
  0x00007fba21002000 WatcherThread [stack: 0x0000000117c8c000,0x0000000117d8c000] [id=20227]

VM state:not at safepoint (normal execution)

VM Mutex/Monitor currently owned by a thread: None

Heap:
 PSYoungGen      total 18944K, used 8634K [0x00000007aab00000, 0x00000007ac000000, 0x00000007c0000000)
  eden space 16384K, 52% used [0x00000007aab00000,0x00000007ab36e8b0,0x00000007abb00000)
  from space 2560K, 0% used [0x00000007abd80000,0x00000007abd80000,0x00000007ac000000)
  to   space 2560K, 0% used [0x00000007abb00000,0x00000007abb00000,0x00000007abd80000)
 ParOldGen       total 44032K, used 0K [0x0000000780000000, 0x0000000782b00000, 0x00000007aab00000)
  object space 44032K, 0% used [0x0000000780000000,0x0000000780000000,0x0000000782b00000)
 Metaspace       used 5093K, capacity 5688K, committed 5760K, reserved 1056768K
  class space    used 567K, capacity 604K, committed 640K, reserved 1048576K

Card table byte_map: [0x0000000112f5d000,0x000000011315e000] byte_map_base: 0x000000010f35d000

Marking Bits: (ParMarkBitMap*) 0x00000001034edd20
 Begin Bits: [0x00000001136c0000, 0x00000001146c0000)
 End Bits:   [0x00000001146c0000, 0x00000001156c0000)

Polling page: 0x000000010236e000

CodeCache: size=245760Kb used=1840Kb max_used=1857Kb free=243919Kb
 bounds [0x0000000103b9d000, 0x0000000103e0d000, 0x0000000112b9d000]
 total_blobs=575 nmethods=310 adapters=180
 compilation: enabled

Compilation events (10 events):
Event: 0,368 Thread 0x00007fba2100b800 nmethod 302 0x0000000103d5d990 code [0x0000000103d5db00, 0x0000000103d5dd28]
Event: 0,368 Thread 0x00007fba2100b800  303   !   3       java.util.zip.ZipFile::getInputStream (304 bytes)
Event: 0,370 Thread 0x00007fba2100b800 nmethod 303 0x0000000103d5de10 code [0x0000000103d5e0c0, 0x0000000103d5f2d8]
Event: 0,370 Thread 0x00007fba2100b800  304       3       java.util.zip.ZipFile$ZipFileInputStream::<init> (41 bytes)
Event: 0,370 Thread 0x00007fba2100b800 nmethod 304 0x0000000103d5fe90 code [0x0000000103d60020, 0x0000000103d603b8]
Event: 0,370 Thread 0x00007fba2100b800  305       3       java.util.zip.ZipFile::access$1100 (5 bytes)
Event: 0,370 Thread 0x00007fba2100b800 nmethod 305 0x0000000103d605d0 code [0x0000000103d60740, 0x0000000103d608a8]
Event: 0,371 Thread 0x00007fba2100b800  306       3       java.util.zip.ZipEntry::<init> (43 bytes)
Event: 0,371 Thread 0x00007fba2100b800 nmethod 306 0x0000000103d60950 code [0x0000000103d60ac0, 0x0000000103d60cd0]
Event: 0,374 Thread 0x00007fba2100b800  310       3       java.util.zip.ZipEntry::setExtra0 (360 bytes)

GC Heap History (0 events):
No events

Deoptimization events (0 events):
No events

Internal exceptions (10 events):
Event: 0,114 Thread 0x00007fba21002800 Exception <a 'java/util/zip/ZipException'> (0x00000007aabfb930) thrown at [/HUDSON3/workspace/8-2-build-macosx-x86_64/jdk8u101/7261/hotspot/src/share/vm/prims/jni.cpp, line 709]
Event: 0,114 Thread 0x00007fba21002800 Exception <a 'java/security/PrivilegedActionException'> (0x00000007aabfbb38) thrown at [/HUDSON3/workspace/8-2-build-macosx-x86_64/jdk8u101/7261/hotspot/src/share/vm/prims/jvm.cpp, line 1386]
Event: 0,114 Thread 0x00007fba21002800 Exception <a 'java/security/PrivilegedActionException'> (0x00000007aabfbd48) thrown at [/HUDSON3/workspace/8-2-build-macosx-x86_64/jdk8u101/7261/hotspot/src/share/vm/prims/jvm.cpp, line 1386]
Event: 0,116 Thread 0x00007fba21002800 Exception <a 'java/util/zip/ZipException'> (0x00000007aac0ec00) thrown at [/HUDSON3/workspace/8-2-build-macosx-x86_64/jdk8u101/7261/hotspot/src/share/vm/prims/jni.cpp, line 709]
Event: 0,116 Thread 0x00007fba21002800 Exception <a 'java/security/PrivilegedActionException'> (0x00000007aac0ee08) thrown at [/HUDSON3/workspace/8-2-build-macosx-x86_64/jdk8u101/7261/hotspot/src/share/vm/prims/jvm.cpp, line 1386]
Event: 0,116 Thread 0x00007fba21002800 Exception <a 'java/security/PrivilegedActionException'> (0x00000007aac0f018) thrown at [/HUDSON3/workspace/8-2-build-macosx-x86_64/jdk8u101/7261/hotspot/src/share/vm/prims/jvm.cpp, line 1386]
Event: 0,213 Thread 0x00007fba21002800 Exception <a 'java/security/PrivilegedActionException'> (0x00000007aae87140) thrown at [/HUDSON3/workspace/8-2-build-macosx-x86_64/jdk8u101/7261/hotspot/src/share/vm/prims/jvm.cpp, line 1386]
Event: 0,213 Thread 0x00007fba21002800 Exception <a 'java/security/PrivilegedActionException'> (0x00000007aae87538) thrown at [/HUDSON3/workspace/8-2-build-macosx-x86_64/jdk8u101/7261/hotspot/src/share/vm/prims/jvm.cpp, line 1386]
Event: 0,213 Thread 0x00007fba21002800 Exception <a 'java/security/PrivilegedActionException'> (0x00000007aae8aa28) thrown at [/HUDSON3/workspace/8-2-build-macosx-x86_64/jdk8u101/7261/hotspot/src/share/vm/prims/jvm.cpp, line 1386]
Event: 0,213 Thread 0x00007fba21002800 Exception <a 'java/security/PrivilegedActionException'> (0x00000007aae8ae20) thrown at [/HUDSON3/workspace/8-2-build-macosx-x86_64/jdk8u101/7261/hotspot/src/share/vm/prims/jvm.cpp, line 1386]

Events (10 events):
Event: 0,369 loading class org/eclipse/sisu/inject/MildValues$InverseMapping
Event: 0,369 loading class org/eclipse/sisu/inject/MildValues$InverseMapping done
Event: 0,369 loading class org/eclipse/sisu/inject/MildKeys$Soft
Event: 0,369 loading class org/eclipse/sisu/inject/MildKeys$Soft done
Event: 0,370 loading class org/eclipse/sisu/inject/MildValues$Weak
Event: 0,370 loading class org/eclipse/sisu/inject/MildValues$Weak done
Event: 0,371 loading class org/eclipse/sisu/inject/MildKeys$Weak
Event: 0,371 loading class org/eclipse/sisu/inject/MildKeys$Weak done
Event: 0,375 loading class org/eclipse/sisu/inject/ImplicitBindings
Event: 0,375 loading class org/eclipse/sisu/inject/ImplicitBindings done


Dynamic libraries:
0x0000000000d9f000 	/System/Library/Frameworks/Cocoa.framework/Versions/A/Cocoa
0x0000000000d9f000 	/System/Library/Frameworks/Security.framework/Versions/A/Security
0x0000000000d9f000 	/System/Library/Frameworks/ApplicationServices.framework/Versions/A/ApplicationServices
0x0000000000d9f000 	/usr/lib/libz.1.dylib
0x0000000000d9f000 	/usr/lib/libSystem.B.dylib
0x0000000000d9f000 	/usr/lib/libobjc.A.dylib
0x0000000000d9f000 	/System/Library/Frameworks/CoreFoundation.framework/Versions/A/CoreFoundation
0x0000000000d9f000 	/System/Library/Frameworks/Foundation.framework/Versions/C/Foundation
0x0000000000d9f000 	/System/Library/Frameworks/AppKit.framework/Versions/C/AppKit
0x0000000000d9f000 	/System/Library/Frameworks/CoreData.framework/Versions/A/CoreData
0x0000000000d9f000 	/System/Library/PrivateFrameworks/RemoteViewServices.framework/Versions/A/RemoteViewServices
0x0000000000d9f000 	/System/Library/Frameworks/AudioToolbox.framework/Versions/A/AudioToolbox
0x0000000000d9f000 	/System/Library/Frameworks/AudioUnit.framework/Versions/A/AudioUnit
0x0000000000d9f000 	/System/Library/PrivateFrameworks/DataDetectorsCore.framework/Versions/A/DataDetectorsCore
0x0000000000d9f000 	/System/Library/PrivateFrameworks/DesktopServicesPriv.framework/Versions/A/DesktopServicesPriv
0x0000000000d9f000 	/System/Library/Frameworks/Carbon.framework/Versions/A/Frameworks/HIToolbox.framework/Versions/A/HIToolbox
0x0000000000d9f000 	/System/Library/Frameworks/QuartzCore.framework/Versions/A/QuartzCore
0x0000000000d9f000 	/System/Library/Frameworks/Carbon.framework/Versions/A/Frameworks/SpeechRecognition.framework/Versions/A/SpeechRecognition
0x0000000000d9f000 	/usr/lib/libauto.dylib
0x0000000000d9f000 	/usr/lib/libicucore.A.dylib
0x0000000000d9f000 	/usr/lib/libxml2.2.dylib
0x0000000000d9f000 	/System/Library/PrivateFrameworks/CoreUI.framework/Versions/A/CoreUI
0x0000000000d9f000 	/System/Library/Frameworks/CoreAudio.framework/Versions/A/CoreAudio
0x0000000000d9f000 	/System/Library/Frameworks/DiskArbitration.framework/Versions/A/DiskArbitration
0x0000000000d9f000 	/usr/lib/liblangid.dylib
0x0000000000d9f000 	/System/Library/PrivateFrameworks/MultitouchSupport.framework/Versions/A/MultitouchSupport
0x0000000000d9f000 	/System/Library/Frameworks/IOKit.framework/Versions/A/IOKit
0x0000000000d9f000 	/usr/lib/libDiagnosticMessagesClient.dylib
0x0000000000d9f000 	/System/Library/Frameworks/CoreServices.framework/Versions/A/CoreServices
0x0000000000d9f000 	/System/Library/PrivateFrameworks/PerformanceAnalysis.framework/Versions/A/PerformanceAnalysis
0x0000000000d9f000 	/System/Library/PrivateFrameworks/GenerationalStorage.framework/Versions/A/GenerationalStorage
0x0000000000d9f000 	/System/Library/Frameworks/OpenGL.framework/Versions/A/OpenGL
0x0000000000d9f000 	/System/Library/PrivateFrameworks/Sharing.framework/Versions/A/Sharing
0x0000000000d9f000 	/System/Library/Frameworks/ImageIO.framework/Versions/A/ImageIO
0x0000000000d9f000 	/System/Library/Frameworks/CoreText.framework/Versions/A/CoreText
0x0000000000d9f000 	/System/Library/Frameworks/CoreGraphics.framework/Versions/A/CoreGraphics
0x0000000000d9f000 	/System/Library/PrivateFrameworks/Backup.framework/Versions/A/Backup
0x0000000000d9f000 	/System/Library/Frameworks/CFNetwork.framework/Versions/A/CFNetwork
0x0000000000d9f000 	/System/Library/Frameworks/SystemConfiguration.framework/Versions/A/SystemConfiguration
0x0000000000d9f000 	/usr/lib/libCRFSuite.dylib
0x0000000000d9f000 	/usr/lib/libc++.1.dylib
0x0000000000d9f000 	/usr/lib/libc++abi.dylib
0x0000000000d9f000 	/usr/lib/system/libcache.dylib
0x0000000000d9f000 	/usr/lib/system/libcommonCrypto.dylib
0x0000000000d9f000 	/usr/lib/system/libcompiler_rt.dylib
0x0000000000d9f000 	/usr/lib/system/libcopyfile.dylib
0x0000000000d9f000 	/usr/lib/system/libcorecrypto.dylib
0x0000000000d9f000 	/usr/lib/system/libdispatch.dylib
0x0000000000d9f000 	/usr/lib/system/libdyld.dylib
0x0000000000d9f000 	/usr/lib/system/libkeymgr.dylib
0x0000000000d9f000 	/usr/lib/system/liblaunch.dylib
0x0000000000d9f000 	/usr/lib/system/libmacho.dylib
0x0000000000d9f000 	/usr/lib/system/libquarantine.dylib
0x0000000000d9f000 	/usr/lib/system/libremovefile.dylib
0x0000000000d9f000 	/usr/lib/system/libsystem_asl.dylib
0x0000000000d9f000 	/usr/lib/system/libsystem_blocks.dylib
0x0000000000d9f000 	/usr/lib/system/libsystem_c.dylib
0x0000000000d9f000 	/usr/lib/system/libsystem_configuration.dylib
0x0000000000d9f000 	/usr/lib/system/libsystem_dnssd.dylib
0x0000000000d9f000 	/usr/lib/system/libsystem_info.dylib
0x0000000000d9f000 	/usr/lib/system/libsystem_kernel.dylib
0x0000000000d9f000 	/usr/lib/system/libsystem_m.dylib
0x0000000000d9f000 	/usr/lib/system/libsystem_malloc.dylib
0x0000000000d9f000 	/usr/lib/system/libsystem_network.dylib
0x0000000000d9f000 	/usr/lib/system/libsystem_notify.dylib
0x0000000000d9f000 	/usr/lib/system/libsystem_platform.dylib
0x0000000000d9f000 	/usr/lib/system/libsystem_pthread.dylib
0x0000000000d9f000 	/usr/lib/system/libsystem_sandbox.dylib
0x0000000000d9f000 	/usr/lib/system/libsystem_stats.dylib
0x0000000000d9f000 	/usr/lib/system/libunc.dylib
0x0000000000d9f000 	/usr/lib/system/libunwind.dylib
0x0000000000d9f000 	/usr/lib/system/libxpc.dylib
0x0000000000d9f000 	/usr/lib/libbsm.0.dylib
0x0000000000d9f000 	/usr/lib/libsqlite3.dylib
0x0000000000d9f000 	/usr/lib/libxar.1.dylib
0x0000000000d9f000 	/usr/lib/libpam.2.dylib
0x0000000000d9f000 	/usr/lib/libOpenScriptingUtil.dylib
0x0000000000d9f000 	/usr/lib/libbz2.1.0.dylib
0x0000000000d9f000 	/System/Library/Frameworks/CoreServices.framework/Versions/A/Frameworks/CarbonCore.framework/Versions/A/CarbonCore
0x0000000000d9f000 	/System/Library/Frameworks/CoreServices.framework/Versions/A/Frameworks/Metadata.framework/Versions/A/Metadata
0x0000000000d9f000 	/System/Library/Frameworks/CoreServices.framework/Versions/A/Frameworks/OSServices.framework/Versions/A/OSServices
0x0000000000d9f000 	/System/Library/Frameworks/CoreServices.framework/Versions/A/Frameworks/SearchKit.framework/Versions/A/SearchKit
0x0000000000d9f000 	/System/Library/Frameworks/CoreServices.framework/Versions/A/Frameworks/AE.framework/Versions/A/AE
0x0000000000d9f000 	/System/Library/Frameworks/CoreServices.framework/Versions/A/Frameworks/LaunchServices.framework/Versions/A/LaunchServices
0x0000000000d9f000 	/System/Library/Frameworks/CoreServices.framework/Versions/A/Frameworks/DictionaryServices.framework/Versions/A/DictionaryServices
0x0000000000d9f000 	/System/Library/Frameworks/NetFS.framework/Versions/A/NetFS
0x0000000000d9f000 	/usr/lib/system/libkxld.dylib
0x0000000000d9f000 	/System/Library/PrivateFrameworks/NetAuth.framework/Versions/A/NetAuth
0x0000000000d9f000 	/System/Library/PrivateFrameworks/TCC.framework/Versions/A/TCC
0x0000000000d9f000 	/System/Library/Frameworks/OpenDirectory.framework/Versions/A/Frameworks/CFOpenDirectory.framework/Versions/A/CFOpenDirectory
0x0000000000d9f000 	/System/Library/Frameworks/ServiceManagement.framework/Versions/A/ServiceManagement
0x0000000000d9f000 	/usr/lib/libxslt.1.dylib
0x0000000000d9f000 	/System/Library/Frameworks/Carbon.framework/Versions/A/Frameworks/Ink.framework/Versions/A/Ink
0x0000000000d9f000 	/System/Library/Frameworks/ApplicationServices.framework/Versions/A/Frameworks/ATS.framework/Versions/A/ATS
0x0000000000d9f000 	/System/Library/Frameworks/ApplicationServices.framework/Versions/A/Frameworks/ColorSync.framework/Versions/A/ColorSync
0x0000000000d9f000 	/System/Library/Frameworks/ApplicationServices.framework/Versions/A/Frameworks/HIServices.framework/Versions/A/HIServices
0x0000000000d9f000 	/System/Library/Frameworks/ApplicationServices.framework/Versions/A/Frameworks/LangAnalysis.framework/Versions/A/LangAnalysis
0x0000000000d9f000 	/System/Library/Frameworks/ApplicationServices.framework/Versions/A/Frameworks/PrintCore.framework/Versions/A/PrintCore
0x0000000000d9f000 	/System/Library/Frameworks/ApplicationServices.framework/Versions/A/Frameworks/QD.framework/Versions/A/QD
0x0000000000d9f000 	/System/Library/Frameworks/ApplicationServices.framework/Versions/A/Frameworks/SpeechSynthesis.framework/Versions/A/SpeechSynthesis
0x0000000000d9f000 	/System/Library/Frameworks/IOSurface.framework/Versions/A/IOSurface
0x0000000000d9f000 	/System/Library/Frameworks/Accelerate.framework/Versions/A/Accelerate
0x0000000000d9f000 	/System/Library/Frameworks/Accelerate.framework/Versions/A/Frameworks/vImage.framework/Versions/A/vImage
0x0000000000d9f000 	/System/Library/Frameworks/Accelerate.framework/Versions/A/Frameworks/vecLib.framework/Versions/A/vecLib
0x0000000000d9f000 	/System/Library/Frameworks/Accelerate.framework/Versions/A/Frameworks/vecLib.framework/Versions/A/libvDSP.dylib
0x0000000000d9f000 	/System/Library/Frameworks/Accelerate.framework/Versions/A/Frameworks/vecLib.framework/Versions/A/libvMisc.dylib
0x0000000000d9f000 	/System/Library/Frameworks/Accelerate.framework/Versions/A/Frameworks/vecLib.framework/Versions/A/libLAPACK.dylib
0x0000000000d9f000 	/System/Library/Frameworks/Accelerate.framework/Versions/A/Frameworks/vecLib.framework/Versions/A/libBLAS.dylib
0x0000000000d9f000 	/System/Library/Frameworks/ApplicationServices.framework/Versions/A/Frameworks/ATS.framework/Versions/A/Resources/libFontParser.dylib
0x0000000000d9f000 	/System/Library/Frameworks/ApplicationServices.framework/Versions/A/Frameworks/ATS.framework/Versions/A/Resources/libFontRegistry.dylib
0x0000000000d9f000 	/System/Library/Frameworks/ImageIO.framework/Versions/A/Resources/libJPEG.dylib
0x0000000000d9f000 	/System/Library/Frameworks/ImageIO.framework/Versions/A/Resources/libTIFF.dylib
0x0000000000d9f000 	/System/Library/Frameworks/ImageIO.framework/Versions/A/Resources/libPng.dylib
0x0000000000d9f000 	/System/Library/Frameworks/ImageIO.framework/Versions/A/Resources/libGIF.dylib
0x0000000000d9f000 	/System/Library/Frameworks/ImageIO.framework/Versions/A/Resources/libJP2.dylib
0x0000000000d9f000 	/System/Library/Frameworks/ImageIO.framework/Versions/A/Resources/libRadiance.dylib
0x0000000000d9f000 	/usr/lib/libcups.2.dylib
0x0000000000d9f000 	/System/Library/Frameworks/Kerberos.framework/Versions/A/Kerberos
0x0000000000d9f000 	/System/Library/Frameworks/GSS.framework/Versions/A/GSS
0x0000000000d9f000 	/usr/lib/libresolv.9.dylib
0x0000000000d9f000 	/usr/lib/libiconv.2.dylib
0x0000000000d9f000 	/System/Library/PrivateFrameworks/Heimdal.framework/Versions/A/Heimdal
0x0000000000d9f000 	/System/Library/PrivateFrameworks/TrustEvaluationAgent.framework/Versions/A/TrustEvaluationAgent
0x0000000000d9f000 	/usr/lib/libheimdal-asn1.dylib
0x0000000000d9f000 	/System/Library/Frameworks/OpenDirectory.framework/Versions/A/OpenDirectory
0x0000000000d9f000 	/System/Library/PrivateFrameworks/CommonAuth.framework/Versions/A/CommonAuth
0x0000000000d9f000 	/System/Library/Frameworks/SecurityFoundation.framework/Versions/A/SecurityFoundation
0x0000000000d9f000 	/System/Library/PrivateFrameworks/Bom.framework/Versions/A/Bom
0x0000000000d9f000 	/System/Library/Frameworks/CoreVideo.framework/Versions/A/CoreVideo
0x0000000000d9f000 	/System/Library/Frameworks/QuartzCore.framework/Versions/A/Frameworks/CoreImage.framework/Versions/A/CoreImage
0x0000000000d9f000 	/System/Library/Frameworks/QuartzCore.framework/Versions/A/Frameworks/ScalableUserInterface.framework/Versions/A/ScalableUserInterface
0x0000000000d9f000 	/System/Library/Frameworks/OpenGL.framework/Versions/A/Libraries/libGLU.dylib
0x0000000000d9f000 	/System/Library/Frameworks/OpenGL.framework/Versions/A/Libraries/libGFXShared.dylib
0x0000000000d9f000 	/System/Library/Frameworks/OpenGL.framework/Versions/A/Libraries/libGL.dylib
0x0000000000d9f000 	/System/Library/Frameworks/OpenGL.framework/Versions/A/Libraries/libGLImage.dylib
0x0000000000d9f000 	/System/Library/Frameworks/OpenGL.framework/Versions/A/Libraries/libCVMSPluginSupport.dylib
0x0000000000d9f000 	/System/Library/Frameworks/OpenGL.framework/Versions/A/Libraries/libCoreVMClient.dylib
0x0000000000d9f000 	/System/Library/PrivateFrameworks/FaceCore.framework/Versions/A/FaceCore
0x0000000000d9f000 	/System/Library/PrivateFrameworks/CrashReporterSupport.framework/Versions/A/CrashReporterSupport
0x0000000000d9f000 	/System/Library/Frameworks/OpenCL.framework/Versions/A/OpenCL
0x0000000000d9f000 	/System/Library/PrivateFrameworks/AppleFSCompression.framework/Versions/A/AppleFSCompression
0x0000000000d9f000 	/System/Library/PrivateFrameworks/Ubiquity.framework/Versions/A/Ubiquity
0x0000000000d9f000 	/System/Library/PrivateFrameworks/IconServices.framework/Versions/A/IconServices
0x0000000000d9f000 	/System/Library/PrivateFrameworks/ChunkingLibrary.framework/Versions/A/ChunkingLibrary
0x0000000000d9f000 	/System/Library/PrivateFrameworks/CoreSymbolication.framework/Versions/A/CoreSymbolication
0x0000000000d9f000 	/System/Library/PrivateFrameworks/Symbolication.framework/Versions/A/Symbolication
0x0000000000d9f000 	/System/Library/PrivateFrameworks/DebugSymbols.framework/Versions/A/DebugSymbols
0x0000000102c00000 	/Library/Java/JavaVirtualMachines/jdk1.8.0_101.jdk/Contents/Home/jre/lib/server/libjvm.dylib
0x0000000000d9f000 	/usr/lib/libstdc++.6.dylib
0x000000010232b000 	/Library/Java/JavaVirtualMachines/jdk1.8.0_101.jdk/Contents/Home/jre/lib/libverify.dylib
0x0000000102339000 	/Library/Java/JavaVirtualMachines/jdk1.8.0_101.jdk/Contents/Home/jre/lib/libjava.dylib
0x0000000102378000 	/Library/Java/JavaVirtualMachines/jdk1.8.0_101.jdk/Contents/Home/jre/lib/libzip.dylib
0x0000000117630000 	/System/Library/Frameworks/JavaVM.framework/Frameworks/JavaRuntimeSupport.framework/JavaRuntimeSupport
0x0000000117648000 	/System/Library/Frameworks/JavaVM.framework/Versions/A/Frameworks/JavaNativeFoundation.framework/Versions/A/JavaNativeFoundation
0x000000011765d000 	/System/Library/Frameworks/JavaVM.framework/Versions/A/JavaVM
0x0000000000d9f000 	/System/Library/Frameworks/Carbon.framework/Versions/A/Carbon
0x000000011766a000 	/System/Library/PrivateFrameworks/JavaLaunching.framework/Versions/A/JavaLaunching
0x0000000000d9f000 	/System/Library/Frameworks/Carbon.framework/Versions/A/Frameworks/CommonPanels.framework/Versions/A/CommonPanels
0x0000000000d9f000 	/System/Library/Frameworks/Carbon.framework/Versions/A/Frameworks/Help.framework/Versions/A/Help
0x0000000000d9f000 	/System/Library/Frameworks/Carbon.framework/Versions/A/Frameworks/ImageCapture.framework/Versions/A/ImageCapture
0x0000000000d9f000 	/System/Library/Frameworks/Carbon.framework/Versions/A/Frameworks/OpenScripting.framework/Versions/A/OpenScripting
0x0000000000d9f000 	/System/Library/Frameworks/Carbon.framework/Versions/A/Frameworks/Print.framework/Versions/A/Print
0x0000000000d9f000 	/System/Library/Frameworks/Carbon.framework/Versions/A/Frameworks/SecurityHI.framework/Versions/A/SecurityHI

VM Arguments:
jvm_args: -Dclassworlds.conf=/usr/local/Cellar/maven/3.3.9/libexec/bin/m2.conf -Dmaven.home=/usr/local/Cellar/maven/3.3.9/libexec -Dmaven.multiModuleProjectDirectory=/Users/Remo/Desktop/ese2016-team8/baseProject 
java_command: org.codehaus.plexus.classworlds.launcher.Launcher jetty:run
java_class_path (initial): /usr/local/Cellar/maven/3.3.9/libexec/boot/plexus-classworlds-2.5.2.jar
Launcher Type: SUN_STANDARD

Environment Variables:
JAVA_HOME=/Library/Java/JavaVirtualMachines/jdk1.8.0_101.jdk/Contents/Home
PATH=/Library/Frameworks/Python.framework/Versions/3.5/bin:/usr/bin:/bin:/usr/sbin:/sbin:/usr/local/bin:/opt/X11/bin:/usr/local/Cellar/maven/3.3.9/libexec/bin
SHELL=/bin/bash
DISPLAY=/tmp/launch-MDuMTg/org.macosforge.xquartz:0

Signal Handlers:
SIGSEGV: [libjvm.dylib+0x5af145], sa_mask[0]=11111111011111110111111111111111, sa_flags=SA_ONSTACK|SA_RESTART|SA_SIGINFO
SIGBUS: [libjvm.dylib+0x5af145], sa_mask[0]=11111111011111110111111111111111, sa_flags=SA_RESTART|SA_SIGINFO
SIGFPE: [libjvm.dylib+0x48694c], sa_mask[0]=11111111011111110111111111111111, sa_flags=SA_RESTART|SA_SIGINFO
SIGPIPE: [libjvm.dylib+0x48694c], sa_mask[0]=11111111011111110111111111111111, sa_flags=SA_RESTART|SA_SIGINFO
SIGXFSZ: [libjvm.dylib+0x48694c], sa_mask[0]=11111111011111110111111111111111, sa_flags=SA_RESTART|SA_SIGINFO
SIGILL: [libjvm.dylib+0x48694c], sa_mask[0]=11111111011111110111111111111111, sa_flags=SA_RESTART|SA_SIGINFO
SIGUSR1: SIG_DFL, sa_mask[0]=11011111011111100000000111000110, sa_flags=none
SIGUSR2: [libjvm.dylib+0x48646a], sa_mask[0]=00000000000000000000000000000000, sa_flags=SA_RESTART|SA_SIGINFO
SIGHUP: [libjvm.dylib+0x484a41], sa_mask[0]=11111111011111110111111111111111, sa_flags=SA_RESTART|SA_SIGINFO
SIGINT: [libjvm.dylib+0x484a41], sa_mask[0]=11111111011111110111111111111111, sa_flags=SA_RESTART|SA_SIGINFO
SIGTERM: [libjvm.dylib+0x484a41], sa_mask[0]=11111111011111110111111111111111, sa_flags=SA_RESTART|SA_SIGINFO
SIGQUIT: [libjvm.dylib+0x484a41], sa_mask[0]=11111111011111110111111111111111, sa_flags=SA_RESTART|SA_SIGINFO


---------------  S Y S T E M  ---------------

OS:Bsduname:Darwin 13.4.0 Darwin Kernel Version 13.4.0: Mon Jan 11 18:17:34 PST 2016; root:xnu-2422.115.15~1/RELEASE_X86_64 x86_64
rlimit: STACK 8192k, CORE 0k, NPROC 709, NOFILE 10240, AS infinity
load average:1,77 1,46 1,45

CPU:total 4 (2 cores per cpu, 2 threads per core) family 6 model 37 stepping 5, cmov, cx8, fxsr, mmx, sse, sse2, sse3, ssse3, sse4.1, sse4.2, popcnt, aes, clmul, ht, tsc, tscinvbit

Memory: 4k page, physical 4194304k(587208k free)

/proc/meminfo:


vm_info: Java HotSpot(TM) 64-Bit Server VM (25.101-b13) for bsd-amd64 JRE (1.8.0_101-b13), built on Jun 22 2016 02:42:15 by "java_re" with gcc 4.2.1 (Based on Apple Inc. build 5658) (LLVM build 2336.11.00)

time: Tue Nov 29 13:16:17 2016
elapsed time: 0 seconds (0d 0h 0m 0s)

