#
# A fatal error has been detected by the Java Runtime Environment:
#
#  SIGSEGV (0xb) at pc=0x000000010548cb45, pid=1187, tid=0x0000000000004903
#
# JRE version: Java(TM) SE Runtime Environment (8.0_101-b13) (build 1.8.0_101-b13)
# Java VM: Java HotSpot(TM) 64-Bit Server VM (25.101-b13 mixed mode bsd-amd64 compressed oops)
# Problematic frame:
# V  [libjvm.dylib+0x161b45]
#
# Failed to write core dump. Core dumps have been disabled. To enable core dumping, try "ulimit -c unlimited" before starting Java again
#
# If you would like to submit a bug report, please visit:
#   http://bugreport.java.com/bugreport/crash.jsp
#

---------------  T H R E A D  ---------------

Current thread (0x00007fa74a019000):  JavaThread "C2 CompilerThread1" daemon [_thread_in_native, id=18691, stack(0x000000011aaa0000,0x000000011aba0000)]

siginfo: si_signo: 11 (SIGSEGV), si_code: 0 (unknown), si_addr: 0x0000000000000000

Registers:
RAX=0x8000000105c0f440, RBX=0x0000000000000006, RCX=0x00000000000000d0, RDX=0x0000000000010000
RSP=0x000000011ab9c3e0, RBP=0x000000011ab9c3f0, RSI=0x00000000000000d0, RDI=0x00007fa74aae30b0
R8 =0x0000000000000001, R9 =0x0000000000000001, R10=0x0000000000000000, R11=0x00000000000000b0
R12=0x00000000000002c1, R13=0x000000011ab9c8d8, R14=0x00007fa74aae30b0, R15=0x00007fa74ab154b0
RIP=0x000000010548cb45, EFLAGS=0x0000000000010206, ERR=0x0000000000000000
  TRAPNO=0x000000000000000d

Top of Stack: (sp=0x000000011ab9c3e0)
0x000000011ab9c3e0:   00000000000002c1 000000011ab9d4e0
0x000000011ab9c3f0:   000000011ab9c460 00000001055d8de7
0x000000011ab9c400:   000000d400000000 0000000100000007
0x000000011ab9c410:   00007fa74a2dff40 0000000000000001
0x000000011ab9c420:   000000011ab9c658 0000000100000003
0x000000011ab9c430:   000000011ab9c648 00007fa74ab03610
0x000000011ab9c440:   00007fa74ab03610 00007fa74ab154b0
0x000000011ab9c450:   000000000000000d 0000000000011e68
0x000000011ab9c460:   000000011ab9c710 00000001055d9bfc
0x000000011ab9c470:   0000000000007fe8 000000000000007b
0x000000011ab9c480:   00007fa74a028450 0000000900007fd8
0x000000011ab9c490:   00000000000002c1 0000000a053cf710
0x000000011ab9c4a0:   0000001300000000 00007fa74a25e0d0
0x000000011ab9c4b0:   000000011ab9c52c 02000001fffffffe
0x000000011ab9c4c0:   00007fa74ab09428 00007fa74ab09430
0x000000011ab9c4d0:   00007fa74ab09438 00007fa74ab09440
0x000000011ab9c4e0:   00007fa74a028440 00007fa74ab10da0
0x000000011ab9c4f0:   0000000000000000 0000000000500000
0x000000011ab9c500:   00007fa74ab10da8 0000000000000000
0x000000011ab9c510:   00007fa74ab10db0 ffffffffffffffff
0x000000011ab9c520:   00007fa74ab10db8 ffffffffffffffff
0x000000011ab9c530:   000000011ab9d4e0 3f89cdc2a0000000
0x000000011ab9c540:   3fad077af4000000 0000000000011e68
0x000000011ab9c550:   0000000000300000 0000000000000000
0x000000011ab9c560:   0000000000000000 0000000000000000
0x000000011ab9c570:   0000000000000000 0000021400000000
0x000000011ab9c580:   012cbc0000000008 00007fa74a2dff00
0x000000011ab9c590:   00007fa700000003 000000011ab9c658
0x000000011ab9c5a0:   0000000100000003 000000011ab9c648
0x000000011ab9c5b0:   0303030300000000 0303030303030303
0x000000011ab9c5c0:   0000000003030303 0000000000000000
0x000000011ab9c5d0:   0000000000000000 0000000005055455 

Instructions: (pc=0x000000010548cb45)
0x000000010548cb25:   05 ee 86 6a 00 75 0a 4c 89 f7 89 de e8 bc 08 15
0x000000010548cb35:   00 88 d9 ba 01 00 00 00 d3 e2 c1 eb 05 83 e3 07
0x000000010548cb45:   8b 0c 98 89 ce 09 d6 89 34 98 21 ca 75 03 41 ff
0x000000010548cb55:   06 85 d2 0f 94 c0 0f b6 c0 eb 02 31 c0 5b 41 5e 

Register to memory mapping:

RAX=0x8000000105c0f440 is an unknown value
RBX=0x0000000000000006 is an unknown value
RCX=0x00000000000000d0 is an unknown value
RDX=0x0000000000010000 is an unknown value
RSP=0x000000011ab9c3e0 is pointing into the stack for thread: 0x00007fa74a019000
RBP=0x000000011ab9c3f0 is pointing into the stack for thread: 0x00007fa74a019000
RSI=0x00000000000000d0 is an unknown value
RDI=0x00007fa74aae30b0 is an unknown value
R8 =0x0000000000000001 is an unknown value
R9 =0x0000000000000001 is an unknown value
R10=0x0000000000000000 is an unknown value
R11=0x00000000000000b0 is an unknown value
R12=0x00000000000002c1 is an unknown value
R13=0x000000011ab9c8d8 is pointing into the stack for thread: 0x00007fa74a019000
R14=0x00007fa74aae30b0 is an unknown value
R15=0x00007fa74ab154b0 is an unknown value


Stack: [0x000000011aaa0000,0x000000011aba0000],  sp=0x000000011ab9c3e0,  free space=1008k
Native frames: (J=compiled Java code, j=interpreted, Vv=VM code, C=native code)
V  [libjvm.dylib+0x161b45]
V  [libjvm.dylib+0x2adde7]
V  [libjvm.dylib+0x2aebfc]
V  [libjvm.dylib+0x16118c]
V  [libjvm.dylib+0x1aec36]
V  [libjvm.dylib+0x1b2db9]
V  [libjvm.dylib+0x1504ce]
V  [libjvm.dylib+0x1b644c]
V  [libjvm.dylib+0x1b8993]
V  [libjvm.dylib+0x5695ab]
V  [libjvm.dylib+0x56ac98]
V  [libjvm.dylib+0x48933a]
C  [libsystem_pthread.dylib+0x1899]  _pthread_body+0x8a
C  [libsystem_pthread.dylib+0x172a]  _pthread_struct_init+0x0
C  [libsystem_pthread.dylib+0x5fc9]  thread_start+0xd
C  0x0000000000000000


Current CompileTask:
C2:   1706 1263       4       com.google.inject.internal.MoreTypes::canonicalize (148 bytes)


---------------  P R O C E S S  ---------------

Java Threads: ( => current thread )
  0x00007fa74a801000 JavaThread "Service Thread" daemon [_thread_blocked, id=19715, stack(0x000000011aca6000,0x000000011ada6000)]
  0x00007fa74a01b000 JavaThread "C1 CompilerThread2" daemon [_thread_in_native, id=19203, stack(0x000000011aba3000,0x000000011aca3000)]
=>0x00007fa74a019000 JavaThread "C2 CompilerThread1" daemon [_thread_in_native, id=18691, stack(0x000000011aaa0000,0x000000011aba0000)]
  0x00007fa749836800 JavaThread "C2 CompilerThread0" daemon [_thread_in_native, id=18179, stack(0x000000011a99d000,0x000000011aa9d000)]
  0x00007fa74983d000 JavaThread "Signal Dispatcher" daemon [_thread_blocked, id=17667, stack(0x000000011a89a000,0x000000011a99a000)]
  0x00007fa749867800 JavaThread "Finalizer" daemon [_thread_blocked, id=12547, stack(0x000000011a64b000,0x000000011a74b000)]
  0x00007fa749865000 JavaThread "Reference Handler" daemon [_thread_blocked, id=12035, stack(0x000000011a548000,0x000000011a648000)]
  0x00007fa74a004000 JavaThread "main" [_thread_in_Java, id=6403, stack(0x00000001062df000,0x00000001063df000)]

Other Threads:
  0x00007fa749860800 VMThread [stack: 0x000000011a445000,0x000000011a545000] [id=11523]
  0x00007fa74a800000 WatcherThread [stack: 0x000000011ada9000,0x000000011aea9000] [id=20227]

VM state:not at safepoint (normal execution)

VM Mutex/Monitor currently owned by a thread:  ([mutex/lock_event])
[0x00007fa74940ff90] CodeCache_lock - owner thread: 0x00007fa74a01b000
[0x00007fa749411610] Compile_lock - owner thread: 0x00007fa74a01b000
[0x00007fa749411710] MethodCompileQueue_lock - owner thread: 0x00007fa74a01b000

Heap:
 PSYoungGen      total 35328K, used 13036K [0x00000007aab00000, 0x00000007af000000, 0x00000007c0000000)
  eden space 32768K, 32% used [0x00000007aab00000,0x00000007ab5432f0,0x00000007acb00000)
  from space 2560K, 98% used [0x00000007acb00000,0x00000007acd78020,0x00000007acd80000)
  to   space 2560K, 0% used [0x00000007aed80000,0x00000007aed80000,0x00000007af000000)
 ParOldGen       total 44032K, used 4888K [0x0000000780000000, 0x0000000782b00000, 0x00000007aab00000)
  object space 44032K, 11% used [0x0000000780000000,0x00000007804c6280,0x0000000782b00000)
 Metaspace       used 12549K, capacity 12768K, committed 13056K, reserved 1060864K
  class space    used 1593K, capacity 1676K, committed 1792K, reserved 1048576K

Card table byte_map: [0x0000000115ffe000,0x00000001161ff000] byte_map_base: 0x00000001123fe000

Marking Bits: (ParMarkBitMap*) 0x0000000105c18d20
 Begin Bits: [0x0000000116761000, 0x0000000117761000)
 End Bits:   [0x0000000117761000, 0x0000000118761000)

Polling page: 0x00000001063ef000

CodeCache: size=245760Kb used=4586Kb max_used=4586Kb free=241173Kb
 bounds [0x0000000106c3e000, 0x00000001070be000, 0x0000000115c3e000]
 total_blobs=1623 nmethods=1307 adapters=230
 compilation: enabled

Compilation events (10 events):
Event: 1,679 Thread 0x00007fa74a01b000 nmethod 1278 0x00000001070a7f50 code [0x00000001070a80c0, 0x00000001070a8470]
Event: 1,679 Thread 0x00007fa74a01b000 1284       1       com.google.inject.Key$AnnotationInstanceStrategy::getAnnotation (5 bytes)
Event: 1,680 Thread 0x00007fa74a01b000 nmethod 1284 0x00000001070a8590 code [0x00000001070a86e0, 0x00000001070a87f0]
Event: 1,680 Thread 0x00007fa74a01b000 1286   !   3       com.google.inject.internal.InjectorImpl$2$1::call (68 bytes)
Event: 1,680 Thread 0x00007fa74a01b000 nmethod 1286 0x00000001070a8850 code [0x00000001070a8a20, 0x00000001070a9358]
Event: 1,680 Thread 0x00007fa74a01b000 1285       3       com.google.inject.internal.InternalContext::pushState (10 bytes)
Event: 1,681 Thread 0x00007fa74a01b000 nmethod 1285 0x00000001070a9750 code [0x00000001070a98c0, 0x00000001070a9ae8]
Event: 1,681 Thread 0x00007fa74a01b000 1287       3       com.google.inject.internal.InternalContext::popState (8 bytes)
Event: 1,681 Thread 0x00007fa74a01b000 nmethod 1287 0x00000001070a9bd0 code [0x00000001070a9d60, 0x00000001070aa250]
Event: 1,681 Thread 0x00007fa74a01b000 1288   !   3       com.google.inject.internal.Initializer$InjectableReference::get (183 bytes)

GC Heap History (6 events):
Event: 0,569 GC heap before
{Heap before GC invocations=1 (full 0):
 PSYoungGen      total 18944K, used 16384K [0x00000007aab00000, 0x00000007ac000000, 0x00000007c0000000)
  eden space 16384K, 100% used [0x00000007aab00000,0x00000007abb00000,0x00000007abb00000)
  from space 2560K, 0% used [0x00000007abd80000,0x00000007abd80000,0x00000007ac000000)
  to   space 2560K, 0% used [0x00000007abb00000,0x00000007abb00000,0x00000007abd80000)
 ParOldGen       total 44032K, used 0K [0x0000000780000000, 0x0000000782b00000, 0x00000007aab00000)
  object space 44032K, 0% used [0x0000000780000000,0x0000000780000000,0x0000000782b00000)
 Metaspace       used 6629K, capacity 6840K, committed 7040K, reserved 1056768K
  class space    used 787K, capacity 860K, committed 896K, reserved 1048576K
Event: 0,576 GC heap after
Heap after GC invocations=1 (full 0):
 PSYoungGen      total 18944K, used 2546K [0x00000007aab00000, 0x00000007ad000000, 0x00000007c0000000)
  eden space 16384K, 0% used [0x00000007aab00000,0x00000007aab00000,0x00000007abb00000)
  from space 2560K, 99% used [0x00000007abb00000,0x00000007abd7cb50,0x00000007abd80000)
  to   space 2560K, 0% used [0x00000007acd80000,0x00000007acd80000,0x00000007ad000000)
 ParOldGen       total 44032K, used 793K [0x0000000780000000, 0x0000000782b00000, 0x00000007aab00000)
  object space 44032K, 1% used [0x0000000780000000,0x00000007800c6780,0x0000000782b00000)
 Metaspace       used 6629K, capacity 6840K, committed 7040K, reserved 1056768K
  class space    used 787K, capacity 860K, committed 896K, reserved 1048576K
}
Event: 0,828 GC heap before
{Heap before GC invocations=2 (full 0):
 PSYoungGen      total 18944K, used 18930K [0x00000007aab00000, 0x00000007ad000000, 0x00000007c0000000)
  eden space 16384K, 100% used [0x00000007aab00000,0x00000007abb00000,0x00000007abb00000)
  from space 2560K, 99% used [0x00000007abb00000,0x00000007abd7cb50,0x00000007abd80000)
  to   space 2560K, 0% used [0x00000007acd80000,0x00000007acd80000,0x00000007ad000000)
 ParOldGen       total 44032K, used 793K [0x0000000780000000, 0x0000000782b00000, 0x00000007aab00000)
  object space 44032K, 1% used [0x0000000780000000,0x00000007800c6780,0x0000000782b00000)
 Metaspace       used 7763K, capacity 7996K, committed 8320K, reserved 1056768K
  class space    used 976K, capacity 1052K, committed 1152K, reserved 1048576K
Event: 0,837 GC heap after
Heap after GC invocations=2 (full 0):
 PSYoungGen      total 35328K, used 2548K [0x00000007aab00000, 0x00000007ad000000, 0x00000007c0000000)
  eden space 32768K, 0% used [0x00000007aab00000,0x00000007aab00000,0x00000007acb00000)
  from space 2560K, 99% used [0x00000007acd80000,0x00000007acffd290,0x00000007ad000000)
  to   space 2560K, 0% used [0x00000007acb00000,0x00000007acb00000,0x00000007acd80000)
 ParOldGen       total 44032K, used 824K [0x0000000780000000, 0x0000000782b00000, 0x00000007aab00000)
  object space 44032K, 1% used [0x0000000780000000,0x00000007800ce1f8,0x0000000782b00000)
 Metaspace       used 7763K, capacity 7996K, committed 8320K, reserved 1056768K
  class space    used 976K, capacity 1052K, committed 1152K, reserved 1048576K
}
Event: 1,388 GC heap before
{Heap before GC invocations=3 (full 0):
 PSYoungGen      total 35328K, used 35316K [0x00000007aab00000, 0x00000007ad000000, 0x00000007c0000000)
  eden space 32768K, 100% used [0x00000007aab00000,0x00000007acb00000,0x00000007acb00000)
  from space 2560K, 99% used [0x00000007acd80000,0x00000007acffd290,0x00000007ad000000)
  to   space 2560K, 0% used [0x00000007acb00000,0x00000007acb00000,0x00000007acd80000)
 ParOldGen       total 44032K, used 824K [0x0000000780000000, 0x0000000782b00000, 0x00000007aab00000)
  object space 44032K, 1% used [0x0000000780000000,0x00000007800ce1f8,0x0000000782b00000)
 Metaspace       used 11348K, capacity 11560K, committed 11776K, reserved 1058816K
  class space    used 1427K, capacity 1512K, committed 1536K, reserved 1048576K
Event: 1,401 GC heap after
Heap after GC invocations=3 (full 0):
 PSYoungGen      total 35328K, used 2528K [0x00000007aab00000, 0x00000007af000000, 0x00000007c0000000)
  eden space 32768K, 0% used [0x00000007aab00000,0x00000007aab00000,0x00000007acb00000)
  from space 2560K, 98% used [0x00000007acb00000,0x00000007acd78020,0x00000007acd80000)
  to   space 2560K, 0% used [0x00000007aed80000,0x00000007aed80000,0x00000007af000000)
 ParOldGen       total 44032K, used 4888K [0x0000000780000000, 0x0000000782b00000, 0x00000007aab00000)
  object space 44032K, 11% used [0x0000000780000000,0x00000007804c6280,0x0000000782b00000)
 Metaspace       used 11348K, capacity 11560K, committed 11776K, reserved 1058816K
  class space    used 1427K, capacity 1512K, committed 1536K, reserved 1048576K
}

Deoptimization events (5 events):
Event: 0,611 Thread 0x00007fa74a004000 Uncommon trap: reason=unstable_if action=reinterpret pc=0x0000000106e23258 method=java.util.HashMap.getNode(ILjava/lang/Object;)Ljava/util/HashMap$Node; @ 62
Event: 0,657 Thread 0x00007fa74a004000 Uncommon trap: reason=unstable_if action=reinterpret pc=0x0000000106de578c method=org.codehaus.plexus.util.xml.pull.MXParser.more()C @ 8
Event: 0,843 Thread 0x00007fa74a004000 Uncommon trap: reason=range_check action=make_not_entrant pc=0x0000000106e78988 method=sun.reflect.generics.parser.SignatureParser.current()C @ 34
Event: 1,104 Thread 0x00007fa74a004000 Uncommon trap: reason=unstable_if action=reinterpret pc=0x0000000106dee9dc method=java.lang.String.lastIndexOf([CII[CIII)I @ 118
Event: 1,542 Thread 0x00007fa74a004000 Uncommon trap: reason=unstable_if action=reinterpret pc=0x0000000106f6fc28 method=java.util.concurrent.ConcurrentHashMap.putVal(Ljava/lang/Object;Ljava/lang/Object;Z)Ljava/lang/Object; @ 206

Internal exceptions (10 events):
Event: 0,648 Thread 0x00007fa74a004000 Exception <a 'java/lang/ArrayIndexOutOfBoundsException'> (0x00000007aae462a8) thrown at [/HUDSON3/workspace/8-2-build-macosx-x86_64/jdk8u101/7261/hotspot/src/share/vm/runtime/sharedRuntime.cpp, line 605]
Event: 0,648 Thread 0x00007fa74a004000 Exception <a 'java/lang/ArrayIndexOutOfBoundsException'> (0x00000007aae47ff8) thrown at [/HUDSON3/workspace/8-2-build-macosx-x86_64/jdk8u101/7261/hotspot/src/share/vm/runtime/sharedRuntime.cpp, line 605]
Event: 0,648 Thread 0x00007fa74a004000 Exception <a 'java/lang/ArrayIndexOutOfBoundsException'> (0x00000007aae49550) thrown at [/HUDSON3/workspace/8-2-build-macosx-x86_64/jdk8u101/7261/hotspot/src/share/vm/runtime/sharedRuntime.cpp, line 605]
Event: 0,843 Thread 0x00007fa74a004000 Exception <a 'java/lang/ArrayIndexOutOfBoundsException': 73> (0x00000007aab18fc0) thrown at [/HUDSON3/workspace/8-2-build-macosx-x86_64/jdk8u101/7261/hotspot/src/share/vm/interpreter/interpreterRuntime.cpp, line 366]
Event: 0,844 Thread 0x00007fa74a004000 Exception <a 'java/lang/ArrayIndexOutOfBoundsException': 131> (0x00000007aab1a968) thrown at [/HUDSON3/workspace/8-2-build-macosx-x86_64/jdk8u101/7261/hotspot/src/share/vm/interpreter/interpreterRuntime.cpp, line 366]
Event: 0,940 Thread 0x00007fa74a004000 Exception <a 'java/lang/ArrayIndexOutOfBoundsException'> (0x00000007ab01dbd8) thrown at [/HUDSON3/workspace/8-2-build-macosx-x86_64/jdk8u101/7261/hotspot/src/share/vm/runtime/sharedRuntime.cpp, line 605]
Event: 0,940 Thread 0x00007fa74a004000 Exception <a 'java/lang/ArrayIndexOutOfBoundsException'> (0x00000007ab022e58) thrown at [/HUDSON3/workspace/8-2-build-macosx-x86_64/jdk8u101/7261/hotspot/src/share/vm/runtime/sharedRuntime.cpp, line 605]
Event: 1,581 Thread 0x00007fa74a004000 Exception <a 'java/lang/NoClassDefFoundError': com/google/inject/servlet/ServletModuleTargetVisitor> (0x00000007ab2b6190) thrown at [/HUDSON3/workspace/8-2-build-macosx-x86_64/jdk8u101/7261/hotspot/src/share/vm/classfile/systemDictionary.cpp, line 199]
Event: 1,581 Thread 0x00007fa74a004000 Exception <a 'java/lang/NoClassDefFoundError'> (0x00000007ab2b6190) thrown at [/HUDSON3/workspace/8-2-build-macosx-x86_64/jdk8u101/7261/hotspot/src/share/vm/prims/jvm.cpp, line 1390]
Event: 1,581 Thread 0x00007fa74a004000 Exception <a 'java/lang/NoClassDefFoundError': javax/annotation/Priority> (0x00000007ab2bba10) thrown at [/HUDSON3/workspace/8-2-build-macosx-x86_64/jdk8u101/7261/hotspot/src/share/vm/classfile/systemDictionary.cpp, line 199]

Events (10 events):
Event: 1,661 loading class org/eclipse/aether/spi/log/NullLoggerFactory
Event: 1,661 loading class org/eclipse/aether/spi/log/NullLoggerFactory done
Event: 1,662 loading class org/eclipse/aether/spi/log/NullLogger
Event: 1,662 loading class org/eclipse/aether/spi/log/NullLogger done
Event: 1,662 loading class org/slf4j/spi/LocationAwareLogger
Event: 1,662 loading class org/slf4j/spi/LocationAwareLogger done
Event: 1,663 loading class org/eclipse/aether/internal/impl/slf4j/Slf4jLoggerFactory$Slf4jLogger
Event: 1,663 loading class org/eclipse/aether/internal/impl/slf4j/Slf4jLoggerFactory$Slf4jLogger done
Event: 1,666 loading class org/apache/commons/lang3/Validate
Event: 1,666 loading class org/apache/commons/lang3/Validate done


Dynamic libraries:
0x0000000000d9f000 	/System/Library/Frameworks/Cocoa.framework/Versions/A/Cocoa
0x0000000000d9f000 	/System/Library/Frameworks/Security.framework/Versions/A/Security
0x0000000000d9f000 	/System/Library/Frameworks/ApplicationServices.framework/Versions/A/ApplicationServices
0x0000000000d9f000 	/usr/lib/libz.1.dylib
0x0000000000d9f000 	/usr/lib/libSystem.B.dylib
0x0000000000d9f000 	/usr/lib/libobjc.A.dylib
0x0000000000d9f000 	/System/Library/Frameworks/CoreFoundation.framework/Versions/A/CoreFoundation
0x0000000000d9f000 	/System/Library/Frameworks/Foundation.framework/Versions/C/Foundation
0x0000000000d9f000 	/System/Library/Frameworks/AppKit.framework/Versions/C/AppKit
0x0000000000d9f000 	/System/Library/Frameworks/CoreData.framework/Versions/A/CoreData
0x0000000000d9f000 	/System/Library/PrivateFrameworks/RemoteViewServices.framework/Versions/A/RemoteViewServices
0x0000000000d9f000 	/System/Library/Frameworks/AudioToolbox.framework/Versions/A/AudioToolbox
0x0000000000d9f000 	/System/Library/Frameworks/AudioUnit.framework/Versions/A/AudioUnit
0x0000000000d9f000 	/System/Library/PrivateFrameworks/DataDetectorsCore.framework/Versions/A/DataDetectorsCore
0x0000000000d9f000 	/System/Library/PrivateFrameworks/DesktopServicesPriv.framework/Versions/A/DesktopServicesPriv
0x0000000000d9f000 	/System/Library/Frameworks/Carbon.framework/Versions/A/Frameworks/HIToolbox.framework/Versions/A/HIToolbox
0x0000000000d9f000 	/System/Library/Frameworks/QuartzCore.framework/Versions/A/QuartzCore
0x0000000000d9f000 	/System/Library/Frameworks/Carbon.framework/Versions/A/Frameworks/SpeechRecognition.framework/Versions/A/SpeechRecognition
0x0000000000d9f000 	/usr/lib/libauto.dylib
0x0000000000d9f000 	/usr/lib/libicucore.A.dylib
0x0000000000d9f000 	/usr/lib/libxml2.2.dylib
0x0000000000d9f000 	/System/Library/PrivateFrameworks/CoreUI.framework/Versions/A/CoreUI
0x0000000000d9f000 	/System/Library/Frameworks/CoreAudio.framework/Versions/A/CoreAudio
0x0000000000d9f000 	/System/Library/Frameworks/DiskArbitration.framework/Versions/A/DiskArbitration
0x0000000000d9f000 	/usr/lib/liblangid.dylib
0x0000000000d9f000 	/System/Library/PrivateFrameworks/MultitouchSupport.framework/Versions/A/MultitouchSupport
0x0000000000d9f000 	/System/Library/Frameworks/IOKit.framework/Versions/A/IOKit
0x0000000000d9f000 	/usr/lib/libDiagnosticMessagesClient.dylib
0x0000000000d9f000 	/System/Library/Frameworks/CoreServices.framework/Versions/A/CoreServices
0x0000000000d9f000 	/System/Library/PrivateFrameworks/PerformanceAnalysis.framework/Versions/A/PerformanceAnalysis
0x0000000000d9f000 	/System/Library/PrivateFrameworks/GenerationalStorage.framework/Versions/A/GenerationalStorage
0x0000000000d9f000 	/System/Library/Frameworks/OpenGL.framework/Versions/A/OpenGL
0x0000000000d9f000 	/System/Library/PrivateFrameworks/Sharing.framework/Versions/A/Sharing
0x0000000000d9f000 	/System/Library/Frameworks/ImageIO.framework/Versions/A/ImageIO
0x0000000000d9f000 	/System/Library/Frameworks/CoreText.framework/Versions/A/CoreText
0x0000000000d9f000 	/System/Library/Frameworks/CoreGraphics.framework/Versions/A/CoreGraphics
0x0000000000d9f000 	/System/Library/PrivateFrameworks/Backup.framework/Versions/A/Backup
0x0000000000d9f000 	/System/Library/Frameworks/CFNetwork.framework/Versions/A/CFNetwork
0x0000000000d9f000 	/System/Library/Frameworks/SystemConfiguration.framework/Versions/A/SystemConfiguration
0x0000000000d9f000 	/usr/lib/libCRFSuite.dylib
0x0000000000d9f000 	/usr/lib/libc++.1.dylib
0x0000000000d9f000 	/usr/lib/libc++abi.dylib
0x0000000000d9f000 	/usr/lib/system/libcache.dylib
0x0000000000d9f000 	/usr/lib/system/libcommonCrypto.dylib
0x0000000000d9f000 	/usr/lib/system/libcompiler_rt.dylib
0x0000000000d9f000 	/usr/lib/system/libcopyfile.dylib
0x0000000000d9f000 	/usr/lib/system/libcorecrypto.dylib
0x0000000000d9f000 	/usr/lib/system/libdispatch.dylib
0x0000000000d9f000 	/usr/lib/system/libdyld.dylib
0x0000000000d9f000 	/usr/lib/system/libkeymgr.dylib
0x0000000000d9f000 	/usr/lib/system/liblaunch.dylib
0x0000000000d9f000 	/usr/lib/system/libmacho.dylib
0x0000000000d9f000 	/usr/lib/system/libquarantine.dylib
0x0000000000d9f000 	/usr/lib/system/libremovefile.dylib
0x0000000000d9f000 	/usr/lib/system/libsystem_asl.dylib
0x0000000000d9f000 	/usr/lib/system/libsystem_blocks.dylib
0x0000000000d9f000 	/usr/lib/system/libsystem_c.dylib
0x0000000000d9f000 	/usr/lib/system/libsystem_configuration.dylib
0x0000000000d9f000 	/usr/lib/system/libsystem_dnssd.dylib
0x0000000000d9f000 	/usr/lib/system/libsystem_info.dylib
0x0000000000d9f000 	/usr/lib/system/libsystem_kernel.dylib
0x0000000000d9f000 	/usr/lib/system/libsystem_m.dylib
0x0000000000d9f000 	/usr/lib/system/libsystem_malloc.dylib
0x0000000000d9f000 	/usr/lib/system/libsystem_network.dylib
0x0000000000d9f000 	/usr/lib/system/libsystem_notify.dylib
0x0000000000d9f000 	/usr/lib/system/libsystem_platform.dylib
0x0000000000d9f000 	/usr/lib/system/libsystem_pthread.dylib
0x0000000000d9f000 	/usr/lib/system/libsystem_sandbox.dylib
0x0000000000d9f000 	/usr/lib/system/libsystem_stats.dylib
0x0000000000d9f000 	/usr/lib/system/libunc.dylib
0x0000000000d9f000 	/usr/lib/system/libunwind.dylib
0x0000000000d9f000 	/usr/lib/system/libxpc.dylib
0x0000000000d9f000 	/usr/lib/libbsm.0.dylib
0x0000000000d9f000 	/usr/lib/libsqlite3.dylib
0x0000000000d9f000 	/usr/lib/libxar.1.dylib
0x0000000000d9f000 	/usr/lib/libpam.2.dylib
0x0000000000d9f000 	/usr/lib/libOpenScriptingUtil.dylib
0x0000000000d9f000 	/usr/lib/libbz2.1.0.dylib
0x0000000000d9f000 	/System/Library/Frameworks/CoreServices.framework/Versions/A/Frameworks/CarbonCore.framework/Versions/A/CarbonCore
0x0000000000d9f000 	/System/Library/Frameworks/CoreServices.framework/Versions/A/Frameworks/Metadata.framework/Versions/A/Metadata
0x0000000000d9f000 	/System/Library/Frameworks/CoreServices.framework/Versions/A/Frameworks/OSServices.framework/Versions/A/OSServices
0x0000000000d9f000 	/System/Library/Frameworks/CoreServices.framework/Versions/A/Frameworks/SearchKit.framework/Versions/A/SearchKit
0x0000000000d9f000 	/System/Library/Frameworks/CoreServices.framework/Versions/A/Frameworks/AE.framework/Versions/A/AE
0x0000000000d9f000 	/System/Library/Frameworks/CoreServices.framework/Versions/A/Frameworks/LaunchServices.framework/Versions/A/LaunchServices
0x0000000000d9f000 	/System/Library/Frameworks/CoreServices.framework/Versions/A/Frameworks/DictionaryServices.framework/Versions/A/DictionaryServices
0x0000000000d9f000 	/System/Library/Frameworks/NetFS.framework/Versions/A/NetFS
0x0000000000d9f000 	/usr/lib/system/libkxld.dylib
0x0000000000d9f000 	/System/Library/PrivateFrameworks/NetAuth.framework/Versions/A/NetAuth
0x0000000000d9f000 	/System/Library/PrivateFrameworks/TCC.framework/Versions/A/TCC
0x0000000000d9f000 	/System/Library/Frameworks/OpenDirectory.framework/Versions/A/Frameworks/CFOpenDirectory.framework/Versions/A/CFOpenDirectory
0x0000000000d9f000 	/System/Library/Frameworks/ServiceManagement.framework/Versions/A/ServiceManagement
0x0000000000d9f000 	/usr/lib/libxslt.1.dylib
0x0000000000d9f000 	/System/Library/Frameworks/Carbon.framework/Versions/A/Frameworks/Ink.framework/Versions/A/Ink
0x0000000000d9f000 	/System/Library/Frameworks/ApplicationServices.framework/Versions/A/Frameworks/ATS.framework/Versions/A/ATS
0x0000000000d9f000 	/System/Library/Frameworks/ApplicationServices.framework/Versions/A/Frameworks/ColorSync.framework/Versions/A/ColorSync
0x0000000000d9f000 	/System/Library/Frameworks/ApplicationServices.framework/Versions/A/Frameworks/HIServices.framework/Versions/A/HIServices
0x0000000000d9f000 	/System/Library/Frameworks/ApplicationServices.framework/Versions/A/Frameworks/LangAnalysis.framework/Versions/A/LangAnalysis
0x0000000000d9f000 	/System/Library/Frameworks/ApplicationServices.framework/Versions/A/Frameworks/PrintCore.framework/Versions/A/PrintCore
0x0000000000d9f000 	/System/Library/Frameworks/ApplicationServices.framework/Versions/A/Frameworks/QD.framework/Versions/A/QD
0x0000000000d9f000 	/System/Library/Frameworks/ApplicationServices.framework/Versions/A/Frameworks/SpeechSynthesis.framework/Versions/A/SpeechSynthesis
0x0000000000d9f000 	/System/Library/Frameworks/IOSurface.framework/Versions/A/IOSurface
0x0000000000d9f000 	/System/Library/Frameworks/Accelerate.framework/Versions/A/Accelerate
0x0000000000d9f000 	/System/Library/Frameworks/Accelerate.framework/Versions/A/Frameworks/vImage.framework/Versions/A/vImage
0x0000000000d9f000 	/System/Library/Frameworks/Accelerate.framework/Versions/A/Frameworks/vecLib.framework/Versions/A/vecLib
0x0000000000d9f000 	/System/Library/Frameworks/Accelerate.framework/Versions/A/Frameworks/vecLib.framework/Versions/A/libvDSP.dylib
0x0000000000d9f000 	/System/Library/Frameworks/Accelerate.framework/Versions/A/Frameworks/vecLib.framework/Versions/A/libvMisc.dylib
0x0000000000d9f000 	/System/Library/Frameworks/Accelerate.framework/Versions/A/Frameworks/vecLib.framework/Versions/A/libLAPACK.dylib
0x0000000000d9f000 	/System/Library/Frameworks/Accelerate.framework/Versions/A/Frameworks/vecLib.framework/Versions/A/libBLAS.dylib
0x0000000000d9f000 	/System/Library/Frameworks/ApplicationServices.framework/Versions/A/Frameworks/ATS.framework/Versions/A/Resources/libFontParser.dylib
0x0000000000d9f000 	/System/Library/Frameworks/ApplicationServices.framework/Versions/A/Frameworks/ATS.framework/Versions/A/Resources/libFontRegistry.dylib
0x0000000000d9f000 	/System/Library/Frameworks/ImageIO.framework/Versions/A/Resources/libJPEG.dylib
0x0000000000d9f000 	/System/Library/Frameworks/ImageIO.framework/Versions/A/Resources/libTIFF.dylib
0x0000000000d9f000 	/System/Library/Frameworks/ImageIO.framework/Versions/A/Resources/libPng.dylib
0x0000000000d9f000 	/System/Library/Frameworks/ImageIO.framework/Versions/A/Resources/libGIF.dylib
0x0000000000d9f000 	/System/Library/Frameworks/ImageIO.framework/Versions/A/Resources/libJP2.dylib
0x0000000000d9f000 	/System/Library/Frameworks/ImageIO.framework/Versions/A/Resources/libRadiance.dylib
0x0000000000d9f000 	/usr/lib/libcups.2.dylib
0x0000000000d9f000 	/System/Library/Frameworks/Kerberos.framework/Versions/A/Kerberos
0x0000000000d9f000 	/System/Library/Frameworks/GSS.framework/Versions/A/GSS
0x0000000000d9f000 	/usr/lib/libresolv.9.dylib
0x0000000000d9f000 	/usr/lib/libiconv.2.dylib
0x0000000000d9f000 	/System/Library/PrivateFrameworks/Heimdal.framework/Versions/A/Heimdal
0x0000000000d9f000 	/System/Library/PrivateFrameworks/TrustEvaluationAgent.framework/Versions/A/TrustEvaluationAgent
0x0000000000d9f000 	/usr/lib/libheimdal-asn1.dylib
0x0000000000d9f000 	/System/Library/Frameworks/OpenDirectory.framework/Versions/A/OpenDirectory
0x0000000000d9f000 	/System/Library/PrivateFrameworks/CommonAuth.framework/Versions/A/CommonAuth
0x0000000000d9f000 	/System/Library/Frameworks/SecurityFoundation.framework/Versions/A/SecurityFoundation
0x0000000000d9f000 	/System/Library/PrivateFrameworks/Bom.framework/Versions/A/Bom
0x0000000000d9f000 	/System/Library/Frameworks/CoreVideo.framework/Versions/A/CoreVideo
0x0000000000d9f000 	/System/Library/Frameworks/QuartzCore.framework/Versions/A/Frameworks/CoreImage.framework/Versions/A/CoreImage
0x0000000000d9f000 	/System/Library/Frameworks/QuartzCore.framework/Versions/A/Frameworks/ScalableUserInterface.framework/Versions/A/ScalableUserInterface
0x0000000000d9f000 	/System/Library/Frameworks/OpenGL.framework/Versions/A/Libraries/libGLU.dylib
0x0000000000d9f000 	/System/Library/Frameworks/OpenGL.framework/Versions/A/Libraries/libGFXShared.dylib
0x0000000000d9f000 	/System/Library/Frameworks/OpenGL.framework/Versions/A/Libraries/libGL.dylib
0x0000000000d9f000 	/System/Library/Frameworks/OpenGL.framework/Versions/A/Libraries/libGLImage.dylib
0x0000000000d9f000 	/System/Library/Frameworks/OpenGL.framework/Versions/A/Libraries/libCVMSPluginSupport.dylib
0x0000000000d9f000 	/System/Library/Frameworks/OpenGL.framework/Versions/A/Libraries/libCoreVMClient.dylib
0x0000000000d9f000 	/System/Library/PrivateFrameworks/FaceCore.framework/Versions/A/FaceCore
0x0000000000d9f000 	/System/Library/PrivateFrameworks/CrashReporterSupport.framework/Versions/A/CrashReporterSupport
0x0000000000d9f000 	/System/Library/Frameworks/OpenCL.framework/Versions/A/OpenCL
0x0000000000d9f000 	/System/Library/PrivateFrameworks/AppleFSCompression.framework/Versions/A/AppleFSCompression
0x0000000000d9f000 	/System/Library/PrivateFrameworks/Ubiquity.framework/Versions/A/Ubiquity
0x0000000000d9f000 	/System/Library/PrivateFrameworks/IconServices.framework/Versions/A/IconServices
0x0000000000d9f000 	/System/Library/PrivateFrameworks/ChunkingLibrary.framework/Versions/A/ChunkingLibrary
0x0000000000d9f000 	/System/Library/PrivateFrameworks/CoreSymbolication.framework/Versions/A/CoreSymbolication
0x0000000000d9f000 	/System/Library/PrivateFrameworks/Symbolication.framework/Versions/A/Symbolication
0x0000000000d9f000 	/System/Library/PrivateFrameworks/DebugSymbols.framework/Versions/A/DebugSymbols
0x000000010532b000 	/Library/Java/JavaVirtualMachines/jdk1.8.0_101.jdk/Contents/Home/jre/lib/server/libjvm.dylib
0x0000000000d9f000 	/usr/lib/libstdc++.6.dylib
0x00000001063e1000 	/Library/Java/JavaVirtualMachines/jdk1.8.0_101.jdk/Contents/Home/jre/lib/libverify.dylib
0x0000000106c00000 	/Library/Java/JavaVirtualMachines/jdk1.8.0_101.jdk/Contents/Home/jre/lib/libjava.dylib
0x0000000106c35000 	/Library/Java/JavaVirtualMachines/jdk1.8.0_101.jdk/Contents/Home/jre/lib/libzip.dylib
0x000000011a74d000 	/System/Library/Frameworks/JavaVM.framework/Frameworks/JavaRuntimeSupport.framework/JavaRuntimeSupport
0x000000011a765000 	/System/Library/Frameworks/JavaVM.framework/Versions/A/Frameworks/JavaNativeFoundation.framework/Versions/A/JavaNativeFoundation
0x000000011a77a000 	/System/Library/Frameworks/JavaVM.framework/Versions/A/JavaVM
0x0000000000d9f000 	/System/Library/Frameworks/Carbon.framework/Versions/A/Carbon
0x000000011a787000 	/System/Library/PrivateFrameworks/JavaLaunching.framework/Versions/A/JavaLaunching
0x0000000000d9f000 	/System/Library/Frameworks/Carbon.framework/Versions/A/Frameworks/CommonPanels.framework/Versions/A/CommonPanels
0x0000000000d9f000 	/System/Library/Frameworks/Carbon.framework/Versions/A/Frameworks/Help.framework/Versions/A/Help
0x0000000000d9f000 	/System/Library/Frameworks/Carbon.framework/Versions/A/Frameworks/ImageCapture.framework/Versions/A/ImageCapture
0x0000000000d9f000 	/System/Library/Frameworks/Carbon.framework/Versions/A/Frameworks/OpenScripting.framework/Versions/A/OpenScripting
0x0000000000d9f000 	/System/Library/Frameworks/Carbon.framework/Versions/A/Frameworks/Print.framework/Versions/A/Print
0x0000000000d9f000 	/System/Library/Frameworks/Carbon.framework/Versions/A/Frameworks/SecurityHI.framework/Versions/A/SecurityHI

VM Arguments:
jvm_args: -Dclassworlds.conf=/usr/local/Cellar/maven/3.3.9/libexec/bin/m2.conf -Dmaven.home=/usr/local/Cellar/maven/3.3.9/libexec -Dmaven.multiModuleProjectDirectory=/Users/Remo/Desktop/ese2016-team8/baseProject 
java_command: org.codehaus.plexus.classworlds.launcher.Launcher jetty:stop
java_class_path (initial): /usr/local/Cellar/maven/3.3.9/libexec/boot/plexus-classworlds-2.5.2.jar
Launcher Type: SUN_STANDARD

Environment Variables:
JAVA_HOME=/Library/Java/JavaVirtualMachines/jdk1.8.0_101.jdk/Contents/Home
PATH=/Library/Frameworks/Python.framework/Versions/3.5/bin:/usr/bin:/bin:/usr/sbin:/sbin:/usr/local/bin:/opt/X11/bin:/usr/local/Cellar/maven/3.3.9/libexec/bin
SHELL=/bin/bash
DISPLAY=/tmp/launch-MDuMTg/org.macosforge.xquartz:0

Signal Handlers:
SIGSEGV: [libjvm.dylib+0x5af145], sa_mask[0]=11111111011111110111111111111111, sa_flags=SA_ONSTACK|SA_RESTART|SA_SIGINFO
SIGBUS: [libjvm.dylib+0x5af145], sa_mask[0]=11111111011111110111111111111111, sa_flags=SA_RESTART|SA_SIGINFO
SIGFPE: [libjvm.dylib+0x48694c], sa_mask[0]=11111111011111110111111111111111, sa_flags=SA_RESTART|SA_SIGINFO
SIGPIPE: [libjvm.dylib+0x48694c], sa_mask[0]=11111111011111110111111111111111, sa_flags=SA_RESTART|SA_SIGINFO
SIGXFSZ: [libjvm.dylib+0x48694c], sa_mask[0]=11111111011111110111111111111111, sa_flags=SA_RESTART|SA_SIGINFO
SIGILL: [libjvm.dylib+0x48694c], sa_mask[0]=11111111011111110111111111111111, sa_flags=SA_RESTART|SA_SIGINFO
SIGUSR1: SIG_DFL, sa_mask[0]=11011111011111100000000111000110, sa_flags=none
SIGUSR2: [libjvm.dylib+0x48646a], sa_mask[0]=00000000000000000000000000000000, sa_flags=SA_RESTART|SA_SIGINFO
SIGHUP: [libjvm.dylib+0x484a41], sa_mask[0]=11111111011111110111111111111111, sa_flags=SA_RESTART|SA_SIGINFO
SIGINT: [libjvm.dylib+0x484a41], sa_mask[0]=11111111011111110111111111111111, sa_flags=SA_RESTART|SA_SIGINFO
SIGTERM: [libjvm.dylib+0x484a41], sa_mask[0]=11111111011111110111111111111111, sa_flags=SA_RESTART|SA_SIGINFO
SIGQUIT: [libjvm.dylib+0x484a41], sa_mask[0]=11111111011111110111111111111111, sa_flags=SA_RESTART|SA_SIGINFO


---------------  S Y S T E M  ---------------

OS:Bsduname:Darwin 13.4.0 Darwin Kernel Version 13.4.0: Mon Jan 11 18:17:34 PST 2016; root:xnu-2422.115.15~1/RELEASE_X86_64 x86_64
rlimit: STACK 8192k, CORE 0k, NPROC 709, NOFILE 10240, AS infinity
load average:2,01 1,49 1,46

CPU:total 4 (2 cores per cpu, 2 threads per core) family 6 model 37 stepping 5, cmov, cx8, fxsr, mmx, sse, sse2, sse3, ssse3, sse4.1, sse4.2, popcnt, aes, clmul, ht, tsc, tscinvbit

Memory: 4k page, physical 4194304k(533712k free)

/proc/meminfo:


vm_info: Java HotSpot(TM) 64-Bit Server VM (25.101-b13) for bsd-amd64 JRE (1.8.0_101-b13), built on Jun 22 2016 02:42:15 by "java_re" with gcc 4.2.1 (Based on Apple Inc. build 5658) (LLVM build 2336.11.00)

time: Tue Nov 29 13:16:08 2016
elapsed time: 1 seconds (0d 0h 0m 1s)

