#
# A fatal error has been detected by the Java Runtime Environment:
#
#  SIGSEGV (0xb) at pc=0x0000000100b8e39e, pid=1162, tid=0x0000000000002703
#
# JRE version: Java(TM) SE Runtime Environment (8.0_101-b13) (build 1.8.0_101-b13)
# Java VM: Java HotSpot(TM) 64-Bit Server VM (25.101-b13 mixed mode bsd-amd64 compressed oops)
# Problematic frame:
# V  [libjvm.dylib+0x2c239e]  void PSParallelCompact::mark_and_push<unsigned int>(ParCompactionManager*, unsigned int*)+0x58
#
# Failed to write core dump. Core dumps have been disabled. To enable core dumping, try "ulimit -c unlimited" before starting Java again
#
# If you would like to submit a bug report, please visit:
#   http://bugreport.java.com/bugreport/crash.jsp
#

---------------  T H R E A D  ---------------

Current thread (0x00007faa5c80e800):  GCTaskThread [stack: 0x0000000111a1b000,0x0000000111b1b000] [id=9987]

siginfo: si_signo: 11 (SIGSEGV), si_code: 0 (unknown), si_addr: 0x0000000000000000

Registers:
RAX=0x0000000111d23000, RBX=0x00007faa5b4199c0, RCX=0x03fffffff2000000, RDX=0x1fffffff90000000
RSP=0x0000000111b1ac50, RBP=0x0000000111b1ac70, RSI=0x00000007bae12374, RDI=0x00007faa5b4199c0
R8 =0x000000000000075c, R9 =0x000000000000232c, R10=0x4000000000000401, R11=0x0000004000000000
R12=0x00000007bae12374, R13=0x00000007bae12390, R14=0x0000000400000000, R15=0x00000007c0053778
RIP=0x0000000100b8e39e, EFLAGS=0x0000000000010206, ERR=0x0000000000000000
  TRAPNO=0x000000000000000d

Top of Stack: (sp=0x0000000111b1ac50)
0x0000000111b1ac50:   00007faa5b4199c0 00007faa5b4199c0
0x0000000111b1ac60:   00000007c0053770 00000007c0053778
0x0000000111b1ac70:   0000000111b1acc0 0000000100b8ada5
0x0000000111b1ac80:   00000007bae0cafc 00000007bae12330
0x0000000111b1ac90:   0000000000000000 00007faa5b4199c0
0x0000000111b1aca0:   00000007bae12330 0000000101106ab0
0x0000000111b1acb0:   00007faa5b4199c8 0000000101106ab0
0x0000000111b1acc0:   0000000111b1ad50 0000000100d867d4
0x0000000111b1acd0:   0000000111b1ad10 00007faa5b419a00
0x0000000111b1ace0:   00007faa5b419a48 00007faa5b419a80
0x0000000111b1acf0:   00000007c00067b0 00000007c00067b8
0x0000000111b1ad00:   00000007bae12330 0000000100b8ada5
0x0000000111b1ad10:   00000007ba5b70cc 00000007ba5b70b8
0x0000000111b1ad20:   0000000000000000 0000000000000001
0x0000000111b1ad30:   0000000111b1ad80 0000000101106ab0
0x0000000111b1ad40:   00007faa5b4199c0 0000000111b1ad6c
0x0000000111b1ad50:   0000000111b1adb0 0000000100d78fe3
0x0000000111b1ad60:   00007faa5d694620 50d830e200b4168b
0x0000000111b1ad70:   0000000000000000 0000000000000000
0x0000000111b1ad80:   00000007ba5b70b8 00007faa5c80e800
0x0000000111b1ad90:   0000000000000000 0000000100edbb0b
0x0000000111b1ada0:   00007faa5d694620 0000000000000001
0x0000000111b1adb0:   0000000111b1ae90 0000000100b41c03
0x0000000111b1adc0:   0000000111b1adf0 00007faa5b509f10
0x0000000111b1add0:   00007faa5b509f40 00007faa5b509f50
0x0000000111b1ade0:   00007faa5b50a328 00000000000003d8
0x0000000111b1adf0:   00007faa5c80e800 00007faa5b50a330
0x0000000111b1ae00:   00007faa5b50a370 00007faa5b50a380
0x0000000111b1ae10:   00007faa5b50a458 00000000000000d8
0x0000000111b1ae20:   0000000111b1ae30 0000000000000000
0x0000000111b1ae30:   00007faa5c80e800 00007faa5b50a330
0x0000000111b1ae40:   00007faa5b50a370 00007faa5b50a380 

Instructions: (pc=0x0000000100b8e39e)
0x0000000100b8e37e:   10 48 c1 ea 03 48 8d 0d 9e ce 55 00 8a 09 48 d3
0x0000000100b8e38e:   ea 48 89 d1 48 83 e1 c0 48 c1 e9 03 48 8b 40 30
0x0000000100b8e39e:   48 8b 04 08 48 0f a3 d0 72 5d 4c 89 f7 e8 1c 6f
0x0000000100b8e3ae:   ee ff 4c 63 f8 48 8d 3d 66 b9 62 00 4c 89 f6 4c 

Register to memory mapping:

RAX=0x0000000111d23000 is an unknown value
RBX=0x00007faa5b4199c0 is an unknown value
RCX=0x03fffffff2000000 is an unknown value
RDX=0x1fffffff90000000 is an unknown value
RSP=0x0000000111b1ac50 is an unknown value
RBP=0x0000000111b1ac70 is an unknown value
RSI=0x00000007bae12374 is an unknown value
RDI=0x00007faa5b4199c0 is an unknown value
R8 =0x000000000000075c is an unknown value
R9 =0x000000000000232c is an unknown value
R10=0x4000000000000401 is an unknown value
R11=0x0000004000000000 is an unknown value
R12=0x00000007bae12374 is an unknown value
R13=0x00000007bae12390 is an oop
java.util.jar.JarFile$JarFileEntry 
 - klass: 'java/util/jar/JarFile$JarFileEntry'
R14=0x0000000400000000 is an unknown value
R15=0x00000007c0053778 is pointing into metadata


Stack: [0x0000000111a1b000,0x0000000111b1b000],  sp=0x0000000111b1ac50,  free space=1023k
Native frames: (J=compiled Java code, j=interpreted, Vv=VM code, C=native code)
V  [libjvm.dylib+0x2c239e]  void PSParallelCompact::mark_and_push<unsigned int>(ParCompactionManager*, unsigned int*)+0x58
V  [libjvm.dylib+0x2beda5]  InstanceKlass::oop_follow_contents(ParCompactionManager*, oopDesc*)+0x10d
V  [libjvm.dylib+0x4ba7d4]  ParCompactionManager::follow_marking_stacks()+0xb4
V  [libjvm.dylib+0x4acfe3]  StealMarkingTask::do_it(GCTaskManager*, unsigned int)+0xd1
V  [libjvm.dylib+0x275c03]  GCTaskThread::run()+0x1a1
V  [libjvm.dylib+0x48933a]  java_start(Thread*)+0xf6
C  [libsystem_pthread.dylib+0x1899]  _pthread_body+0x8a
C  [libsystem_pthread.dylib+0x172a]  _pthread_struct_init+0x0
C  [libsystem_pthread.dylib+0x5fc9]  thread_start+0xd


---------------  P R O C E S S  ---------------

Java Threads: ( => current thread )
  0x00007faa5c46b000 JavaThread "qtp110296358-20" [_thread_blocked, id=26627, stack(0x00000001183a6000,0x00000001184a6000)]
  0x00007faa5c46a000 JavaThread "qtp110296358-19" [_thread_blocked, id=26115, stack(0x00000001182a3000,0x00000001183a3000)]
  0x00007faa5c469800 JavaThread "qtp110296358-18" [_thread_blocked, id=25603, stack(0x00000001181a0000,0x00000001182a0000)]
  0x00007faa5cd97800 JavaThread "qtp110296358-17" [_thread_blocked, id=25091, stack(0x0000000117e9b000,0x0000000117f9b000)]
  0x00007faa5cd96800 JavaThread "qtp110296358-16" [_thread_blocked, id=24579, stack(0x0000000117d98000,0x0000000117e98000)]
  0x00007faa5c631000 JavaThread "qtp110296358-15" [_thread_blocked, id=24067, stack(0x0000000117c95000,0x0000000117d95000)]
  0x00007faa5c630800 JavaThread "qtp110296358-14" [_thread_blocked, id=23555, stack(0x0000000117a49000,0x0000000117b49000)]
  0x00007faa5cd76800 JavaThread "qtp110296358-13" [_thread_blocked, id=23043, stack(0x0000000117946000,0x0000000117a46000)]
  0x00007faa5d4dc000 JavaThread "ShutdownMonitor" daemon [_thread_in_native, id=22535, stack(0x00000001175c4000,0x00000001176c4000)]
  0x00007faa5d46a000 JavaThread "Abandoned connection cleanup thread" daemon [_thread_blocked, id=20739, stack(0x0000000117b92000,0x0000000117c92000)]
  0x00007faa5b88f000 JavaThread "Service Thread" daemon [_thread_blocked, id=19715, stack(0x0000000116247000,0x0000000116347000)]
  0x00007faa5b866000 JavaThread "C1 CompilerThread2" daemon [_thread_blocked, id=19203, stack(0x0000000116144000,0x0000000116244000)]
  0x00007faa5b865800 JavaThread "C2 CompilerThread1" daemon [_thread_in_native, id=18691, stack(0x0000000116041000,0x0000000116141000)]
  0x00007faa5b864000 JavaThread "C2 CompilerThread0" daemon [_thread_blocked, id=18179, stack(0x0000000115f3e000,0x000000011603e000)]
  0x00007faa5d007000 JavaThread "Signal Dispatcher" daemon [_thread_blocked, id=17667, stack(0x0000000115e3b000,0x0000000115f3b000)]
  0x00007faa5b849800 JavaThread "Finalizer" daemon [_thread_blocked, id=12547, stack(0x0000000115bf9000,0x0000000115cf9000)]
  0x00007faa5b846800 JavaThread "Reference Handler" daemon [_thread_blocked, id=12035, stack(0x0000000115af6000,0x0000000115bf6000)]
  0x00007faa5c802000 JavaThread "main" [_thread_blocked, id=6403, stack(0x0000000101880000,0x0000000101980000)]

Other Threads:
  0x00007faa5b842000 VMThread [stack: 0x00000001159f3000,0x0000000115af3000] [id=11523]
  0x00007faa5b897800 WatcherThread [stack: 0x000000011634a000,0x000000011644a000] [id=20227]

=>0x00007faa5c80e800 (exited) GCTaskThread [stack: 0x0000000111a1b000,0x0000000111b1b000] [id=9987]

VM state:at safepoint (normal execution)

VM Mutex/Monitor currently owned by a thread:  ([mutex/lock_event])
[0x00007faa5b410c10] Threads_lock - owner thread: 0x00007faa5b842000
[0x00007faa5b411110] Heap_lock - owner thread: 0x00007faa5cd96800

Heap:
 PSYoungGen      total 266752K, used 14847K [0x00000007aab00000, 0x00000007c0000000, 0x00000007c0000000)
  eden space 251904K, 0% used [0x00000007aab00000,0x00000007aab00000,0x00000007ba100000)
  from space 14848K, 99% used [0x00000007ba100000,0x00000007baf7fd70,0x00000007baf80000)
  to   space 33792K, 0% used [0x00000007bdf00000,0x00000007bdf00000,0x00000007c0000000)
 ParOldGen       total 62464K, used 62308K [0x0000000780000000, 0x0000000783d00000, 0x00000007aab00000)
  object space 62464K, 99% used [0x0000000780000000,0x0000000783cd93b8,0x0000000783d00000)
 Metaspace       used 23340K, capacity 23872K, committed 24192K, reserved 1071104K
  class space    used 2636K, capacity 2821K, committed 2944K, reserved 1048576K

Card table byte_map: [0x00000001115c0000,0x00000001117c1000] byte_map_base: 0x000000010d9c0000

Marking Bits: (ParMarkBitMap*) 0x00000001011b9d20
 Begin Bits: [0x0000000111d23000, 0x0000000112d23000)
 End Bits:   [0x0000000112d23000, 0x0000000113d23000)

Polling page: 0x00000001019c5000

CodeCache: size=245760Kb used=10645Kb max_used=11965Kb free=235114Kb
 bounds [0x0000000102200000, 0x0000000102de0000, 0x0000000111200000]
 total_blobs=3725 nmethods=3309 adapters=330
 compilation: enabled

Compilation events (10 events):
Event: 6,997 Thread 0x00007faa5b864000 nmethod 3430 0x0000000102dba850 code [0x0000000102dbb500, 0x0000000102dc52c0]
Event: 7,006 Thread 0x00007faa5b864000 3683       4       java.util.zip.ZipCoder::getBytes (192 bytes)
Event: 7,019 Thread 0x00007faa5b864000 nmethod 3683 0x0000000102377c90 code [0x0000000102377e40, 0x0000000102378478]
Event: 7,019 Thread 0x00007faa5b864000 3739   !   4       java.util.zip.ZipFile::getEntry (86 bytes)
Event: 7,055 Thread 0x00007faa5b864000 nmethod 3739 0x00000001024c7a10 code [0x00000001024c7c60, 0x00000001024c8ad8]
Event: 7,055 Thread 0x00007faa5b864000 3535       4       java.lang.StringBuilder::append (8 bytes)
Event: 7,064 Thread 0x00007faa5b864000 nmethod 3535 0x00000001024d1390 code [0x00000001024d1500, 0x00000001024d1908]
Event: 7,064 Thread 0x00007faa5b864000 3833       4       org.objectweb.asm.ClassReader::a (133 bytes)
Event: 7,078 Thread 0x00007faa5b864000 nmethod 3833 0x00000001026e5690 code [0x00000001026e5800, 0x00000001026e5c98]
Event: 7,078 Thread 0x00007faa5b864000 3839       4       java.lang.String::regionMatches (149 bytes)

GC Heap History (10 events):
Event: 4,739 GC heap after
Heap after GC invocations=6 (full 0):
 PSYoungGen      total 139264K, used 8225K [0x00000007aab00000, 0x00000007b3f00000, 0x00000007c0000000)
  eden space 130048K, 0% used [0x00000007aab00000,0x00000007aab00000,0x00000007b2a00000)
  from space 9216K, 89% used [0x00000007b3400000,0x00000007b3c086a0,0x00000007b3d00000)
  to   space 10240K, 0% used [0x00000007b2a00000,0x00000007b2a00000,0x00000007b3400000)
 ParOldGen       total 44032K, used 13517K [0x0000000780000000, 0x0000000782b00000, 0x00000007aab00000)
  object space 44032K, 30% used [0x0000000780000000,0x0000000780d334d8,0x0000000782b00000)
 Metaspace       used 19426K, capacity 19874K, committed 20096K, reserved 1067008K
  class space    used 2214K, capacity 2363K, committed 2432K, reserved 1048576K
}
Event: 5,026 GC heap before
{Heap before GC invocations=7 (full 0):
 PSYoungGen      total 139264K, used 26293K [0x00000007aab00000, 0x00000007b3f00000, 0x00000007c0000000)
  eden space 130048K, 13% used [0x00000007aab00000,0x00000007abca5050,0x00000007b2a00000)
  from space 9216K, 89% used [0x00000007b3400000,0x00000007b3c086a0,0x00000007b3d00000)
  to   space 10240K, 0% used [0x00000007b2a00000,0x00000007b2a00000,0x00000007b3400000)
 ParOldGen       total 44032K, used 13517K [0x0000000780000000, 0x0000000782b00000, 0x00000007aab00000)
  object space 44032K, 30% used [0x0000000780000000,0x0000000780d334d8,0x0000000782b00000)
 Metaspace       used 20634K, capacity 21114K, committed 21248K, reserved 1069056K
  class space    used 2354K, capacity 2499K, committed 2560K, reserved 1048576K
Event: 5,053 GC heap after
Heap after GC invocations=7 (full 0):
 PSYoungGen      total 140288K, used 7952K [0x00000007aab00000, 0x00000007bbe00000, 0x00000007c0000000)
  eden space 130048K, 0% used [0x00000007aab00000,0x00000007aab00000,0x00000007b2a00000)
  from space 10240K, 77% used [0x00000007b2a00000,0x00000007b31c4388,0x00000007b3400000)
  to   space 10752K, 0% used [0x00000007bb380000,0x00000007bb380000,0x00000007bbe00000)
 ParOldGen       total 44032K, used 14045K [0x0000000780000000, 0x0000000782b00000, 0x00000007aab00000)
  object space 44032K, 31% used [0x0000000780000000,0x0000000780db74d8,0x0000000782b00000)
 Metaspace       used 20634K, capacity 21114K, committed 21248K, reserved 1069056K
  class space    used 2354K, capacity 2499K, committed 2560K, reserved 1048576K
}
Event: 5,053 GC heap before
{Heap before GC invocations=8 (full 1):
 PSYoungGen      total 140288K, used 7952K [0x00000007aab00000, 0x00000007bbe00000, 0x00000007c0000000)
  eden space 130048K, 0% used [0x00000007aab00000,0x00000007aab00000,0x00000007b2a00000)
  from space 10240K, 77% used [0x00000007b2a00000,0x00000007b31c4388,0x00000007b3400000)
  to   space 10752K, 0% used [0x00000007bb380000,0x00000007bb380000,0x00000007bbe00000)
 ParOldGen       total 44032K, used 14045K [0x0000000780000000, 0x0000000782b00000, 0x00000007aab00000)
  object space 44032K, 31% used [0x0000000780000000,0x0000000780db74d8,0x0000000782b00000)
 Metaspace       used 20634K, capacity 21114K, committed 21248K, reserved 1069056K
  class space    used 2354K, capacity 2499K, committed 2560K, reserved 1048576K
Event: 5,161 GC heap after
Heap after GC invocations=8 (full 1):
 PSYoungGen      total 140288K, used 0K [0x00000007aab00000, 0x00000007bbe00000, 0x00000007c0000000)
  eden space 130048K, 0% used [0x00000007aab00000,0x00000007aab00000,0x00000007b2a00000)
  from space 10240K, 0% used [0x00000007b2a00000,0x00000007b2a00000,0x00000007b3400000)
  to   space 10752K, 0% used [0x00000007bb380000,0x00000007bb380000,0x00000007bbe00000)
 ParOldGen       total 44032K, used 14586K [0x0000000780000000, 0x0000000782b00000, 0x00000007aab00000)
  object space 44032K, 33% used [0x0000000780000000,0x0000000780e3e908,0x0000000782b00000)
 Metaspace       used 20634K, capacity 21114K, committed 21248K, reserved 1069056K
  class space    used 2354K, capacity 2499K, committed 2560K, reserved 1048576K
}
Event: 6,212 GC heap before
{Heap before GC invocations=9 (full 1):
 PSYoungGen      total 140288K, used 130048K [0x00000007aab00000, 0x00000007bbe00000, 0x00000007c0000000)
  eden space 130048K, 100% used [0x00000007aab00000,0x00000007b2a00000,0x00000007b2a00000)
  from space 10240K, 0% used [0x00000007b2a00000,0x00000007b2a00000,0x00000007b3400000)
  to   space 10752K, 0% used [0x00000007bb380000,0x00000007bb380000,0x00000007bbe00000)
 ParOldGen       total 44032K, used 14586K [0x0000000780000000, 0x0000000782b00000, 0x00000007aab00000)
  object space 44032K, 33% used [0x0000000780000000,0x0000000780e3e908,0x0000000782b00000)
 Metaspace       used 23315K, capacity 23872K, committed 24192K, reserved 1071104K
  class space    used 2636K, capacity 2821K, committed 2944K, reserved 1048576K
Event: 6,253 GC heap after
Heap after GC invocations=9 (full 1):
 PSYoungGen      total 221184K, used 10736K [0x00000007aab00000, 0x00000007bbe00000, 0x00000007c0000000)
  eden space 210432K, 0% used [0x00000007aab00000,0x00000007aab00000,0x00000007b7880000)
  from space 10752K, 99% used [0x00000007bb380000,0x00000007bbdfc180,0x00000007bbe00000)
  to   space 14848K, 0% used [0x00000007ba100000,0x00000007ba100000,0x00000007baf80000)
 ParOldGen       total 44032K, used 20666K [0x0000000780000000, 0x0000000782b00000, 0x00000007aab00000)
  object space 44032K, 46% used [0x0000000780000000,0x000000078142e838,0x0000000782b00000)
 Metaspace       used 23315K, capacity 23872K, committed 24192K, reserved 1071104K
  class space    used 2636K, capacity 2821K, committed 2944K, reserved 1048576K
}
Event: 7,094 GC heap before
{Heap before GC invocations=10 (full 1):
 PSYoungGen      total 221184K, used 221168K [0x00000007aab00000, 0x00000007bbe00000, 0x00000007c0000000)
  eden space 210432K, 100% used [0x00000007aab00000,0x00000007b7880000,0x00000007b7880000)
  from space 10752K, 99% used [0x00000007bb380000,0x00000007bbdfc180,0x00000007bbe00000)
  to   space 14848K, 0% used [0x00000007ba100000,0x00000007ba100000,0x00000007baf80000)
 ParOldGen       total 44032K, used 20666K [0x0000000780000000, 0x0000000782b00000, 0x00000007aab00000)
  object space 44032K, 46% used [0x0000000780000000,0x000000078142e838,0x0000000782b00000)
 Metaspace       used 23340K, capacity 23872K, committed 24192K, reserved 1071104K
  class space    used 2636K, capacity 2821K, committed 2944K, reserved 1048576K
Event: 7,243 GC heap after
Heap after GC invocations=10 (full 1):
 PSYoungGen      total 266752K, used 14847K [0x00000007aab00000, 0x00000007c0000000, 0x00000007c0000000)
  eden space 251904K, 0% used [0x00000007aab00000,0x00000007aab00000,0x00000007ba100000)
  from space 14848K, 99% used [0x00000007ba100000,0x00000007baf7fd70,0x00000007baf80000)
  to   space 33792K, 0% used [0x00000007bdf00000,0x00000007bdf00000,0x00000007c0000000)
 ParOldGen       total 62464K, used 62308K [0x0000000780000000, 0x0000000783d00000, 0x00000007aab00000)
  object space 62464K, 99% used [0x0000000780000000,0x0000000783cd93b8,0x0000000783d00000)
 Metaspace       used 23340K, capacity 23872K, committed 24192K, reserved 1071104K
  class space    used 2636K, capacity 2821K, committed 2944K, reserved 1048576K
}
Event: 7,243 GC heap before
{Heap before GC invocations=11 (full 2):
 PSYoungGen      total 266752K, used 14847K [0x00000007aab00000, 0x00000007c0000000, 0x00000007c0000000)
  eden space 251904K, 0% used [0x00000007aab00000,0x00000007aab00000,0x00000007ba100000)
  from space 14848K, 99% used [0x00000007ba100000,0x00000007baf7fd70,0x00000007baf80000)
  to   space 33792K, 0% used [0x00000007bdf00000,0x00000007bdf00000,0x00000007c0000000)
 ParOldGen       total 62464K, used 62308K [0x0000000780000000, 0x0000000783d00000, 0x00000007aab00000)
  object space 62464K, 99% used [0x0000000780000000,0x0000000783cd93b8,0x0000000783d00000)
 Metaspace       used 23340K, capacity 23872K, committed 24192K, reserved 1071104K
  class space    used 2636K, capacity 2821K, committed 2944K, reserved 1048576K

Deoptimization events (10 events):
Event: 5,775 Thread 0x00007faa5c802000 Uncommon trap: reason=bimorphic action=maybe_recompile pc=0x0000000102a67320 method=java.util.Hashtable.putAll(Ljava/util/Map;)V @ 1
Event: 5,781 Thread 0x00007faa5c802000 Uncommon trap: reason=bimorphic action=maybe_recompile pc=0x0000000102a67320 method=java.util.Hashtable.putAll(Ljava/util/Map;)V @ 1
Event: 5,781 Thread 0x00007faa5c802000 Uncommon trap: reason=bimorphic action=maybe_recompile pc=0x0000000102a67320 method=java.util.Hashtable.putAll(Ljava/util/Map;)V @ 1
Event: 5,787 Thread 0x00007faa5c802000 Uncommon trap: reason=unstable_if action=reinterpret pc=0x00000001026c5c24 method=java.lang.ClassLoader.checkName(Ljava/lang/String;)Z @ 20
Event: 5,787 Thread 0x00007faa5c802000 Uncommon trap: reason=unstable_if action=reinterpret pc=0x000000010253ed5c method=java.lang.ClassLoader.checkName(Ljava/lang/String;)Z @ 20
Event: 5,815 Thread 0x00007faa5c802000 Uncommon trap: reason=bimorphic action=maybe_recompile pc=0x0000000102a67320 method=java.util.Hashtable.putAll(Ljava/util/Map;)V @ 1
Event: 5,932 Thread 0x00007faa5cd76800 Uncommon trap: reason=unstable_if action=reinterpret pc=0x0000000102c21eb4 method=java.util.concurrent.ConcurrentHashMap.get(Ljava/lang/Object;)Ljava/lang/Object; @ 86
Event: 5,933 Thread 0x00007faa5cd76800 Uncommon trap: reason=unstable_if action=reinterpret pc=0x000000010270a9e0 method=java.util.concurrent.ConcurrentHashMap.putVal(Ljava/lang/Object;Ljava/lang/Object;Z)Ljava/lang/Object; @ 113
Event: 5,997 Thread 0x00007faa5cd76800 Uncommon trap: reason=unstable_if action=reinterpret pc=0x00000001029b0524 method=java.util.concurrent.ConcurrentHashMap.addCount(JI)V @ 34
Event: 6,340 Thread 0x00007faa5cd76800 Uncommon trap: reason=unstable_if action=reinterpret pc=0x0000000102b04f40 method=java.util.jar.Manifest$FastInputStream.readLine([BII)I @ 87

Internal exceptions (10 events):
Event: 1,772 Thread 0x00007faa5c802000 Exception <a 'java/lang/NullPointerException'> (0x00000007ab934c18) thrown at [/HUDSON3/workspace/8-2-build-macosx-x86_64/jdk8u101/7261/hotspot/src/share/vm/interpreter/linkResolver.cpp, line 1178]
Event: 1,774 Thread 0x00007faa5c802000 Exception <a 'java/lang/NullPointerException'> (0x00000007ab947688) thrown at [/HUDSON3/workspace/8-2-build-macosx-x86_64/jdk8u101/7261/hotspot/src/share/vm/interpreter/linkResolver.cpp, line 1178]
Event: 1,774 Thread 0x00007faa5c802000 Exception <a 'java/lang/NullPointerException'> (0x00000007ab9478a0) thrown at [/HUDSON3/workspace/8-2-build-macosx-x86_64/jdk8u101/7261/hotspot/src/share/vm/interpreter/linkResolver.cpp, line 1178]
Event: 1,774 Thread 0x00007faa5c802000 Exception <a 'java/lang/NullPointerException'> (0x00000007ab947ab8) thrown at [/HUDSON3/workspace/8-2-build-macosx-x86_64/jdk8u101/7261/hotspot/src/share/vm/interpreter/linkResolver.cpp, line 1178]
Event: 2,101 Thread 0x00007faa5c802000 Implicit null exception at 0x00000001024d58b5 to 0x00000001024d5af5
Event: 2,101 Thread 0x00007faa5c802000 Implicit null exception at 0x00000001024265ef to 0x0000000102426659
Event: 2,252 Thread 0x00007faa5c802000 Implicit null exception at 0x00000001026234bb to 0x0000000102623ac5
Event: 2,371 Thread 0x00007faa5c802000 Implicit null exception at 0x000000010282ac06 to 0x000000010282b61d
Event: 3,686 Thread 0x00007faa5c802000 Implicit null exception at 0x00000001024f3ab5 to 0x00000001024f3e25
Event: 5,767 Thread 0x00007faa5c802000 Exception <a 'java/io/FileNotFoundException'> (0x00000007af5b6838) thrown at [/HUDSON3/workspace/8-2-build-macosx-x86_64/jdk8u101/7261/hotspot/src/share/vm/prims/jni.cpp, line 709]

Events (10 events):
Event: 6,368 Thread 0x00007faa5b866000 flushing nmethod 0x0000000102ba0d90
Event: 6,368 Thread 0x00007faa5b866000 flushing nmethod 0x0000000102bbfad0
Event: 6,368 Thread 0x00007faa5b866000 flushing nmethod 0x0000000102bc0fd0
Event: 6,368 Thread 0x00007faa5b866000 flushing nmethod 0x0000000102bd56d0
Event: 6,371 Thread 0x00007faa5b866000 flushing nmethod 0x0000000102cc9190
Event: 6,463 Thread 0x00007faa5cd97800 DEOPT PACKING pc=0x000000010238e873 sp=0x0000000117f9a230
Event: 6,463 Thread 0x00007faa5cd97800 DEOPT UNPACKING pc=0x0000000102247233 sp=0x0000000117f99f70 mode 0
Event: 6,531 Thread 0x00007faa5cd97800 DEOPT PACKING pc=0x000000010242c57f sp=0x0000000117f9a4f0
Event: 6,531 Thread 0x00007faa5cd97800 DEOPT UNPACKING pc=0x0000000102247233 sp=0x0000000117f9a240 mode 0
Event: 7,094 Executing VM operation: ParallelGCFailedAllocation


Dynamic libraries:
0x0000000000d9f000 	/System/Library/Frameworks/Cocoa.framework/Versions/A/Cocoa
0x0000000000d9f000 	/System/Library/Frameworks/Security.framework/Versions/A/Security
0x0000000000d9f000 	/System/Library/Frameworks/ApplicationServices.framework/Versions/A/ApplicationServices
0x0000000000d9f000 	/usr/lib/libz.1.dylib
0x0000000000d9f000 	/usr/lib/libSystem.B.dylib
0x0000000000d9f000 	/usr/lib/libobjc.A.dylib
0x0000000000d9f000 	/System/Library/Frameworks/CoreFoundation.framework/Versions/A/CoreFoundation
0x0000000000d9f000 	/System/Library/Frameworks/Foundation.framework/Versions/C/Foundation
0x0000000000d9f000 	/System/Library/Frameworks/AppKit.framework/Versions/C/AppKit
0x0000000000d9f000 	/System/Library/Frameworks/CoreData.framework/Versions/A/CoreData
0x0000000000d9f000 	/System/Library/PrivateFrameworks/RemoteViewServices.framework/Versions/A/RemoteViewServices
0x0000000000d9f000 	/System/Library/Frameworks/AudioToolbox.framework/Versions/A/AudioToolbox
0x0000000000d9f000 	/System/Library/Frameworks/AudioUnit.framework/Versions/A/AudioUnit
0x0000000000d9f000 	/System/Library/PrivateFrameworks/DataDetectorsCore.framework/Versions/A/DataDetectorsCore
0x0000000000d9f000 	/System/Library/PrivateFrameworks/DesktopServicesPriv.framework/Versions/A/DesktopServicesPriv
0x0000000000d9f000 	/System/Library/Frameworks/Carbon.framework/Versions/A/Frameworks/HIToolbox.framework/Versions/A/HIToolbox
0x0000000000d9f000 	/System/Library/Frameworks/QuartzCore.framework/Versions/A/QuartzCore
0x0000000000d9f000 	/System/Library/Frameworks/Carbon.framework/Versions/A/Frameworks/SpeechRecognition.framework/Versions/A/SpeechRecognition
0x0000000000d9f000 	/usr/lib/libauto.dylib
0x0000000000d9f000 	/usr/lib/libicucore.A.dylib
0x0000000000d9f000 	/usr/lib/libxml2.2.dylib
0x0000000000d9f000 	/System/Library/PrivateFrameworks/CoreUI.framework/Versions/A/CoreUI
0x0000000000d9f000 	/System/Library/Frameworks/CoreAudio.framework/Versions/A/CoreAudio
0x0000000000d9f000 	/System/Library/Frameworks/DiskArbitration.framework/Versions/A/DiskArbitration
0x0000000000d9f000 	/usr/lib/liblangid.dylib
0x0000000000d9f000 	/System/Library/PrivateFrameworks/MultitouchSupport.framework/Versions/A/MultitouchSupport
0x0000000000d9f000 	/System/Library/Frameworks/IOKit.framework/Versions/A/IOKit
0x0000000000d9f000 	/usr/lib/libDiagnosticMessagesClient.dylib
0x0000000000d9f000 	/System/Library/Frameworks/CoreServices.framework/Versions/A/CoreServices
0x0000000000d9f000 	/System/Library/PrivateFrameworks/PerformanceAnalysis.framework/Versions/A/PerformanceAnalysis
0x0000000000d9f000 	/System/Library/PrivateFrameworks/GenerationalStorage.framework/Versions/A/GenerationalStorage
0x0000000000d9f000 	/System/Library/Frameworks/OpenGL.framework/Versions/A/OpenGL
0x0000000000d9f000 	/System/Library/PrivateFrameworks/Sharing.framework/Versions/A/Sharing
0x0000000000d9f000 	/System/Library/Frameworks/ImageIO.framework/Versions/A/ImageIO
0x0000000000d9f000 	/System/Library/Frameworks/CoreText.framework/Versions/A/CoreText
0x0000000000d9f000 	/System/Library/Frameworks/CoreGraphics.framework/Versions/A/CoreGraphics
0x0000000000d9f000 	/System/Library/PrivateFrameworks/Backup.framework/Versions/A/Backup
0x0000000000d9f000 	/System/Library/Frameworks/CFNetwork.framework/Versions/A/CFNetwork
0x0000000000d9f000 	/System/Library/Frameworks/SystemConfiguration.framework/Versions/A/SystemConfiguration
0x0000000000d9f000 	/usr/lib/libCRFSuite.dylib
0x0000000000d9f000 	/usr/lib/libc++.1.dylib
0x0000000000d9f000 	/usr/lib/libc++abi.dylib
0x0000000000d9f000 	/usr/lib/system/libcache.dylib
0x0000000000d9f000 	/usr/lib/system/libcommonCrypto.dylib
0x0000000000d9f000 	/usr/lib/system/libcompiler_rt.dylib
0x0000000000d9f000 	/usr/lib/system/libcopyfile.dylib
0x0000000000d9f000 	/usr/lib/system/libcorecrypto.dylib
0x0000000000d9f000 	/usr/lib/system/libdispatch.dylib
0x0000000000d9f000 	/usr/lib/system/libdyld.dylib
0x0000000000d9f000 	/usr/lib/system/libkeymgr.dylib
0x0000000000d9f000 	/usr/lib/system/liblaunch.dylib
0x0000000000d9f000 	/usr/lib/system/libmacho.dylib
0x0000000000d9f000 	/usr/lib/system/libquarantine.dylib
0x0000000000d9f000 	/usr/lib/system/libremovefile.dylib
0x0000000000d9f000 	/usr/lib/system/libsystem_asl.dylib
0x0000000000d9f000 	/usr/lib/system/libsystem_blocks.dylib
0x0000000000d9f000 	/usr/lib/system/libsystem_c.dylib
0x0000000000d9f000 	/usr/lib/system/libsystem_configuration.dylib
0x0000000000d9f000 	/usr/lib/system/libsystem_dnssd.dylib
0x0000000000d9f000 	/usr/lib/system/libsystem_info.dylib
0x0000000000d9f000 	/usr/lib/system/libsystem_kernel.dylib
0x0000000000d9f000 	/usr/lib/system/libsystem_m.dylib
0x0000000000d9f000 	/usr/lib/system/libsystem_malloc.dylib
0x0000000000d9f000 	/usr/lib/system/libsystem_network.dylib
0x0000000000d9f000 	/usr/lib/system/libsystem_notify.dylib
0x0000000000d9f000 	/usr/lib/system/libsystem_platform.dylib
0x0000000000d9f000 	/usr/lib/system/libsystem_pthread.dylib
0x0000000000d9f000 	/usr/lib/system/libsystem_sandbox.dylib
0x0000000000d9f000 	/usr/lib/system/libsystem_stats.dylib
0x0000000000d9f000 	/usr/lib/system/libunc.dylib
0x0000000000d9f000 	/usr/lib/system/libunwind.dylib
0x0000000000d9f000 	/usr/lib/system/libxpc.dylib
0x0000000000d9f000 	/usr/lib/libbsm.0.dylib
0x0000000000d9f000 	/usr/lib/libsqlite3.dylib
0x0000000000d9f000 	/usr/lib/libxar.1.dylib
0x0000000000d9f000 	/usr/lib/libpam.2.dylib
0x0000000000d9f000 	/usr/lib/libOpenScriptingUtil.dylib
0x0000000000d9f000 	/usr/lib/libbz2.1.0.dylib
0x0000000000d9f000 	/System/Library/Frameworks/CoreServices.framework/Versions/A/Frameworks/CarbonCore.framework/Versions/A/CarbonCore
0x0000000000d9f000 	/System/Library/Frameworks/CoreServices.framework/Versions/A/Frameworks/Metadata.framework/Versions/A/Metadata
0x0000000000d9f000 	/System/Library/Frameworks/CoreServices.framework/Versions/A/Frameworks/OSServices.framework/Versions/A/OSServices
0x0000000000d9f000 	/System/Library/Frameworks/CoreServices.framework/Versions/A/Frameworks/SearchKit.framework/Versions/A/SearchKit
0x0000000000d9f000 	/System/Library/Frameworks/CoreServices.framework/Versions/A/Frameworks/AE.framework/Versions/A/AE
0x0000000000d9f000 	/System/Library/Frameworks/CoreServices.framework/Versions/A/Frameworks/LaunchServices.framework/Versions/A/LaunchServices
0x0000000000d9f000 	/System/Library/Frameworks/CoreServices.framework/Versions/A/Frameworks/DictionaryServices.framework/Versions/A/DictionaryServices
0x0000000000d9f000 	/System/Library/Frameworks/NetFS.framework/Versions/A/NetFS
0x0000000000d9f000 	/usr/lib/system/libkxld.dylib
0x0000000000d9f000 	/System/Library/PrivateFrameworks/NetAuth.framework/Versions/A/NetAuth
0x0000000000d9f000 	/System/Library/PrivateFrameworks/TCC.framework/Versions/A/TCC
0x0000000000d9f000 	/System/Library/Frameworks/OpenDirectory.framework/Versions/A/Frameworks/CFOpenDirectory.framework/Versions/A/CFOpenDirectory
0x0000000000d9f000 	/System/Library/Frameworks/ServiceManagement.framework/Versions/A/ServiceManagement
0x0000000000d9f000 	/usr/lib/libxslt.1.dylib
0x0000000000d9f000 	/System/Library/Frameworks/Carbon.framework/Versions/A/Frameworks/Ink.framework/Versions/A/Ink
0x0000000000d9f000 	/System/Library/Frameworks/ApplicationServices.framework/Versions/A/Frameworks/ATS.framework/Versions/A/ATS
0x0000000000d9f000 	/System/Library/Frameworks/ApplicationServices.framework/Versions/A/Frameworks/ColorSync.framework/Versions/A/ColorSync
0x0000000000d9f000 	/System/Library/Frameworks/ApplicationServices.framework/Versions/A/Frameworks/HIServices.framework/Versions/A/HIServices
0x0000000000d9f000 	/System/Library/Frameworks/ApplicationServices.framework/Versions/A/Frameworks/LangAnalysis.framework/Versions/A/LangAnalysis
0x0000000000d9f000 	/System/Library/Frameworks/ApplicationServices.framework/Versions/A/Frameworks/PrintCore.framework/Versions/A/PrintCore
0x0000000000d9f000 	/System/Library/Frameworks/ApplicationServices.framework/Versions/A/Frameworks/QD.framework/Versions/A/QD
0x0000000000d9f000 	/System/Library/Frameworks/ApplicationServices.framework/Versions/A/Frameworks/SpeechSynthesis.framework/Versions/A/SpeechSynthesis
0x0000000000d9f000 	/System/Library/Frameworks/IOSurface.framework/Versions/A/IOSurface
0x0000000000d9f000 	/System/Library/Frameworks/Accelerate.framework/Versions/A/Accelerate
0x0000000000d9f000 	/System/Library/Frameworks/Accelerate.framework/Versions/A/Frameworks/vImage.framework/Versions/A/vImage
0x0000000000d9f000 	/System/Library/Frameworks/Accelerate.framework/Versions/A/Frameworks/vecLib.framework/Versions/A/vecLib
0x0000000000d9f000 	/System/Library/Frameworks/Accelerate.framework/Versions/A/Frameworks/vecLib.framework/Versions/A/libvDSP.dylib
0x0000000000d9f000 	/System/Library/Frameworks/Accelerate.framework/Versions/A/Frameworks/vecLib.framework/Versions/A/libvMisc.dylib
0x0000000000d9f000 	/System/Library/Frameworks/Accelerate.framework/Versions/A/Frameworks/vecLib.framework/Versions/A/libLAPACK.dylib
0x0000000000d9f000 	/System/Library/Frameworks/Accelerate.framework/Versions/A/Frameworks/vecLib.framework/Versions/A/libBLAS.dylib
0x0000000000d9f000 	/System/Library/Frameworks/ApplicationServices.framework/Versions/A/Frameworks/ATS.framework/Versions/A/Resources/libFontParser.dylib
0x0000000000d9f000 	/System/Library/Frameworks/ApplicationServices.framework/Versions/A/Frameworks/ATS.framework/Versions/A/Resources/libFontRegistry.dylib
0x0000000000d9f000 	/System/Library/Frameworks/ImageIO.framework/Versions/A/Resources/libJPEG.dylib
0x0000000000d9f000 	/System/Library/Frameworks/ImageIO.framework/Versions/A/Resources/libTIFF.dylib
0x0000000000d9f000 	/System/Library/Frameworks/ImageIO.framework/Versions/A/Resources/libPng.dylib
0x0000000000d9f000 	/System/Library/Frameworks/ImageIO.framework/Versions/A/Resources/libGIF.dylib
0x0000000000d9f000 	/System/Library/Frameworks/ImageIO.framework/Versions/A/Resources/libJP2.dylib
0x0000000000d9f000 	/System/Library/Frameworks/ImageIO.framework/Versions/A/Resources/libRadiance.dylib
0x0000000000d9f000 	/usr/lib/libcups.2.dylib
0x0000000000d9f000 	/System/Library/Frameworks/Kerberos.framework/Versions/A/Kerberos
0x0000000000d9f000 	/System/Library/Frameworks/GSS.framework/Versions/A/GSS
0x0000000000d9f000 	/usr/lib/libresolv.9.dylib
0x0000000000d9f000 	/usr/lib/libiconv.2.dylib
0x0000000000d9f000 	/System/Library/PrivateFrameworks/Heimdal.framework/Versions/A/Heimdal
0x0000000000d9f000 	/System/Library/PrivateFrameworks/TrustEvaluationAgent.framework/Versions/A/TrustEvaluationAgent
0x0000000000d9f000 	/usr/lib/libheimdal-asn1.dylib
0x0000000000d9f000 	/System/Library/Frameworks/OpenDirectory.framework/Versions/A/OpenDirectory
0x0000000000d9f000 	/System/Library/PrivateFrameworks/CommonAuth.framework/Versions/A/CommonAuth
0x0000000000d9f000 	/System/Library/Frameworks/SecurityFoundation.framework/Versions/A/SecurityFoundation
0x0000000000d9f000 	/System/Library/PrivateFrameworks/Bom.framework/Versions/A/Bom
0x0000000000d9f000 	/System/Library/Frameworks/CoreVideo.framework/Versions/A/CoreVideo
0x0000000000d9f000 	/System/Library/Frameworks/QuartzCore.framework/Versions/A/Frameworks/CoreImage.framework/Versions/A/CoreImage
0x0000000000d9f000 	/System/Library/Frameworks/QuartzCore.framework/Versions/A/Frameworks/ScalableUserInterface.framework/Versions/A/ScalableUserInterface
0x0000000000d9f000 	/System/Library/Frameworks/OpenGL.framework/Versions/A/Libraries/libGLU.dylib
0x0000000000d9f000 	/System/Library/Frameworks/OpenGL.framework/Versions/A/Libraries/libGFXShared.dylib
0x0000000000d9f000 	/System/Library/Frameworks/OpenGL.framework/Versions/A/Libraries/libGL.dylib
0x0000000000d9f000 	/System/Library/Frameworks/OpenGL.framework/Versions/A/Libraries/libGLImage.dylib
0x0000000000d9f000 	/System/Library/Frameworks/OpenGL.framework/Versions/A/Libraries/libCVMSPluginSupport.dylib
0x0000000000d9f000 	/System/Library/Frameworks/OpenGL.framework/Versions/A/Libraries/libCoreVMClient.dylib
0x0000000000d9f000 	/System/Library/PrivateFrameworks/FaceCore.framework/Versions/A/FaceCore
0x0000000000d9f000 	/System/Library/PrivateFrameworks/CrashReporterSupport.framework/Versions/A/CrashReporterSupport
0x0000000000d9f000 	/System/Library/Frameworks/OpenCL.framework/Versions/A/OpenCL
0x0000000000d9f000 	/System/Library/PrivateFrameworks/AppleFSCompression.framework/Versions/A/AppleFSCompression
0x0000000000d9f000 	/System/Library/PrivateFrameworks/Ubiquity.framework/Versions/A/Ubiquity
0x0000000000d9f000 	/System/Library/PrivateFrameworks/IconServices.framework/Versions/A/IconServices
0x0000000000d9f000 	/System/Library/PrivateFrameworks/ChunkingLibrary.framework/Versions/A/ChunkingLibrary
0x0000000000d9f000 	/System/Library/PrivateFrameworks/CoreSymbolication.framework/Versions/A/CoreSymbolication
0x0000000000d9f000 	/System/Library/PrivateFrameworks/Symbolication.framework/Versions/A/Symbolication
0x0000000000d9f000 	/System/Library/PrivateFrameworks/DebugSymbols.framework/Versions/A/DebugSymbols
0x00000001008cc000 	/Library/Java/JavaVirtualMachines/jdk1.8.0_101.jdk/Contents/Home/jre/lib/server/libjvm.dylib
0x0000000000d9f000 	/usr/lib/libstdc++.6.dylib
0x0000000101982000 	/Library/Java/JavaVirtualMachines/jdk1.8.0_101.jdk/Contents/Home/jre/lib/libverify.dylib
0x0000000101990000 	/Library/Java/JavaVirtualMachines/jdk1.8.0_101.jdk/Contents/Home/jre/lib/libjava.dylib
0x00000001019cf000 	/Library/Java/JavaVirtualMachines/jdk1.8.0_101.jdk/Contents/Home/jre/lib/libzip.dylib
0x0000000115cfb000 	/System/Library/Frameworks/JavaVM.framework/Frameworks/JavaRuntimeSupport.framework/JavaRuntimeSupport
0x0000000115d13000 	/System/Library/Frameworks/JavaVM.framework/Versions/A/Frameworks/JavaNativeFoundation.framework/Versions/A/JavaNativeFoundation
0x00000001019ed000 	/System/Library/Frameworks/JavaVM.framework/Versions/A/JavaVM
0x0000000000d9f000 	/System/Library/Frameworks/Carbon.framework/Versions/A/Carbon
0x0000000115d28000 	/System/Library/PrivateFrameworks/JavaLaunching.framework/Versions/A/JavaLaunching
0x0000000000d9f000 	/System/Library/Frameworks/Carbon.framework/Versions/A/Frameworks/CommonPanels.framework/Versions/A/CommonPanels
0x0000000000d9f000 	/System/Library/Frameworks/Carbon.framework/Versions/A/Frameworks/Help.framework/Versions/A/Help
0x0000000000d9f000 	/System/Library/Frameworks/Carbon.framework/Versions/A/Frameworks/ImageCapture.framework/Versions/A/ImageCapture
0x0000000000d9f000 	/System/Library/Frameworks/Carbon.framework/Versions/A/Frameworks/OpenScripting.framework/Versions/A/OpenScripting
0x0000000000d9f000 	/System/Library/Frameworks/Carbon.framework/Versions/A/Frameworks/Print.framework/Versions/A/Print
0x0000000000d9f000 	/System/Library/Frameworks/Carbon.framework/Versions/A/Frameworks/SecurityHI.framework/Versions/A/SecurityHI
0x0000000116672000 	/Library/Java/JavaVirtualMachines/jdk1.8.0_101.jdk/Contents/Home/jre/lib/libnet.dylib
0x0000000116689000 	/Library/Java/JavaVirtualMachines/jdk1.8.0_101.jdk/Contents/Home/jre/lib/libnio.dylib
0x0000000116a65000 	/Library/Java/JavaVirtualMachines/jdk1.8.0_101.jdk/Contents/Home/jre/lib/libmanagement.dylib

VM Arguments:
jvm_args: -Dclassworlds.conf=/usr/local/Cellar/maven/3.3.9/libexec/bin/m2.conf -Dmaven.home=/usr/local/Cellar/maven/3.3.9/libexec -Dmaven.multiModuleProjectDirectory=/Users/Remo/Desktop/ese2016-team8/baseProject 
java_command: org.codehaus.plexus.classworlds.launcher.Launcher jetty:run
java_class_path (initial): /usr/local/Cellar/maven/3.3.9/libexec/boot/plexus-classworlds-2.5.2.jar
Launcher Type: SUN_STANDARD

Environment Variables:
JAVA_HOME=/Library/Java/JavaVirtualMachines/jdk1.8.0_101.jdk/Contents/Home
PATH=/Library/Frameworks/Python.framework/Versions/3.5/bin:/usr/bin:/bin:/usr/sbin:/sbin:/usr/local/bin:/opt/X11/bin:/usr/local/Cellar/maven/3.3.9/libexec/bin
SHELL=/bin/bash
DISPLAY=/tmp/launch-MDuMTg/org.macosforge.xquartz:0

Signal Handlers:
SIGSEGV: [libjvm.dylib+0x5af145], sa_mask[0]=11111111011111110111111111111111, sa_flags=SA_ONSTACK|SA_RESTART|SA_SIGINFO
SIGBUS: [libjvm.dylib+0x5af145], sa_mask[0]=11111111011111110111111111111111, sa_flags=SA_RESTART|SA_SIGINFO
SIGFPE: [libjvm.dylib+0x48694c], sa_mask[0]=11111111011111110111111111111111, sa_flags=SA_RESTART|SA_SIGINFO
SIGPIPE: [libjvm.dylib+0x48694c], sa_mask[0]=11111111011111110111111111111111, sa_flags=SA_RESTART|SA_SIGINFO
SIGXFSZ: [libjvm.dylib+0x48694c], sa_mask[0]=11111111011111110111111111111111, sa_flags=SA_RESTART|SA_SIGINFO
SIGILL: [libjvm.dylib+0x48694c], sa_mask[0]=11111111011111110111111111111111, sa_flags=SA_RESTART|SA_SIGINFO
SIGUSR1: SIG_DFL, sa_mask[0]=11011111011111100000000111000110, sa_flags=none
SIGUSR2: [libjvm.dylib+0x48646a], sa_mask[0]=00000000000000000000000000000000, sa_flags=SA_RESTART|SA_SIGINFO
SIGHUP: [libjvm.dylib+0x484a41], sa_mask[0]=11111111011111110111111111111111, sa_flags=SA_RESTART|SA_SIGINFO
SIGINT: [libjvm.dylib+0x484a41], sa_mask[0]=11111111011111110111111111111111, sa_flags=SA_RESTART|SA_SIGINFO
SIGTERM: [libjvm.dylib+0x484a41], sa_mask[0]=11111111011111110111111111111111, sa_flags=SA_RESTART|SA_SIGINFO
SIGQUIT: [libjvm.dylib+0x484a41], sa_mask[0]=11111111011111110111111111111111, sa_flags=SA_RESTART|SA_SIGINFO


---------------  S Y S T E M  ---------------

OS:Bsduname:Darwin 13.4.0 Darwin Kernel Version 13.4.0: Mon Jan 11 18:17:34 PST 2016; root:xnu-2422.115.15~1/RELEASE_X86_64 x86_64
rlimit: STACK 8192k, CORE 0k, NPROC 709, NOFILE 10240, AS infinity
load average:2,39 1,53 1,47

CPU:total 4 (2 cores per cpu, 2 threads per core) family 6 model 37 stepping 5, cmov, cx8, fxsr, mmx, sse, sse2, sse3, ssse3, sse4.1, sse4.2, popcnt, aes, clmul, ht, tsc, tscinvbit

Memory: 4k page, physical 4194304k(163828k free)

/proc/meminfo:


vm_info: Java HotSpot(TM) 64-Bit Server VM (25.101-b13) for bsd-amd64 JRE (1.8.0_101-b13), built on Jun 22 2016 02:42:15 by "java_re" with gcc 4.2.1 (Based on Apple Inc. build 5658) (LLVM build 2336.11.00)

time: Tue Nov 29 13:15:44 2016
elapsed time: 7 seconds (0d 0h 0m 7s)

